draft-ietf-ppp-multidatagrams-04.txt 05 103
draft-ietf-idpr-architecture-05.txt 06 104
draft-ietf-iwg-bgpapplication-00.txt 01 106
draft-ietf-iwg-bgp-00.txt 01 107
draft-ietf-iesg-wgguidelines-02.txt 02 560
draft-ietf-fddi-ipdatagrams-01.txt 02 109
draft-ietf-userdoc-bibliography-00.txt 01 110
draft-osf-shue-osiudp-00.txt 01 111
draft-ietf-snmp-mib2-04.txt 05 112
draft-ietf-ppp-options-03.txt 04 115
draft-ietf-pcc-gwcc-01.txt 02 116
draft-ietf-noctools-debugging-05.txt 06 119
draft-ietf-alertman-asyncalertman-02.txt 03 120
draft-ietf-osi-iso8473-00.txt 01 123
draft-ietf-oim-mib2-02.txt 03 125
draft-ietf-snmp-t1mib-07.txt 08 128
draft-ucl-kille-x500domains-03.txt 04 130
draft-ucl-kille-presentationaddress-03.txt 04 131
draft-ucl-kille-networkaddresses-05.txt 06 186
draft-ietf-telnet-linemodeoption-02.txt 03 133
draft-ietf-telnet-authentication-04.txt 05 134
draft-ietf-oim-cmot-00.txt 01 141
draft-ietf-snmp-clnpmib-00.txt 01 142
draft-ietf-snmp-OsiSnmp-00.txt 01 143
draft-ietf-osinsap-format-01.txt 02 144
draft-ietf-bmwg-terms-01.txt 02 145
draft-ietf-iwg-bgp-mib-02.txt 03 146
draft-ietf-smds-ipdatagrams-03.txt 04 147
draft-ietf-ospf-ospf2-01.txt 02 151
draft-zimmerman-finger-03.txt 04 152
draft-ietf-snmp-snmpoveripx-00.txt 01 154
draft-ietf-cip-st2-00.txt 01 155
draft-ietf-snmp-mibdefinitions-03.txt 04 156
draft-ietf-snmp-traps-03.txt 03 157
draft-ietf-pppext-bridgemib-03.txt 04 409
draft-ietf-snmp-interfacemibext-02.txt 02 159
draft-provan-iparcnet-01.txt 02 160
draft-ietf-snmp-tokenbusmib-01.txt 02 162
draft-ietf-snmp-tokenringmib-02.txt 03 163
draft-ietf-snmp-ethernetmib-05.txt 06 164
draft-ietf-pppext-bridging-01.txt 02 170
draft-ietf-snmp-ds3interface-04.txt 05 172
draft-ietf-snmp-smdssipmib-06.txt 07 174
draft-ietf-osids-cosinex500-05.txt 06 178
draft-ietf-osids-replsoln-03.txt 04 179
draft-ietf-charmib-rs232like-04.txt 05 181
draft-ietf-charmib-parallelprinter-02.txt 03 182
draft-ietf-charmib-charmib-02.txt 03 183
draft-ietf-osids-friendlynaming-05.txt 05 184
draft-mills-ntpv3-01.txt 02 187
draft-tsuchiya-subnetnos-00.txt 01 195
draft-ietf-osids-replication-03.txt 04 194
draft-ietf-bgp-bgp3-00.txt 01 197
draft-provan-ipxtunneling-01.txt 02 198
draft-ietf-appleip-applemib-00.txt 01 201
draft-ietf-bridge-definitions-02.txt 03 203
draft-ietf-osids-dirpilots-05.txt 06 213
draft-ietf-ucp-tt-01.txt 02 205
draft-ietf-ospf-ospfmib-04.txt 05 206
draft-ietf-idpr-specv1-02.txt 03 207
draft-ietf-osinsap-internetalloc-01.txt 02 208
draft-ietf-ahwgipso-ipso-01.txt 02 209
draft-ietf-pem-msgproc-02.txt 03 215
draft-ietf-rdisc-icmpmessage-01.txt 02 216
draft-ietf-spwg-secureop-02.txt 03 217
draft-ietf-iesg-routing-00.txt 01 219
draft-ietf-ospf-experience-00.txt 01 220
draft-ietf-ospf-analysis-00.txt 01 221
draft-ietf-snmpsec-admin-02.txt 04 222
draft-ietf-snmpsec-mib-02.txt 03 223
draft-ietf-snmpsec-protocols-02.txt 03 224
draft-ietf-kille-x_400mapping-05.txt 05 235
draft-egevang-addrtrans-02.txt 03 227
draft-ietf-snmp-commservices-00.txt 01 228
draft-ietf-dhc-bootp-02.txt 02 229
draft-ietf-bgp-experience-00.txt 01 230
draft-ietf-bgp-analysis-00.txt 01 231
draft-ietf-acct-background-01.txt 02 232
draft-ietf-ssph-handbook-00.txt 01 236
draft-ietf-pppext-decnet-03.txt 04 237
draft-ietf-decnetiv-mibextensions-02.txt 03 238
draft-ietf-cat-genericsec-04.txt 04 239
draft-ietf-iplpdn-ipoverframerelay-03.txt 04 245
draft-ietf-iplpdn-inarp-03.txt 04 246
draft-ietf-iplpdn-frmib-06.txt 06 247
draft-ietf-822ext-messagebodies-06.txt 07 248
draft-ietf-borenstein-configmech-04.txt 05 249
draft-ietf-pppext-lcp-03.txt 03 251
draft-ietf-pppext-ipcp-03.txt 03 252
draft-ietf-cat-kerberos-02.txt 03 253
draft-ietf-kille-88to84downgrade-01.txt 02 254
draft-ietf-822ext-mnemonics-04.txt 05 256
draft-ietf-822ext-charsets-04.txt 05 257
draft-ietf-pppext-appletalk-03.txt 04 258
draft-rsadsi-rivest-md5-02.txt 03 259
draft-ietf-rmon-mib-01.txt 02 260
draft-ietf-dhc-protocol-07.txt 07 262
draft-aggarwal-services-03.txt 04 263
draft-rsadsi-kaliski-md2-01.txt 02 264
draft-rsadsi-rivest-md4-01.txt 02 265
draft-ietf-cat-secservice-03.txt 03 266
draft-ietf-nisi-infrastructure-00.txt 01 272
draft-ietf-pem-keymgmt-01.txt 02 273
draft-ietf-fddimib-mib-00.txt 01 275
draft-ietf-hubmib-mib-04.txt 05 279
draft-almquist-tos-02.txt 03 284
draft-ietf-mospf-multicast-04.txt 04 287
draft-ietf-disi-catalog-01.txt 02 288
draft-ietf-pppext-osinlcp-02.txt 03 289
draft-ietf-pppext-authentication-06.txt 07 290
draft-iesg-commonigp-01.txt 02 292
draft-ietf-bgp-defaultroute-01.txt 02 293
draft-ietf-rreq-forwarding-05.txt 06 294
draft-malkin-rip-05.txt 06 295
draft-ietf-pem-algorithms-02.txt 02 296
draft-ietf-bgp-usage-01.txt 02 302
draft-ietf-x25mib-lapbmib-05.txt 06 307
draft-ietf-x25mib-ipox25mib-05.txt 05 308
draft-ietf-x25mib-x25packet-05.txt 06 309
draft-ietf-netfax-netimage-03.txt 04 311
draft-iab-standardsprocess-01.txt 02 313
draft-ietf-bgp-ospfinteract-06.txt 07 314
draft-ietf-cat-dass-02.txt 03 316
draft-nicholson-conditioning-00.txt 01 318
draft-ietf-iplpdn-x25_isdn-03.txt 04 319
draft-ietf-tcplw-tcpext-02.txt 03 320
draft-ietf-822ext-msghead-01.txt 02 321
draft-tsuchiya-encap-00.txt 01 324
draft-young-linkcontrol-00.txt 01 333
draft-ietf-telnet-envmnt-option-03.txt 04 619
draft-ietf-iab-introstandard-00.txt 01 327
draft-ietf-bgp-unirouting-00.txt 01 328
draft-ietf-disi-execdir-02.txt 03 330
draft-ietf-mpsnmp-appletalk-02.txt 03 331
draft-ietf-pppext-lqm-01.txt 02 332
draft-renwick-hippilan-02.txt 03 334
draft-ietf-osids-distnames-05.txt 05 337
draft-ietf-x400ops-mhs-service-06.txt 07 338
draft-ietf-x400ops-mapsmail-02.txt 02 339
draft-ietf-telnet-environment-03.txt 04 340
draft-ietf-telnet-remflow-cntrl-01.txt 02 341
draft-ietf-disi-techview-00.txt 01 342
draft-ietf-telnet-authker-v4-01.txt 02 343
draft-ietf-x400ops-mgtdomains-ops-06.txt 06 348
draft-ietf-opstat-model-00.txt 01 352
draft-ietf-ethermib-implexp-00.txt 01 354
draft-ietf-ethermib-objects-00.txt 01 355
draft-ietf-ripv2-mibext-03.txt 04 359
draft-ietf-mhsds-subtrees-06.txt 06 360
draft-ietf-mhsds-infotree-06.txt 07 361
draft-ietf-mhsds-supmapping-06.txt 06 362
draft-ietf-mpsnmp-overosi-03.txt 04 366
draft-fuller-supernet-00.txt 01 367
draft-ietf-ident-mib-03.txt 04 368
draft-eastlake-linksectos-01.txt 02 369
draft-ietf-mhsds-routdirectory-06.txt 06 370
draft-ietf-osids-lightdirect-03.txt 03 371
draft-ietf-idpr-summary-00.txt 01 375
draft-ietf-bgp-bgp4-10.txt 10 376
draft-ietf-osids-syntaxes-01.txt 02 377
draft-ietf-iafa-howftp-01.txt 02 670
draft-ietf-atm-classic-ip-06.txt 07 668
draft-ietf-ipatm-mtu-07.txt 08 666
draft-ietf-dns-resolver-mib-02.txt 03 663
draft-ietf-dns-server-mib-02.txt 03 662
draft-rekhter-ipaddress-guide-08.txt 08 391
draft-ietf-ident-idserver-03.txt 03 393
draft-ietf-isn-faq-02.txt 03 661
draft-ietf-pppext-ipxcp-04.txt 05 398
draft-ietf-atm-multipro-06.txt 06 399
draft-ietf-x400ops-charactersets-03.txt 03 403
draft-ietf-iplpdn-directed_arp-01.txt 01 404
draft-ietf-pppext-ipcpmib-03.txt 05 408
draft-ietf-pppext-lcpmib-03.txt 04 410
draft-ietf-pppext-secmib-03.txt 04 411
draft-ietf-mpsnmp-overipx-01.txt 02 412
draft-ietf-atommib-sonet-04.txt 04 414
draft-ietf-dhc-options-04.txt 04 415
draft-ietf-dhc-between-bootp-03.txt 03 416
draft-ietf-mimemhs-mapping-02.txt 03 417
draft-ietf-mimemhs-body-equival-03.txt 03 418
draft-ietf-nisi-privacy-nic-00.txt 01 421
draft-ietf-telnet-authspx-00.txt 01 422
draft-ietf-hubmib-objects-00.txt 01 657
draft-ietf-ethermib-objectsv2-02.txt 03 433
draft-ietf-snmpv2-intro-06.txt 06 434
draft-ietf-snmpv2-proto-06.txt 06 435
draft-ietf-snmpv2-tm-07.txt 07 436
draft-ietf-snmpv2-coex-06.txt 06 437
draft-ietf-snmpv2-tc-06.txt 06 438
draft-ietf-snmpv2-smi-06.txt 06 439
draft-ietf-snmpv2-m2m-06.txt 06 440
draft-ietf-snmpv2-mib-06.txt 06 441
draft-allen-ipx-media-00.txt 01 442
draft-ullmann-ipv7-03.txt 04 444
draft-ietf-ripv2-analysis-00.txt 01 446
draft-ietf-822ext-iso2022jp-03.txt 03 447
draft-ietf-bgp-mibv4-06.txt 06 448
draft-ietf-pem-forms-01.txt 02 449
draft-rose-extensions-07.txt 07 450
draft-ietf-tuba-clnp-05.txt 06 454
draft-moore-extension-size-05.txt 05 455
draft-ietf-fddi-ipoverfddi-00.txt 01 456
draft-ietf-idr-bgp4ospf-interact-08.txt 08 457
draft-iab-appl-statement-ospf-00.txt 01 459
draft-ietf-osids-dua-metrics-00.txt 01 461
draft-ietf-osids-dsa-metrics-01.txt 02 462
draft-ietf-userdoc2-fyi-novice-02.txt 03 463
draft-ietf-bgp-application-04.txt 04 465
draft-ietf-mimemhs-harpoon-03.txt 03 466
draft-ietf-userglos-glossary-00.txt 02 467
draft-iesg-roadplan-01.txt 02 468
draft-malkin-newcomers-guide-00.txt 01 471
draft-ietf-hostmib-resources-03.txt 03 472
draft-ietf-ids-x500-survey-02.txt 03 473
draft-ietf-ospf-nssa-option-01.txt 01 475
draft-ietf-osids-plan-directory-00.txt 01 476
draft-malkin-traceroute-01.txt 02 477
draft-ietf-bridge-objects-02.txt 02 479
draft-ietf-pip-processing-02.txt 03 489
draft-ietf-ifmib-evolution-07.txt 08 655
draft-ietf-ospf-mib-06.txt 06 496
draft-pusateri-tokenring-lan-02.txt 02 499
draft-ietf-noop-echo-02.txt 02 502
draft-ietf-noop-tools-03.txt 03 503
draft-ietf-noctool2-debug-tcpip-00.txt 01 505
draft-ietf-ospf-version2-11.txt 11 507
draft-iab-standards-processv2-02.txt 02 510
draft-ietf-wnils-whois-07.txt 07 512
draft-ietf-x400ops-postmaster-05.txt 06 513
draft-meyer-demandrouting-03.txt 04 514
draft-ietf-pem-mime-08.txt 08 520
draft-ietf-trunkmib-ds1e1mib-02.txt 03 521
draft-ietf-trunkmib-ds3e3mib-02.txt 03 522
draft-houttuin-rfc1327-tutor-04.txt 05 523
draft-ietf-snmpv2-conf-03.txt 04 524
draft-ietf-smtpext-8bit-mime-01.txt 02 525
draft-ietf-smtpext-transition-03.txt 04 526
draft-manning-dns-nsap-05.txt 06 527
draft-ietf-iplpdn-framerelay-04.txt 05 565
draft-ietf-madman-networkmib-07.txt 08 654
draft-ietf-pppext-cipx-04.txt 05 539
draft-ietf-pppext-lcpext-04.txt 05 558
draft-ietf-avt-rtp-08.txt 09 542
draft-ietf-avt-profile-06.txt 08 544
draft-ietf-frnetmib-fr-07.txt 07 651
draft-ietf-rmonmib-trmib-01.txt 01 650
draft-ietf-x400ops-dnsx400maps-05.txt 06 557
draft-ietf-appleip-mib2-02.txt 02 551
draft-ietf-snmpsec-partyv2-03.txt 03 554
draft-ietf-snmpsec-adminv2-03.txt 04 555
draft-ietf-snmpsec-secv2-03.txt 04 556
draft-ietf-iesg-mtuexperience-00.txt 01 569
draft-ullmann-rap-01.txt 02 570
draft-fuller-cidr-strategy-03.txt 04 571
draft-ietf-822ext-mime2-04.txt 05 572
draft-borenstein-mailcap2-00.txt 01 573
draft-ietf-pip-architecture-01.txt 02 576
draft-ietf-hubmib-mau-02.txt 02 581
draft-ietf-fddimib-objects-02.txt 03 583
draft-ietf-pppext-isdn-03.txt 04 585
draft-ietf-pppext-frame-relay-03.txt 04 586
draft-ietf-pppext-sonet-01.txt 02 587
draft-ietf-pppext-x25-02.txt 03 588
draft-ietf-avt-h261-03.txt 04 592
draft-chon-korean-encoding-01.txt 02 649
draft-ietf-bridge-sr-objects-03.txt 04 647
draft-ietf-822ext-mime-part2-01.txt 02 603
draft-ietf-iiir-transponders-02.txt 03 605
draft-ietf-822ext-text-enriched-02.txt 03 606
draft-nussbacher-hebrew-encoding-00.txt 01 673
draft-ietf-iplpdn-frmib-dte-10.txt 10 611
draft-ietf-rolc-nhrp-15.txt 15 612
draft-ietf-nir-status-report-03.txt 04 613
draft-ietf-security-randomness-02.txt 02 614
draft-ietf-iiir-vision-02.txt 03 615
draft-nsfnet-aggregation-00.txt 01 616
draft-ietf-iesg-cidr-01.txt 01 617
draft-rose-pop3-01.txt 02 621
draft-ietf-822ext-md5-02.txt 03 622
draft-ietf-cat-ftpsec-10.txt 10 623
draft-ietf-ospf-guidelines-frn-00.txt 01 644
draft-piscitello-ftp-bigports-02.txt 03 643
draft-ietf-tuba-sysids-03.txt 04 642
draft-ietf-uri-url-08.txt 08 640
draft-ietf-uswg-fyi-00.txt 01 631
draft-ietf-telnet-interoperability-00.txt 01 629
draft-rekhter-cidr-environment-01.txt 02 634
draft-rosenbaum-dns-storage-00.txt 01 633
draft-ietf-mospf-analysis-02.txt 03 635
draft-kzm-snmpv2-config-00.txt 01 674
draft-ietf-madman-mtamib-08.txt 09 675
draft-ietf-mhsds-long-bud-intro-02.txt 03 677
draft-ietf-tcplw-extensions-00.txt 01 682
draft-ietf-decnetiv-mibext-03.txt 03 688
draft-ietf-madman-dsa-mib-08.txt 09 690
draft-meyer-rip-analysis-02.txt 03 691
draft-ietf-pppext-hdlc-framing-02.txt 03 695
draft-ietf-dns-common-errors-02.txt 02 696
draft-ietf-wnils-whois-lookup-02.txt 03 697
draft-ietf-pppext-lcp-main-02.txt 03 698
draft-ietf-pppext-for-bridging-04.txt 05 707
draft-haller-auth-requirements-05.txt 06 709
draft-ietf-tn3270e-enhancements-04.txt 05 710
draft-ietf-tn3270e-luname-print-02.txt 03 711
draft-ietf-upsmib-05.txt 06 712
draft-ietf-snanau-snamib-04.txt 05 713
draft-cameron-tmux-03.txt 04 714
draft-ietf-thinosi-cookbook-03.txt 04 716
draft-ietf-atommib-atm-07.txt 07 717
draft-ietf-dns-config-errors-01.txt 02 719
draft-nussbacher-mime-direction-01.txt 02 723
draft-ietf-tn3270e-current-pract-04.txt 05 724
draft-gwinn-paging-protocol-00.txt 01 726
draft-ietf-osids-ipinfo-x500-dir-00.txt 01 727
draft-ietf-osids-chart-network-dir-00.txt 01 728
draft-ietf-pppext-multilink-12.txt 13 729
draft-hanks-gre-00.txt 01 731
draft-hanks-ip-gre-00.txt 01 732
draft-ietf-pppext-requirements-01.txt 02 734
draft-ietf-notary-smtp-drpt-06.txt 06 735
draft-ietf-ipatm-ipmc-12.txt 12 1017
draft-ietf-notary-mime-delivery-07.txt 07 737
draft-ietf-pppext-netbios-fcp-08.txt 08 741
draft-ietf-ripv2-protocol-01.txt 02 743
draft-rare-nap-x500naming-02.txt 03 744
draft-ietf-pppext-reliable-00.txt 01 747
draft-ietf-ids-catalog-02.txt 03 749
draft-ietf-snadlc-sdlc-mib-06.txt 06 753
draft-ietf-isn-k12-guide-01.txt 02 834
draft-faltstrom-macmime1-01.txt 02 757
draft-faltstrom-macmime2-00.txt 01 758
draft-braden-shared-media-00.txt 01 759
draft-ietf-mailext-smtp-binary-07.txt 07 761
draft-ietf-pppext-predictor-00.txt 01 798
draft-ietf-svrloc-protocol-17.txt 17 765
draft-ietf-pppext-stacker-10.txt 11 767
draft-ietf-pppext-compression-04.txt 05 769
draft-ietf-ripv2-mibext2-02.txt 03 770
draft-braden-realtime-outline-00.txt 01 771
draft-ietf-rsvp-spec-16.txt 16 773
draft-ietf-pppext-gandalf-00.txt 01 774
draft-ietf-modemmgt-mdmmib-03.txt 04 776
draft-ietf-iiir-wais-00.txt 01 779
draft-rare-nap-x500intro-01.txt 02 780
draft-ietf-osids-cldap-02.txt 02 781
draft-iab-multiprotocol-00.txt 01 782
draft-ietf-osinsap-allocation-01.txt 02 785
draft-ietf-bgp-bgp4-implement-01.txt 02 792
draft-rare-imm-netaccess-00.txt 01 796
draft-ietf-ripv2-protocol-analysis-01.txt 02 797
draft-ietf-edi-mime-02.txt 02 799
draft-ietf-mailext-lang-tag-02.txt 02 800
draft-rose-pop3-again-03.txt 04 803
draft-ietf-rreq-iprouters-require-01.txt 01 804
draft-ietf-pppext-bsd-compress-05.txt 06 805
draft-ietf-ipatm-framework-doc-07.txt 07 806
draft-ietf-ipngwg-sec-00.txt 01 809
draft-ietf-rmonmib-rmonmib-03.txt 03 814
draft-ietf-ifmib-sipmib-01.txt 02 817
draft-ietf-imap-imap4-07.txt 07 818
draft-ietf-rdbmsmib-mib-05.txt 06 821
draft-goldsmith-mime-unicode-00.txt 01 822
draft-goldsmith-mime-utf7-03.txt 04 823
draft-ietf-hubmib-etherif-MIB-07.txt 07 824
draft-ietf-uswg-fyi4-00.txt 02 826
draft-ietf-ospf-cidr-route-mib-06.txt 06 827
draft-ietf-dnssec-secext-10.txt 10 833
draft-ietf-charmib-mib-02.txt 03 835
draft-ietf-charmib-ppl-mib-02.txt 03 836
draft-ietf-charmib-rs232-mib-03.txt 04 837
draft-ietf-ipfc-fabric-element-mib-07.txt 07 839
draft-ietf-oncrpc-rpcv2-01.txt 02 841
draft-ietf-oncrpc-xdr-01.txt 02 842
draft-ietf-cat-kerb5gss-07.txt 08 843
draft-ietf-tuba-host-clnp-multicas-01.txt 02 845
draft-anil-incremental-checksum-02.txt 03 846
draft-bernerslee-www-uri-00.txt 01 847
draft-ietf-pppext-hdlc-fs-02.txt 03 849
draft-ietf-pppext-lcp-fs-02.txt 03 850
draft-rare-msg-ornames-00.txt 01 853
draft-ietf-avt-cellb-08.txt 09 864
draft-bound-ipng-bsdhost-implement-00.txt 01 866
draft-carpenter-ipng-whitepaper-00.txt 01 867
draft-iab-sec-arch-workshop-00.txt 01 869
draft-ietf-catnip-common-arch-00.txt 01 870
draft-ietf-uri-urn-req-01.txt 01 871
draft-ietf-sipp-whitepaper-00.txt 01 872
draft-clark-ipng-multipro-interop-00.txt 01 877
draft-fleischman-ipng-corp-view-00.txt 01 878
draft-britton-ipng-req-corp-netwrk-00.txt 01 879
draft-heagerty-ipng-input-00.txt 01 880
draft-ietf-mobileip-protocol-17.txt 18 881
draft-ietf-pppext-magnalink-01.txt 02 883
draft-vecchi-ipng-tvcable-viewpt-00.txt 01 885
draft-kastenholz-ipng-criteria-02.txt 03 886
draft-bellovin-ipng-addr-per-host-00.txt 01 887
draft-bellovin-ipng-sec-concerns-00.txt 01 891
draft-brazdziunas-ipng-atm-00.txt 01 892
draft-symington-ipng-model-00.txt 01 899
draft-curran-ipng-viability-00.txt 01 901
draft-ietf-nasreq-radius-02.txt 02 903
draft-ietf-dns-lb-00.txt 01 906
draft-ietf-smtpext-extensions-05.txt 05 908
draft-ietf-smtpext-size-old-01.txt 02 910
draft-ietf-ifmib-ethmib-smiv1-00.txt 01 912
draft-ietf-ifmib-ethmib-smiv2-00.txt 01 913
draft-ietf-wnils-whois-arch-03.txt 03 914
draft-ietf-ipatm-sig-02.txt 02 915
draft-adamson-ipng-radio-req-00.txt 01 916
draft-brownlee-ipng-acct-req-00.txt 01 918
draft-katz-router-alert-04.txt 04 920
draft-taylor-ipng-cdpd-viewpt-00.txt 01 921
draft-green-ipng-navy-hpn-00.txt 01 923
draft-skelton-ipng-epri-00.txt 01 924
draft-mcgovern-ipng-catnip-wpaper-00.txt 01 926
draft-ietf-ospf-demand-02.txt 02 930
draft-umig-mime-voice-04.txt 04 931
draft-estrin-ipng-unified-routing-00.txt 01 933
draft-ietf-822ext-mime-imb-07.txt 07 940
draft-ietf-rolc-nbma-arp-00.txt 01 942
draft-ietf-oncrpc-auth-06.txt 07 943
draft-ietf-oncrpc-bind-00.txt 01 944
draft-ietf-pem-sigenc-03.txt 03 945
draft-ietf-imap-auth-02.txt 02 947
draft-ietf-printmib-printer-mib-04.txt 04 948
draft-ietf-uri-irl-fun-req-03.txt 03 954
draft-myers-pop3-auth-01.txt 02 955
draft-ietf-imap-compat-00.txt 01 956
draft-ietf-rtfm-acct-meter-mib-01.txt 01 959
draft-ietf-cat-spkmgss-06.txt 07 962
draft-kessler-primer-01.txt 02 963
draft-ietf-ifmib-tokenringmib-01.txt 01 965
draft-ietf-ripv2-protocol-applic-01.txt 02 966
draft-ietf-pppext-sdtp-00.txt 01 967
draft-ietf-nimrod-routing-arch-01.txt 02 970
draft-ietf-mailext-smtp-521-04.txt 04 972
draft-simpson-ipng-mobility-00.txt 01 973
draft-ietf-idmr-igmp-mib-14.txt 15 976
draft-ietf-idmr-multicast-routmib-14.txt 15 977
draft-ietf-idmr-pim-mib-11.txt 12 978
draft-ietf-snanau-appcmib-06.txt 07 979
draft-chiappa-ipng-nimrod-arch-00.txt 01 985
draft-ietf-pppext-vines-02.txt 02 987
draft-ietf-wnils-whois-mesh-03.txt 03 994
draft-ietf-notary-mime-report-06.txt 06 995
draft-dorner-content-header-02.txt 02 996
draft-ietf-imap-model-00.txt 01 999
draft-ietf-ipngwg-unicst-addr-allo-01.txt 02 1001
draft-ietf-idr-autosys-guide-04.txt 04 1006
draft-mcdonald-readable-keys-01.txt 01 1007
draft-ietf-mailext-pipeline-03.txt 03 1008
draft-ietf-mailext-checkp-02.txt 02 1009
draft-renwick-hippiip-02.txt 03 1011
draft-ietf-iiir-z3950-00.txt 01 1012
draft-ietf-uri-relative-url-06.txt 06 1015
draft-ietf-tftpexts-option-ext-03.txt 03 1021
draft-ietf-tftpexts-blksize-opt-02.txt 02 1022
draft-ietf-ifmib-ssr-mib-02.txt 02 1023
draft-ietf-idmr-cbt-spec-10.txt 10 1024
draft-ipng-recommendation-01.txt 01 1026
draft-harney-gkmp-arch-01.txt 02 1027
draft-harney-gkmp-spec-01.txt 02 1028
draft-ietf-ipngwg-dns-00.txt 01 1032
draft-ietf-ipngwg-bsd-api-07.txt 07 1035
draft-ietf-st2-spec-04.txt 04 1038
draft-ietf-isn-expectations-00.txt 01 1040
draft-ietf-asid-schema-02.txt 02 1043
draft-ietf-ipngwg-ipv6-spec-02.txt 02 1044
draft-pouffary-tcp-01.txt 02 1046
draft-ietf-opstat-client-server-03.txt 03 1047
draft-ietf-aft-socks-protocol-v5-06.txt 06 1049
draft-ietf-idmr-msec-02.txt 03 1050
draft-ietf-trainmat-catalogue-06.txt 07 1051
draft-ietf-snmpv2-intro-ds-07.txt 07 1058
draft-ietf-snmpv2-conf-ds-06.txt 06 1059
draft-ietf-snmpv2-tc-ds-07.txt 07 1060
draft-ietf-snmpv2-smi-ds-05.txt 05 1061
draft-ietf-snmpv2-proto-ds-06.txt 06 1065
draft-ietf-snmpv2-tm-ds-05.txt 05 1066
draft-ietf-snmpv2-coex-ds-04.txt 04 1068
draft-ietf-snmpv2-ip-ds-03.txt 03 1069
draft-ietf-snmpv2-tcp-ds-03.txt 03 1070
draft-ietf-snmpv2-udp-ds-03.txt 03 1071
draft-ietf-snmpv2-mib-ds-06.txt 06 1072
draft-ietf-pppext-xnscp-00.txt 01 1073
draft-ietf-asid-x500-url-03.txt 03 1074
draft-ietf-asid-user-friendly-dir-00.txt 01 1075
draft-ietf-asid-dist-names-00.txt 01 1076
draft-ietf-ripv2-md5-04.txt 04 1077
draft-ietf-html-fileupload-03.txt 03 1078
draft-ietf-asid-lightdirect-00.txt 01 1080
draft-ietf-asid-syntaxes-00.txt 01 1081
draft-ietf-bmwg-methodology-03.txt 03 1082
draft-ietf-dhc-dhcp-09.txt 09 1084
draft-ietf-cat-gssv2-08.txt 08 1085
draft-malkin-unarp-01.txt 01 1087
draft-ietf-pppext-encryption-04.txt 05 1088
draft-ietf-ngtrans-trans-mech-02.txt 02 1091
draft-ietf-ngtrans-routing-aspects-03.txt 03 1093
draft-davis-dns-loc-02.txt 02 1095
draft-ietf-ipngwg-unicast-addr-fmt-04.txt 04 1096
draft-ietf-pppext-lzs-dcp-01.txt 02 1098
draft-ietf-pppext-dce-compress-00.txt 01 1100
draft-ietf-ids-x500-pds-directory-00.txt 01 1101
draft-ietf-dnsind-ixfr-07.txt 07 1102
draft-ietf-uri-url-irp-05.txt 05 1103
draft-ietf-idr-bgp4-experience-00.txt 01 1104
draft-ietf-idr-bgp4-analysis-00.txt 01 1105
draft-ietf-cat-idup-gss-11.txt 11 1107
draft-ietf-html-spec-06.txt 06 1110
draft-ietf-avt-jpeg-03.txt 04 1111
draft-ietf-ospf-overflow-01.txt 01 1112
draft-ietf-rreq-cidr-03.txt 03 1117
draft-ietf-dnsind-notify-08.txt 08 1118
draft-ietf-wts-shttp-06.txt 07 1120
draft-ietf-tftpexts-options-01.txt 01 1122
draft-ietf-bgp-app-00.txt 01 1123
draft-atkins-pgpformat-01.txt 02 1124
draft-touch-md5-performance-00.txt 01 1126
draft-ietf-tftpexts-analysis-00.txt 01 1127
draft-iab-rfc-not-std-00.txt 01 1129
draft-ietf-notary-status-04.txt 04 1131
draft-ietf-ipngwg-icmp-02.txt 03 1132
draft-ietf-ipsec-esp-des-cbc-04.txt 04 1133
draft-ietf-ipsec-ah-md5-03.txt 04 1136
draft-ietf-pppext-dncp-00.txt 01 1143
draft-ietf-mailext-mime-check-01.txt 03 1144
draft-metzger-esp-3des-cbc-01.txt 01 1150
draft-ietf-mimesgml-related-04.txt 04 1152
draft-seidman-clientsideimagemap-02.txt 03 1156
draft-ietf-addrconf-ipv6-auto-07.txt 08 1159
draft-ietf-dnsind-dynDNS-11.txt 11 1160
draft-ietf-nimrod-mobility-02.txt 02 1163
draft-ietf-nimrod-multicast-02.txt 02 1164
draft-simpson-photuris-18.txt 19 1165
draft-simpson-icmp-domain-name-01.txt 03 1172
draft-ietf-opstat-oper-model-01.txt 01 1175
draft-ietf-mailext-mail-attributes-07.txt 07 1176
draft-ietf-ion-nhrp-appl-02.txt 02 1178
draft-rfced-info-katsube-00.txt 01 1179
draft-iab-routing-multi-provider-00.txt 01 1181
draft-ietf-cat-gssv2-cbind-09.txt 10 1182
draft-ietf-http-v10-spec-05.txt 05 1183
draft-ietf-ipngwg-addr-arch-03.txt 03 1184
draft-iab-iesg-ipv6-address-alloc-00.txt 01 1185
draft-ietf-http-digest-aa-05.txt 05 1186
draft-haskin-bgp-idrp-mesh-routing-01.txt 01 1187
draft-rubin-lid-sip-00.txt 01 1188
draft-ietf-asid-ldap-format-03.txt 04 1189
draft-ietf-aft-username-password-02.txt 02 1198
draft-ietf-ipsec-isakmp-10.txt 10 1200
draft-daigle-ura-02.txt 02 1201
draft-ietf-aft-gssapi-02.txt 03 1208
draft-ietf-ipsec-auth-02.txt 02 1209
draft-ietf-ipsec-arch-02.txt 02 1210
draft-ietf-ipsec-esp-01.txt 01 1211
draft-ietf-intserv-svc-template-03.txt 03 1217
draft-ietf-intserv-guaranteed-svc-08.txt 08 1221
draft-ietf-sdr-packet-spec-01.txt 02 1222
draft-murphy-ospf-signature-03.txt 03 1223
draft-ietf-rip-ripng-04.txt 04 1225
draft-ietf-mmusic-sdp-07.txt 07 1226
draft-gulbrandsen-dns-rr-srvcs-03.txt 03 1228
draft-ietf-pppext-eap-auth-03.txt 03 1229
draft-ietf-wts-requirements-01.txt 02 1233
draft-ietf-idr-communities-00.txt 01 1234
draft-ietf-rsvp-md5-08.txt 09 1236
draft-ietf-smtpext-size-02.txt 02 1237
draft-ietf-mailext-acc-url-01.txt 02 1238
draft-ietf-822ext-mime-imt-05.txt 05 1239
draft-ietf-822ext-mime-conf-06.txt 06 1240
draft-ietf-edi-faq-00.txt 01 1242
draft-ietf-ion-bcast-06.txt 06 1245
draft-myers-smtp-auth-12.txt 13 1247
draft-ietf-822ext-mime-reg-04.txt 04 1261
draft-ietf-cidrd-addr-ownership-07.txt 08 1263
draft-myers-pop-pop3-07.txt 07 1264
draft-ietf-run-netiquette-guide-02.txt 02 1265
draft-ietf-cidrd-appeal-03.txt 04 1267
draft-ietf-dnsind-classless-inaddr-04.txt 04 1268
draft-ietf-cidrd-classa-01.txt 02 1269
draft-ietf-pppext-des-encrypt-01.txt 02 1272
draft-ietf-mimesgml-access-cid-00.txt 01 1275
draft-ietf-dhc-options-1533update-06.txt 06 1276
draft-ietf-rmonmib-rmonmib-v2-03.txt 03 1278
draft-haller-otp-05.txt 05 1281
draft-ietf-ipngwg-discovery-06.txt 07 1283
draft-ietf-entmib-entmib-07.txt 07 1284
draft-howes-ldap-app-00.txt 01 1288
draft-kille-mixer-rfc1327bis-05.txt 05 1289
draft-ietf-isdnmib-snmp-isdn-mib-08.txt 08 1291
draft-ietf-idmr-cbt-arch-06.txt 06 1298
draft-postel-bcp-00.txt 01 1300
draft-gellens-telnet-char-option-04.txt 04 1307
draft-ietf-vgmib-interfaces-mib-06.txt 07 1308
draft-ietf-vgmib-repeater-dev-04.txt 05 1309
draft-gwinn-paging-protocol-v3-00.txt 01 1322
draft-dewinter-queue-start-02.txt 03 1323
draft-ietf-cat-snego-09.txt 09 1324
draft-ietf-mixer-bodymap-07.txt 07 1325
draft-ietf-atommib-atm2TC-09.txt 10 1330
draft-eastlake-cybercash-v08-01.txt 01 1332
draft-ietf-avt-mpeg-02.txt 03 1333
draft-ietf-mobileip-ip4inip4-03.txt 04 1338
draft-ietf-mobileip-minenc-02.txt 03 1339
draft-ietf-cidrd-private-addr-05.txt 06 1342
draft-ietf-html-tables-06.txt 06 1343
draft-ietf-ssh-handbook-05.txt 05 1350
draft-ietf-radius-accounting-05.txt 05 1354
draft-ietf-radius-radius-05.txt 05 1355
draft-ietf-ipngwg-ethernet-ntwrks-02.txt 03 1375
draft-ietf-asid-mime-direct-08.txt 08 1359
draft-postel-variance-01.txt 02 1361
draft-ietf-html-i18n-05.txt 05 1376
draft-iab-renum-03.txt 03 1377
draft-ietf-ipngwg-fddi-ntwrks-04.txt 04 1378
draft-zhu-apng-cc-encoding-v2-02.txt 02 1381
draft-ietf-ipngwg-nsap-ipv6-01.txt 02 1384
draft-ietf-idmr-igmp-v2-08.txt 08 1386
draft-ietf-rip-trigger-rip-02.txt 02 1387
draft-ietf-ipngwg-test-addr-alloc-00.txt 01 1389
draft-ietf-ion-ipatm-classic2-03.txt 04 1390
draft-myers-auth-sasl-13.txt 13 1391
draft-ietf-idmr-pim-sm-spec-10.txt 10 1393
draft-ietf-poised95-std-proc-3-06.txt 07 1394
draft-ietf-poised95-nomcom-05.txt 05 1395
draft-ietf-grip-framework-irt-08.txt 08 1401
draft-ietf-rolc-apr-04.txt 04 1403
draft-uninett-pca-policy-01.txt 01 1404
draft-elkins-pem-pgp-04.txt 05 1405
draft-ietf-ids-jennings-01.txt 01 1407
draft-ietf-pppext-deflate-00.txt 01 1408
draft-rfced-info-varilength-table-00.txt 01 1410
draft-rfced-info-ip-frag-sec-00.txt 01 1411
draft-rfced-info-snpp-v3-00.txt 01 1412
draft-ietf-receipt-mdn-08.txt 08 1417
draft-ietf-isdnmib-dial-control-05.txt 05 1419
draft-iab-iii-report-00.txt 01 1420
draft-ietf-dlswmib-mib-09.txt 10 1422
draft-ietf-rip-trigger-analysis-02.txt 02 1424
draft-ietf-mimesgml-types-00.txt 01 1425
draft-iab-principles-02.txt 02 1429
draft-nelson-model-mail-ext-05.txt 05 1430
draft-ietf-trunkmib-ds1-mib-09.txt 10 1433
draft-ietf-trunkmib-ds3-mib-09.txt 09 1434
draft-rfced-info-pummill-00.txt 01 1436
draft-rfced-info-cobb-00.txt 01 1437
draft-rfced-info-bellovin-00.txt 01 1439
draft-pouffary-itot-04.txt 04 1440
draft-ietf-ipngwg-pmtuv6-03.txt 04 1445
draft-hubbard-registry-guidelines-05.txt 05 1450
draft-ietf-intserv-charac-03.txt 03 1452
draft-manning-classa-exp-02.txt 02 1457
draft-ietf-rmonmib-rmonprot-03.txt 03 1458
draft-ietf-madman-mail-monitor-mib-06.txt 06 1459
draft-ietf-madman-nsm-mib-07.txt 07 1460
draft-ietf-rip-ripas-00.txt 01 1461
draft-ietf-ids-iwps-schema-spec-07.txt 07 1462
draft-ietf-mixer-images-01.txt 01 1463
draft-ietf-poised95-ietf-orgs-03.txt 03 1464
draft-ietf-mixer-fax-01.txt 01 1465
draft-ietf-mixer-oda-01.txt 01 1469
draft-ietf-isn-4-schools-01.txt 01 1474
draft-ietf-rsvp-mib-10.txt 12 1475
draft-ietf-intserv-mib-10.txt 12 1476
draft-simpson-icmp-ipsec-fail-02.txt 03 1483
draft-ietf-ion-mib-07.txt 07 1486
draft-resnick-text-enriched-03.txt 03 1487
draft-ietf-pppext-chap-ds-00.txt 01 1490
draft-ietf-pppext-lqm-ds-00.txt 01 1491
draft-ietf-ipngwg-ipv6-tunnel-08.txt 08 1493
draft-ietf-http-v11-spec-07.txt 07 1498
draft-ietf-intserv-ctrl-load-svc-05.txt 05 1504
draft-ietf-madman-dsa-mib-1-10.txt 11 1508
draft-ietf-hubmib-mau-mib-05.txt 05 1510
draft-ietf-hubmib-repeater-dev-03.txt 04 1511
draft-ietf-ids-ph-05.txt 05 1512
draft-kastenholz-ppp-variance-00.txt 01 1513
draft-ietf-ospf-ospfv6-08.txt 09 1515
draft-ietf-ospf-opaque-06.txt 06 1516
draft-myers-lmtp-00.txt 01 1517
draft-myers-imap-quota-01.txt 01 1520
draft-myers-imap-acl-03.txt 03 1521
draft-ietf-mobileip-appl-02.txt 03 1522
draft-ietf-pier-solicitation-00.txt 01 1523
draft-ietf-asid-string-filter-01.txt 01 1528
draft-ietf-ipngwg-pppext-ipv6cp-03.txt 04 1535
draft-ietf-pppext-bacp-06.txt 06 1540
draft-ietf-mixer-postscript-01.txt 01 1541
draft-ietf-poised95-isoc-03.txt 03 1544
draft-berger-rsvp-ext-08.txt 09 1545
draft-ietf-ids-x500-imps-05.txt 05 1549
draft-ietf-ids-root-naming-01.txt 02 1550
draft-ietf-idr-community-usage-00.txt 01 1553
draft-rfced-info-almesberger-00.txt 01 1555
draft-rfced-info-dujonc-00.txt 01 1556
draft-rfced-info-chatel-00.txt 01 1557
draft-rfced-info-barr-00.txt 01 1558
draft-ietf-pppext-snacp-01.txt 02 1559
draft-ietf-tcplw-sack-02.txt 03 1560
draft-rfced-exp-mccloghrie-00.txt 01 1561
draft-rfced-exp-waters-00.txt 01 1562
draft-rfced-info-smith-00.txt 01 1563
draft-rfced-info-sun-00.txt 01 1565
draft-ietf-idr-route-reflect-02.txt 03 1568
draft-ietf-ifmib-mib-06.txt 06 1569
draft-ietf-applmib-sysapplmib-09.txt 09 1570
draft-valencia-l2f-00.txt 01 1573
draft-deutsch-zlib-spec-04.txt 04 1574
draft-deutsch-deflate-spec-04.txt 04 1575
draft-deutsch-gzip-spec-04.txt 04 1576
draft-ietf-dhc-new-options-05.txt 06 1578
draft-crispin-imap-base-07.txt 07 1579
draft-ietf-trunkmib-ds0-mib-08.txt 09 1580
draft-ietf-dnsind-serial-03.txt 03 1581
draft-masinter-url-data-03.txt 03 1584
draft-ietf-wts-shtml-05.txt 06 1591
draft-ietf-rtfm-acct-arch-report-01.txt 01 1592
draft-degermark-ipv6-hc-08.txt 09 1596
draft-ietf-ipsec-oakley-02.txt 02 1601
draft-ietf-dnsind-2ndry-06.txt 07 1602
draft-ietf-dnsind-clarify-08.txt 09 1603
draft-ietf-userglos-glossary2-01.txt 02 1607
draft-stevens-tcpca-spec-01.txt 01 1612
draft-rfced-info-flowman-00.txt 01 1620
draft-rfced-info-flowlabel-00.txt 01 1621
draft-ietf-ion-scsp-05.txt 05 1622
draft-ietf-ion-marsmcs-02.txt 02 1626
draft-ietf-pkix-ipki-part1-11.txt 12 1627
draft-ietf-dnssec-update-04.txt 04 1630
draft-ietf-dnssec-ddi-06.txt 07 1632
draft-klensin-cram-03.txt 03 1637
draft-boutell-png-spec-05.txt 05 1639
draft-ietf-http-negotiation-06.txt 06 1645
draft-ietf-http-state-mgmt-05.txt 07 1646
draft-mavrakis-vemmi-url-spec-04.txt 04 1649
draft-ietf-rsvp-diagnostic-msgs-08.txt 09 1650
draft-ietf-ion-sig-uni4.0-05.txt 05 1651
draft-ietf-atommib-acct-06.txt 07 1653
draft-ietf-asid-ldapv3-attributes-08.txt 08 1656
draft-ietf-asid-ldapv3-protocol-09.txt 10 1659
draft-ietf-drums-abnf-05.txt 05 1664
draft-freed-smtperror-01.txt 02 1666
draft-ietf-snanau-appnmib-04.txt 04 1667
draft-crispin-imap-compat-00.txt 01 1669
draft-crispin-imap-obsolete-00.txt 01 1670
draft-rfced-info-jackowski-00.txt 01 1671
draft-rfced-info-spinellis-01.txt 01 1673
draft-rfced-info-touch-00.txt 01 1674
draft-rfced-info-quarterman-00.txt 01 1675
draft-baldwin-rc5-00.txt 01 1678
draft-yergeau-utf8-01.txt 01 1682
draft-ietf-idr-bgp-confed-00.txt 01 1683
draft-ietf-ipsec-hmac-md5-01.txt 01 1684
draft-ietf-atommib-atm1ng-06.txt 07 1695
draft-ietf-atommib-perfhistTC-05.txt 06 1696
draft-ietf-atommib-sonetng-05.txt 06 1697
draft-manning-dnssvr-criteria-04.txt 05 1701
draft-manning-bgpattrib-type-00.txt 01 1705
draft-simpson-photuris-schemes-05.txt 06 1709
draft-ietf-mobileip-mib-00.txt 01 1710
draft-ietf-pier-rr-03.txt 03 1715
draft-bradner-access-control-02.txt 02 1716
draft-ietf-mhtml-spec-06.txt 06 1717
draft-freed-charset-reg-04.txt 04 1718
draft-ietf-ion-ipv6-02.txt 03 1719
draft-ietf-ipsec-ah-hmac-md5-04.txt 04 1721
draft-malkin-tftpexts-blksize-opt-03.txt 03 1723
draft-simpson-ah-sha-kdp-00.txt 01 1724
draft-ietf-ids-ds-bcp-04.txt 05 1731
draft-ietf-rtfm-acct-experiences-01.txt 01 1733
draft-ietf-mhtml-related-01.txt 01 1734
draft-rfced-exp-polites-00.txt 01 1739
draft-rfced-exp-navas-00.txt 01 1740
draft-rfced-info-hamzeh-00.txt 01 1741
draft-ietf-asid-mime-vcard-08.txt 08 1743
draft-armitage-ion-mars-nbma-02.txt 02 1750
draft-mcanally-netmgt-frmwk-rights-00.txt 01 1751
draft-ietf-ids-dnsnames-03.txt 03 1752
draft-ietf-822ext-mime-hdrs-00.txt 01 1755
draft-kalbfleisch-www-track-mibs-00.txt 01 1760
draft-rfced-info-newman-00.txt 01 1763
draft-ietf-hubmib-etherif-mib-07.txt 08 1764
draft-ietf-pier-renum-ovrvw-02.txt 02 1771
draft-ietf-ipsec-arch-sec-07.txt 07 1774
draft-ietf-ipsec-auth-header-07.txt 07 1775
draft-gellens-submit-13.txt 13 1783
draft-ietf-acap-spec-07.txt 07 1784
draft-weinrib-irtf-guidelines-00.txt 01 1785
draft-touch-tcp-interdep-01.txt 01 1786
draft-ietf-ipsec-isakmp-oakley-08.txt 08 1802
draft-ema-vpim-08.txt 08 1803
draft-ietf-pppext-vendor-01.txt 01 1804
draft-ietf-issll-isslow-06.txt 07 1807
draft-ietf-ids-snqp-02.txt 02 1809
draft-ietf-pppext-pptp-10.txt 11 1815
draft-ietf-pkix-ipki3cmp-09.txt 10 1818
draft-ietf-issll-atm-mapping-07.txt 07 1821
draft-ietf-avt-rtp-redundancy-01.txt 01 1822
draft-ietf-ipngwg-ipv6router-alert-06.txt 07 1825
draft-ietf-rsvp-tunnel-04.txt 05 1827
draft-ietf-roamops-roamreq-10.txt 11 1828
draft-ietf-urn-naptr-05.txt 05 1829
draft-ietf-agentx-ext-pro-04.txt 04 1831
draft-ietf-asid-ldapv3-dynamic-08.txt 09 1833
draft-ietf-ion-nhrp-mib-09.txt 10 1840
draft-freed-smtp-pipeline-02.txt 02 1841
draft-myers-imap-literal-01.txt 01 1847
draft-myers-imap-optimize-03.txt 03 1848
draft-ietf-issll-is802-sbm-10.txt 11 1850
draft-ietf-ion-fr-update-06.txt 06 1851
draft-ietf-intserv-guaranteed-mib-04.txt 06 1852
draft-armitage-ion-cluster-size-01.txt 01 1857
draft-palme-int-print-04.txt 04 1859
draft-armitage-ion-venus-03.txt 03 1866
draft-ietf-oncrpc-rpcsec_gss-05.txt 05 1867
draft-ietf-pppext-mppc-00.txt 01 1868
draft-ietf-asid-ldapv3-dn-04.txt 04 1878
draft-ietf-asid-ldap-domains-02.txt 02 1879
draft-ietf-rip-ripng-applic-00.txt 01 1880
draft-ietf-atommib-atmacct-03.txt 04 1882
draft-borman-jumbograms-01.txt 01 1885
draft-civanlar-bmpeg-03.txt 03 1887
draft-bradner-key-words-03.txt 03 1890
draft-ietf-mhtml-cid-04.txt 04 1891
draft-ietf-intserv-rsvp-use-02.txt 02 1892
draft-ietf-stdguide-ops-07.txt 07 1894
draft-ietf-bmwg-lanswitch-07.txt 07 1896
draft-rfced-info-mills-00.txt 01 1901
draft-ietf-dhc-slp-07.txt 08 1903
draft-rfced-info-callaghan2-00.txt 01 1905
draft-rfced-info-noble-00.txt 01 1907
draft-rfced-info-callaghan1-00.txt 01 1910
draft-emberson-tftp-multicast-opt-01.txt 01 1911
draft-klensin-tld-whois-03.txt 03 1912
draft-ietf-roamops-imprev-04.txt 04 1913
draft-ietf-ripv2-protocol-v2-06.txt 06 1915
draft-iab-ip-ad-today-01.txt 01 1916
draft-rfced-exp-partridge-00.txt 02 1917
draft-rfced-info-wijnen-00.txt 01 1918
draft-rfced-info-rekhter-00.txt 01 1926
draft-ietf-pppext-l2tp-16.txt 17 1927
draft-suzuki-st2-over-atm-03.txt 03 1930
draft-ietf-issll-isslow-mcml-06.txt 07 1934
draft-ietf-otp-ext-05.txt 05 1936
draft-ietf-issll-is802-framework-07.txt 07 1937
draft-ietf-ids-inp-03.txt 03 1943
draft-ferguson-ingress-filtering-03.txt 03 1950
draft-souvatzis-ipv6-arcnet-05.txt 06 1951
draft-callaghan-url-nfs-01.txt 01 1954
draft-newman-url-imap-10.txt 10 1955
draft-rfced-info-chiang-01.txt 01 1960
draft-rfced-info-edd-00.txt 01 1965
draft-ietf-ftpext-ftp-over-ipv6-03.txt 03 1968
draft-holtman-http-safe-03.txt 03 1970
draft-freed-pvcsc-04.txt 04 1971
draft-ietf-ipngwg-multicast-assgn-05.txt 05 1972
draft-goldsmith-utf7-02.txt 03 1973
draft-stevens-advanced-api-04.txt 04 1976
draft-ietf-rmonmib-smon-07.txt 08 1979
draft-ietf-http-hit-metering-04.txt 04 1984
draft-ietf-urn-syntax-04.txt 06 1988
draft-ietf-conneg-feature-reg-03.txt 04 1990
draft-ietf-ion-transition-04.txt 04 1994
draft-ietf-mboned-admin-ip-space-06.txt 06 1998
draft-wessels-icp-v2-03.txt 03 2000
draft-lyon-itp-nodes-08.txt 08 2002
draft-ietf-rsvp-procrules-00.txt 01 2003
draft-ietf-tls-kerb-cipher-suites-04.txt 05 2008
draft-ietf-roamops-nai-12.txt 13 2010
draft-ietf-ldapext-lang-01.txt 02 2011
draft-weider-iab-char-wrkshop-01.txt 01 2012
draft-thaler-multicast-interop-03.txt 04 2013
draft-ietf-dhc-userclass-10.txt 11 2016
draft-provan-dhcp-options-dir-serv-02.txt 02 2017
draft-ietf-ipsec-ipsec-doi-10.txt 10 2032
draft-ietf-ion-inarp-update-03.txt 03 2034
draft-ietf-ipngwg-6over4-02.txt 03 2035
draft-mcdonald-pf-key-v2-06.txt 06 2037
draft-ietf-radius-tunnel-imp-05.txt 08 2040
draft-ietf-snanau-hprmib-02.txt 02 2042
draft-ietf-snanau-dlurmib-02.txt 02 2043
draft-ietf-ssh-users-10.txt 11 2045
draft-ietf-ftpext-intl-ftp-06.txt 07 2047
draft-ietf-urn-http-conv-01.txt 01 2049
draft-ietf-ipp-req-03.txt 04 2050
draft-ietf-svrloc-service-scheme-14.txt 15 2053
draft-ietf-frnetmib-frs-mib-12.txt 13 2059
draft-ietf-frnetmib-atmiwf-06.txt 07 2061
draft-ietf-disman-script-mib-08.txt 09 2064
draft-ietf-urn-req-frame-04.txt 04 2066
draft-ietf-ion-mars-mib-06.txt 06 2068
draft-ietf-ids-dirnaming-04.txt 04 2069
draft-ietf-rtfm-new-traffic-flow-10.txt 11 2072
draft-ietf-svrloc-api-09.txt 10 2073
draft-ietf-rmonmib-rmonprot-mac-02.txt 03 2076
draft-ietf-vrrp-spec-06.txt 06 2080
draft-ietf-applmib-mib-11.txt 12 2082
draft-ietf-rps-rpsl-04.txt 04 2084
draft-smith-ldap-inetorgperson-04.txt 04 2085
draft-ietf-applmib-wwwmib-11.txt 12 2086
draft-ietf-radius-tunnel-auth-09.txt 09 2087
draft-ietf-lsma-limitations-04.txt 05 2095
draft-ietf-mmusic-rtsp-09.txt 09 2096
draft-pullen-ipv4-rsvp-04.txt 05 2099
draft-mankin-reliable-multicast-03.txt 03 2102
draft-ietf-ospf-stdreport-04.txt 04 2113
draft-ietf-find-cip-tagged-07.txt 08 2114
draft-ietf-ippm-framework-03.txt 03 2115
draft-ietf-ippm-delay-07.txt 08 2116
draft-ietf-avt-crtp-05.txt 06 2117
draft-ietf-tls-protocol-06.txt 07 2120
draft-good-ldap-ldif-06.txt 06 2122
draft-ietf-bmwg-mcast-06.txt 09 2126
draft-ietf-mmusic-sip-12.txt 13 2135
draft-ietf-ftpext-sec-consider-02.txt 03 2144
draft-clark-telnet-control-05.txt 05 2145
draft-ietf-harts-guide-03.txt 03 2146
draft-ietf-ipngwg-ipv6-over-ppp-06.txt 06 2148
draft-hoffman-mailto-url-06.txt 06 2160
draft-ietf-dnsind-ncache-10.txt 10 2164
draft-crocker-stdaddr-02.txt 03 2167
draft-ietf-radius-ext-07.txt 07 2174
draft-ema-vpim-dur-03.txt 03 2175
draft-ema-vpim-32kadpcm-03.txt 03 2176
draft-ema-vpim-vmsg-03.txt 03 2177
draft-ietf-http-versions-01.txt 01 2180
draft-rfced-info-banan-esro-00.txt 01 2188
draft-ietf-otp-02.txt 02 2189
draft-rfced-info-maruyama-02.txt 02 2190
draft-ietf-mixer-mail11-00.txt 01 2192
draft-ietf-mixer-rfc1664bis-01.txt 01 2193
draft-rfced-info-nagami-00.txt 01 2194
draft-ietf-mobileip-tunnel-reverse-06.txt 06 2195
draft-ietf-calsch-ical-12.txt 12 2198
draft-ietf-ipngwg-ipv6-mib-04.txt 04 2200
draft-ietf-ipngwg-ipv6-icmp-mib-02.txt 02 2201
draft-ietf-idr-aggregation-framework-04.txt 05 2203
draft-maruyama-mapos-sonet-02.txt 02 2205
draft-ietf-fax-tiff-09.txt 09 2207
draft-ietf-http-rvsa-v10-03.txt 03 2208
draft-kunze-dc-03.txt 03 2219
draft-ietf-pppext-ipcp-mip-03.txt 03 2220
draft-moore-mime-cdisp-02.txt 02 2222
draft-rfced-info-amsden-00.txt 01 2226
draft-ietf-ion-intralis-multicast-02.txt 02 2228
draft-ietf-mixer-directory-03.txt 03 2229
draft-ietf-asid-ldapv3-simplepaged-03.txt 04 2233
draft-ietf-webdav-requirements-03.txt 03 2240
draft-leiba-imap-idle-02.txt 02 2251
draft-rfced-exp-elliston-00.txt 01 2253
draft-rfced-info-bryant-01.txt 01 2258
draft-ietf-rtfm-meter-mib-11.txt 12 2259
draft-ietf-find-cip-soif-02.txt 03 2262
draft-rfced-info-bates-multihoming-01.txt 02 2266
draft-ietf-spki-cert-req-03.txt 04 2268
draft-ietf-run-spew-08.txt 09 2269
draft-ietf-fax-tiffplus-08.txt 08 2270
draft-ietf-http-state-man-mec-12.txt 13 2272
draft-masinter-form-data-05.txt 05 2274
draft-ietf-pkix-ipki2opp-08.txt 09 2275
draft-showalter-imap-id-04.txt 05 2287
draft-ietf-ipngwg-trans-fddi-net-05.txt 05 2293
draft-ietf-ipngwg-trans-ethernet-04.txt 04 2294
draft-hoffman-smtp-ssl-10.txt 11 2298
draft-ietf-poisson-wg-guide-04.txt 04 2300
draft-bradner-isoc-incorp-00.txt 01 2301
draft-cheng-hmac-test-cases-00.txt 01 2302
draft-ietf-ippm-loss-07.txt 08 2303
draft-bradner-isoc-by-laws-00.txt 01 2306
draft-baer-listspec-02.txt 02 2307
draft-gahrns-imap-practice-02.txt 02 2308
draft-ietf-issll-atm-imp-guide-05.txt 05 2314
draft-ietf-qosr-framework-06.txt 06 2317
draft-dusse-smime-msg-07.txt 07 2318
draft-dusse-smime-cert-06.txt 06 2319
draft-irtf-e2e-queue-mgt-01.txt 01 2320
draft-ietf-avt-rtp-mib-13.txt 14 2324
draft-guerin-qos-routing-ospf-05.txt 06 2326
draft-ietf-pkix-ipki-part4-03.txt 04 2327
draft-ietf-pppext-aal5-06.txt 06 2329
draft-ietf-asid-ldapv3-url-04.txt 04 2334
draft-ietf-asid-ldapv3-filter-03.txt 03 2335
draft-ietf-roamops-auth-10.txt 11 2340
draft-ietf-rps-appl-rpsl-06.txt 07 2349
draft-ietf-tcpimpl-prob-05.txt 06 2350
draft-ietf-issll-isslow-rtf-05.txt 06 2356
draft-ietf-ipp-model-11.txt 12 2360
draft-ietf-asid-ldapv3schema-x500-04.txt 04 2371
draft-ietf-urn-nid-req-08.txt 09 2372
draft-ietf-rsvp-intsrv-analysis-01.txt 01 2373
draft-ietf-ipngwg-router-renum-10.txt 11 2381
draft-ietf-urn-resolution-services-07.txt 08 2392
draft-ietf-ion-scsp-nhrp-05.txt 05 2397
draft-yergeau-utf8-rev-01.txt 01 2398
draft-howard-nis-schema-04.txt 04 2399
draft-ietf-dnssec-secext2-07.txt 08 2609
draft-rfced-info-gwinn-01.txt 01 2405
draft-ietf-urn-biblio-02.txt 02 2416
draft-wessels-icp-v2-appl-03.txt 03 2418
draft-ietf-disman-event-mib-10.txt 11 2421
draft-ietf-disman-express-mib-12.txt 13 2422
draft-ietf-disman-notif-log-mib-17.txt 18 2424
draft-ietf-calsch-locating-03.txt 04 2427
draft-rfced-info-kessler-00.txt 01 2428
draft-rfced-info-adams-00.txt 01 2429
draft-rfced-info-murakami-02.txt 02 2430
draft-rfced-info-ken-02.txt 02 2431
draft-rfced-info-mitsuru-02.txt 02 2432
draft-ietf-snmpv3-next-gen-arch-07.txt 07 2437
draft-ietf-ipvbi-nabts-05.txt 06 2438
draft-ietf-printmib-job-monitor-08.txt 09 2439
draft-ietf-avt-mpeg-new-02.txt 02 2440
draft-rfced-info-williamson-00.txt 01 2441
draft-engan-ip-compress-02.txt 03 2443
draft-gahrns-imap-namespace-07.txt 07 2447
draft-rfced-info-murakami2-00.txt 01 2453
draft-ietf-calsch-imip-08.txt 08 2456
draft-hoffman-pkcs-rsa-encrypt-03.txt 03 2460
draft-hoffman-pkcs-crypt-msg-03.txt 03 2461
draft-hoffman-pkcs-certif-req-03.txt 03 2462
draft-ietf-snmpv3-v3mpc-model-07.txt 07 2465
draft-ietf-issll-isslow-svcmap-08.txt 09 2466
draft-ietf-urn-ietf-09.txt 10 2470
draft-ietf-agentx-mib-05.txt 06 2475
draft-ietf-ipngwg-unicast-aggr-05.txt 05 2480
draft-ietf-ipngwg-addr-arch-v2-07.txt 07 2481
draft-gahrns-imap-login-referrals-03.txt 03 2484
draft-gahrns-imap-mailbox-referral-00.txt 01 2485
draft-ietf-find-soif-registry-00.txt 01 2490
draft-ietf-ipngwg-testv2-addralloc-01.txt 01 2491
draft-ietf-tn3270e-ver2-enhance-01.txt 01 2493
draft-ietf-tn3270e-tn3270-mib-10.txt 11 2495
draft-ietf-dnssec-dhk-03.txt 04 2496
draft-ietf-ldapext-ldapv3-tls-06.txt 06 2499
draft-li-hsrp-01.txt 01 2504
draft-ietf-ipngwg-ipv6-tcp-mib-02.txt 02 2505
draft-ietf-ipngwg-ipv6-udp-mib-02.txt 02 2506
draft-ietf-find-cip-trans-01.txt 02 2507
draft-zigmond-tv-url-04.txt 04 2508
draft-ietf-ftpext-feat-03.txt 03 2509
draft-ietf-find-cip-mime-03.txt 04 2510
draft-ietf-find-cip-arch-02.txt 03 2511
draft-ietf-ipngwg-trans-tokenring-05.txt 05 2522
draft-ietf-snmpv3-acm-05.txt 05 2524
draft-ietf-acap-anon-01.txt 02 2525
draft-rivest-rc2desc-01.txt 01 2530
draft-alvestrand-charset-policy-02.txt 02 2531
draft-ietf-ipsec-doc-roadmap-02.txt 02 2536
draft-ietf-ipsec-auth-hmac-sha196-03.txt 03 2537
draft-ietf-ipsec-auth-hmac-md5-96-03.txt 03 2538
draft-ietf-ipsec-ciph-des-expiv-02.txt 02 2539
draft-ietf-mhtml-rev-07.txt 08 2545
draft-evans-tip-functions-03.txt 03 2547
draft-ietf-fax-tiff-reg-06.txt 06 2548
draft-ietf-ipcdn-cable-device-mib-08.txt 09 2552
draft-ietf-ipcdn-rf-interface-mib-07.txt 08 2553
draft-rfced-info-atkinson-01.txt 01 2556
draft-wallner-key-arch-01.txt 02 2559
draft-ietf-issll-atm-imp-req-04.txt 04 2560
draft-rfced-info-nash-01.txt 01 2561
draft-rfced-info-faith-02.txt 02 2564
draft-ietf-dnsind-test-tlds-13.txt 14 2568
draft-ietf-pppext-des-encrypt-v2-03.txt 03 2569
draft-ietf-ipp-lpd-ipp-map-05.txt 06 2570
draft-ietf-snmpv3-usm-04.txt 04 2573
draft-ietf-tcpimpl-tools-04.txt 04 2574
draft-ietf-ipp-protocol-07.txt 08 2576
draft-ietf-ipngwg-tla-assignment-05.txt 05 2579
draft-ietf-ippcp-protocol-06.txt 06 2581
draft-ietf-ipp-rat-04.txt 05 2582
draft-ietf-webdav-protocol-10.txt 11 2585
draft-ietf-pppext-3des-encrypt-01.txt 01 2587
draft-ietf-snmpv3-appl-05.txt 05 2588
draft-ietf-poisson-nomcom-04.txt 04 2591
draft-ietf-cat-ftpkeasj-01.txt 02 2593
draft-ietf-ipsec-esp-v2-06.txt 06 2595
draft-ietf-ion-discov-atmarp-05.txt 06 2596
draft-ietf-ion-discov-mars-05.txt 06 2597
draft-ietf-calsch-itip-07.txt 07 2598
draft-ietf-dhc-netware-options-01.txt 01 2603
draft-carlson-nhrp-03.txt 04 2607
draft-ietf-issll-atm-framework-04.txt 04 2611
draft-ietf-mhtml-cid-v2-00.txt 01 2616
draft-ietf-ion-scsp-mars-02.txt 02 2620
draft-ietf-iesg-tftp-00.txt 01 378
draft-slaski-ftpftam-02.txt 03 175
draft-ietf-ip1394-ipv4-19.txt 20 2629
draft-ietf-pppext-funi-06.txt 06 2630
draft-ietf-ipngwg-discovery-v2-03.txt 03 2633
draft-ietf-ipngwg-addrconf-v2-02.txt 02 2634
draft-ietf-ipngwg-ipv6-spec-v2-02.txt 02 2635
draft-tynan-rtp-bt656-03.txt 03 2639
draft-ietf-lsma-requirements-04.txt 05 2640
draft-ietf-idr-as-dedicated-00.txt 01 2642
draft-shepard-tcp-4-packets-3-buff-02.txt 02 2650
draft-ietf-svrloc-template-conversion-08.txt 09 2652
draft-ietf-ippcp-lzs-04.txt 04 2659
draft-ietf-pkix-ipki-kea-02.txt 03 2666
draft-ietf-tn3270e-rt-mib-07.txt 08 2789
draft-widjaja-mpls-vc-merge-01.txt 02 2675
draft-ietf-ptopomib-mib-05.txt 06 2679
draft-ietf-ngtrans-siit-08.txt 09 2683
draft-floyd-incr-init-win-03.txt 03 2685
draft-ietf-2000-issue-06.txt 07 2688
draft-ietf-ifmib-tunnel-mib-06.txt 07 2692
draft-ietf-issll-is802-svc-mapping-04.txt 04 2695
draft-ietf-avt-fec-08.txt 09 2700
draft-ietf-bmwg-secperf-08.txt 09 2701
draft-ietf-ion-discov-nhrp-05.txt 06 2702
draft-ietf-avt-info-repair-03.txt 03 2705
draft-ietf-radius-acc-clientmib-05.txt 06 2715
draft-ietf-radius-acc-servmib-05.txt 06 2716
draft-ietf-radius-auth-clientmib-05.txt 06 2717
draft-ietf-radius-auth-servmib-05.txt 06 2718
draft-rfced-info-tamaru-02.txt 02 2720
draft-antti-telephony-url-12.txt 12 2725
draft-newman-tls-imappop-09.txt 10 2728
draft-rfced-info-hobbes-01.txt 01 2731
draft-ietf-mixer-subtrees-00.txt 01 2734
draft-ietf-mixer-infotree-00.txt 01 2735
draft-ietf-snanau-ebnmib-02.txt 02 2737
draft-kapp-test-cases-00.txt 01 2738
draft-ietf-mhtml-rel-v2-00.txt 01 2742
draft-leiba-imap-implement-guide-10.txt 11 2744
draft-ietf-idr-bgp4-multiprotocol-02.txt 02 2745
draft-ietf-dnssec-dss-03.txt 04 2749
draft-mogul-pps-api-06.txt 06 2753
draft-ietf-idmr-pim-sm-specv2-00.txt 01 2755
draft-wu-srp-auth-03.txt 04 2757
draft-ietf-dnssec-certs-04.txt 05 2759
draft-ietf-manet-issues-02.txt 03 2768
draft-rfced-info-guenther-00.txt 01 2769
draft-wu-telnet-auth-srp-05.txt 06 2770
draft-ietf-fax-fulladdr-06.txt 06 2771
draft-ietf-cat-rfc2078bis-08.txt 09 2779
draft-ietf-rtfm-architecture-08.txt 09 2781
draft-ietf-pkix-opp-ftp-http-04.txt 05 2783
draft-ietf-ipsec-ciph-cbc-04.txt 04 2790
draft-ietf-tcpsat-stand-mech-06.txt 07 2794
draft-iesg-iana-considerations-06.txt 06 2798
draft-ietf-nntpext-imp-04.txt 05 2807
draft-ietf-ion-ipv6-atm-03.txt 04 2808
draft-ietf-pppext-eaptls-06.txt 07 2812
draft-ietf-http-v11-spec-rev-06.txt 07 2818
draft-ietf-ldapext-acl-reqts-03.txt 03 2819
draft-ietf-pkix-ocsp-08.txt 09 2828
draft-ietf-ipngwg-icmp-v2-02.txt 02 2833
draft-ietf-urlreg-guide-05.txt 06 2834
draft-iesg-odell-mibtest-02.txt 02 2838
draft-ietf-ospf-atm-04.txt 04 2843
draft-ietf-smime-cms-13.txt 14 2844
draft-freed-pvcsc-new-00.txt 01 2845
draft-ietf-smime-ess-12.txt 13 2848
draft-ietf-find-cip-ldapv2-02.txt 03 2851
draft-ietf-svrloc-protocol-v2-15.txt 16 2853
draft-gellens-on-demand-07.txt 08 2854
draft-ietf-idr-route-damp-04.txt 04 2855
draft-freed-gatesec-03.txt 04 2857
draft-ietf-ospf-vers2-03.txt 03 2858
draft-narten-canonical-ordering-00.txt 01 2859
draft-fielding-uri-syntax-04.txt 04 2864
draft-ietf-idr-bgp4-ipv6-01.txt 02 2867
draft-ietf-ldapext-authmeth-04.txt 05 2877
draft-lindberg-anti-spam-mta-08.txt 09 2886
draft-alvestrand-audio-l16-01.txt 02 2891
draft-ietf-pppext-mmp-discovery-02.txt 03 2894
draft-ietf-avt-rtp-h263-video-02.txt 02 2904
draft-srisuresh-lsnat-03.txt 03 2906
draft-ietf-openpgp-formats-08.txt 08 2913
draft-kksjf-ecn-03.txt 04 2916
draft-rfced-info-vaughan-00.txt 01 2920
draft-ietf-ipsec-auth-hmac-ripemd-160-96-04.txt 04 2923
draft-ietf-fax-service-05.txt 05 2931
draft-ietf-ipngwg-bsd-api-new-06.txt 07 2934
draft-ietf-ion-proxypar-arch-02.txt 02 2944
draft-ietf-conneg-media-features-05.txt 06 2948
draft-ietf-ngtrans-mech-06.txt 07 2951
draft-ietf-smime-msg-08.txt 09 2954
draft-ietf-smime-cert-08.txt 09 2955
draft-ietf-ngtrans-6bone-routing-01.txt 02 2958
draft-iab-secwks-report-00.txt 01 2959
draft-ietf-ion-ipv6-fr-02.txt 03 2961
draft-ietf-avt-jpeg-new-02.txt 02 2971
draft-ietf-ippm-connectivity-04.txt 05 2977
draft-ietf-rap-framework-03.txt 04 2985
draft-ietf-malloc-masc-06.txt 07 2991
draft-ietf-http-authentication-03.txt 04 2995
draft-ietf-spki-cert-theory-05.txt 06 3000
draft-ietf-tcpsat-res-issues-12.txt 13 3010
draft-ietf-radius-tunnel-acct-05.txt 05 3026
draft-ietf-ippcp-deflate-03.txt 03 3046
draft-ietf-idr-bgp-tcp-md5-01.txt 01 3047
draft-ietf-fax-goals-04.txt 05 3050
draft-ietf-fax-minaddrgen-02.txt 02 3051
draft-ietf-fax-minaddrfax-01.txt 01 3052
draft-ietf-vrrp-mib-09.txt 09 3054
draft-freed-bsmtp-02.txt 02 3055
draft-nichols-diff-svc-arch-02.txt 03 3057
draft-ohta-misty1desc-02.txt 03 3062
draft-ietf-mboned-mzap-06.txt 07 3063
draft-ietf-malloc-arch-05.txt 06 3065
draft-ietf-ngtrans-natpt-07.txt 08 3066
draft-rfced-info-koi8-u-03.txt 03 3069
draft-ietf-avt-rtp-format-guidelines-04.txt 05 3070
draft-ietf-conneg-requirements-02.txt 03 3071
draft-ietf-disman-schedule-mib-06.txt 07 3079
draft-fleischman-codec-subtree-02.txt 02 3086
draft-ietf-schema-ldap-01.txt 02 3087
draft-li-paste-01.txt 01 3094
draft-thaler-multipath-05.txt 06 3096
draft-ietf-printmib-job-protomap-04.txt 05 3107
draft-ietf-rap-cops-08.txt 09 3108
draft-ietf-dnssec-rsa-01.txt 02 3111
draft-ietf-snmpv3-usm-v2-05.txt 06 3112
draft-ietf-otp-sasl-02.txt 03 3113
draft-ietf-tls-https-04.txt 04 3117
draft-malkin-tftpexts-option-ext-00.txt 01 3118
draft-malkin-tftpexts-options-01.txt 01 3119
draft-tso-telnet-encryption-04.txt 05 3127
draft-tso-telnet-auth-enc-05.txt 06 3128
draft-tso-telnet-krb5-04.txt 05 3129
draft-tso-telnet-enc-des-cfb-04.txt 05 3130
draft-tso-telnet-enc-des-ofb-04.txt 05 3131
draft-gellens-pop-url-02.txt 02 3134
draft-rfced-info-ipsilon-gsmp2-00.txt 01 3143
draft-housley-telnet-auth-dsa-05.txt 06 3144
draft-gellens-pop3ext-09.txt 09 3148
draft-whistler-plane14-00.txt 01 3153
draft-rfced-info-dudley-02.txt 02 3155
draft-ietf-dnsind-binary-labels-05.txt 06 3165
draft-lie-text-css-00.txt 01 3166
draft-ietf-pkix-crmf-01.txt 02 3167
draft-ietf-tn3270e-tn5250e-05.txt 06 3170
draft-ietf-tcpimpl-poduri-02.txt 02 3172
draft-ietf-ipfc-fibre-channel-06.txt 07 3174
draft-ietf-dnssec-secops-02.txt 03 3177
draft-ietf-snanau-appnmib-v2-02.txt 02 3181
draft-ietf-mboned-mcast-firewall-02.txt 03 3194
draft-vixie-htcp-proto-05.txt 06 3195
draft-ietf-rps-auth-04.txt 05 3197
draft-ietf-pint-pre-implement-03.txt 03 3199
draft-rfced-info-matip-00.txt 01 3200
draft-ietf-dnsind-dname-03.txt 04 3202
draft-ietf-ipngwg-mld-02.txt 03 3203
draft-ietf-rtfm-ruleset-language-07.txt 08 3212
draft-housley-telnet-auth-keasj-05.txt 06 3213
draft-isoc-sun-nfs-agreement-00.txt 01 3214
draft-ietf-ldapext-sorting-03.txt 04 3217
draft-ietf-pppext-mschap-00.txt 01 3218
draft-ietf-urlreg-procedures-08.txt 09 3238
draft-rfced-info-vns-01.txt 01 3245
draft-ietf-pkix-cmc-05.txt 06 3246
draft-iab-nat-implications-09.txt 10 3254
draft-ietf-malloc-api-07.txt 08 3256
draft-ietf-ipsec-ciph-null-01.txt 01 3259
draft-ietf-rap-rsvp-ext-06.txt 07 3260
draft-ietf-fax-eifax-12.txt 13 3262
draft-frystyk-http-extensions-03.txt 04 3264
draft-ietf-adslmib-adsllinemib-09.txt 10 3266
draft-ietf-pkix-ldapv2-schema-02.txt 03 3273
draft-ietf-pppext-lcp-charset-07.txt 08 3275
draft-ietf-bridge-bridgemib-06.txt 07 3280
draft-daigle-wppresp-02.txt 03 3284
draft-daigle-wppquery-02.txt 03 3285
draft-ietf-ipngwg-dns-lookups-08.txt 09 3293
draft-pittet-hippiarp-05.txt 05 3301
draft-nilsson-audio-mpeg-03.txt 04 3311
draft-mckay-qcelp-03.txt 04 3314
draft-ietf-ion-nhrp-mobile-nhc-01.txt 02 3318
draft-ietf-nfsv4-nfssec-01.txt 02 3327
draft-rfced-info-moats-03.txt 04 3328
draft-ietf-disman-remops-mib-08.txt 09 3333
draft-ietf-mpls-traffic-eng-01.txt 02 3341
draft-whitehead-mime-xml-05.txt 05 3349
draft-ietf-ldapext-sigops-04.txt 05 3362
draft-ietf-ip1394-dhcp-04.txt 04 3363
draft-ietf-diffserv-header-04.txt 04 3364
draft-ryan-java-schema-02.txt 03 3366
draft-ietf-hubmib-mau-mib-v2-04.txt 05 3367
draft-ietf-snanau-appntrapmib-03.txt 03 3369
draft-ietf-diffserv-arch-02.txt 02 3381
draft-ietf-smime-x942-07.txt 08 3387
draft-ietf-idr-bgp4-multiprotocol-v2-05.txt 05 3392
draft-ietf-snmpv3-intro-04.txt 05 3419
draft-ietf-nat-terminology-03.txt 04 3428
draft-ietf-iptel-gwloc-framework-06.txt 06 3429
draft-ietf-ifmib-invstackmib-03.txt 03 3443
draft-ietf-ifmib-ifmib2-03.txt 03 3447
draft-ietf-nat-dns-alg-04.txt 05 3450
draft-ietf-snanau-hpripmib-02.txt 03 3452
draft-civanlar-hplp-01.txt 01 3457
draft-ietf-dhc-autoconfig-04.txt 05 3472
draft-ietf-snmpv3-vacm-04.txt 05 3475
draft-ietf-diffserv-af-06.txt 07 3476
draft-ietf-fax-reporting-extensions-05.txt 06 3478
draft-ietf-madman-netsm-mib-07.txt 07 3487
draft-ietf-hubmib-etherif-mib-v2-04.txt 05 3498
draft-ietf-snmpv3-arch-05.txt 06 3500
draft-ietf-entmib-v2-06.txt 07 3502
draft-kaliski-pkcs-pkcs1v2-02.txt 02 3511
draft-newman-deliver-03.txt 03 3515
draft-ietf-tcpimpl-cong-control-05.txt 06 3517
draft-ietf-snmpv3-appl-v2-03.txt 04 3531
draft-gellens-format-06.txt 07 3532
draft-carrel-info-pppoe-02.txt 03 3534
draft-columbia-kermit-service-03.txt 03 3541
draft-altman-telnet-kermit-server-03.txt 03 3542
draft-ietf-rps-dbsec-pgp-authent-02.txt 03 3549
draft-ietf-bmwg-mswitch-04.txt 05 3564
draft-ietf-snmpv3-coex-08.txt 08 3565
draft-ops-smiv2-smi-01.txt 02 3566
draft-ops-smiv2-tc-01.txt 02 3567
draft-ops-smiv2-conf-01.txt 02 3568
draft-ietf-diffserv-phb-ef-02.txt 03 3570
draft-ietf-cat-gssv2-javabind-05.txt 05 3571
draft-ietf-ipngwg-resv-anycast-02.txt 03 3574
draft-ietf-avt-rtpsample-06.txt 07 3577
draft-ietf-snmpv3-mpc-05.txt 06 3589
draft-ietf-dhc-options-uap-02.txt 03 3595
draft-white-slapm-mib-07.txt 07 3602
draft-ietf-dnsind-edns0-02.txt 03 3605
draft-ietf-dnsind-rfc2052bis-05.txt 06 3606
draft-needleman-mime-ill-02.txt 03 3614
draft-ietf-rtfm-applicability-statement-04.txt 05 3621
draft-ietf-trade-iotp-v1.0-protocol-07.txt 08 3637
draft-ietf-conneg-feature-syntax-04.txt 05 3650
draft-ietf-fax-feature-schema-05.txt 06 3651
draft-ietf-fax-feature-T30-mapping-03.txt 04 3652
draft-ietf-rps-dist-06.txt 07 3655
draft-gleeson-vpn-framework-03.txt 04 3658
draft-leach-digest-sasl-05.txt 05 3660
draft-eastlake-selection-04.txt 05 3666
draft-ietf-pppext-mschap-v2-04.txt 05 3667
draft-itu-isoc-00.txt 01 3673
draft-ietf-radius-ms-vsa-01.txt 02 3682
draft-ietf-rap-cops-rsvp-05.txt 06 3685
draft-rfced-info-blinov-01.txt 02 3689
draft-ietf-uswg-fyi4-bis-01.txt 02 3692
draft-ietf-ion-multiprotocol-atm-04.txt 05 3694
draft-rfced-info-banan-01.txt 02 3699
draft-ietf-pppext-sdl-06.txt 06 3709
draft-ietf-trade-iotp-http-07.txt 08 3712
draft-ietf-tcpimpl-newreno-02.txt 03 3717
draft-rosen-vpn-mpls-01.txt 02 3719
draft-ietf-nat-security-02.txt 03 3727
draft-hoffman-utf16-05.txt 05 3729
draft-ietf-madman-email-mib-06.txt 06 3738
draft-freed-smtp-pipe-01.txt 02 3739
draft-ietf-rmonmib-rmonprot-ref-01.txt 02 3741
draft-ietf-mmusic-sap-v2-06.txt 07 3750
draft-ietf-ipngwg-iana-tla-03.txt 04 3752
draft-ietf-urn-naptr-rr-04.txt 05 3767
draft-ietf-tls-http-upgrade-05.txt 06 3769
draft-iab-rtrws-over-03.txt 04 3783
draft-ietf-rps-rpsl-v2-03.txt 04 3793
draft-ietf-ipp-implementers-guide-01.txt 02 3795
draft-ietf-mobileip-challenge-13.txt 14 3808
draft-montenegro-pilc-ltn-03.txt 04 3810
draft-ietf-rap-signaled-priority-04.txt 05 3811
draft-ietf-sigtran-framework-arch-03.txt 04 3813
draft-ietf-rap-rsvp-identity-05.txt 06 3832
draft-ietf-ippm-rt-delay-01.txt 02 3833
draft-ietf-isis-dyname-03.txt 04 3836
draft-iesg-http-cookies-03.txt 04 3838
draft-blaze-ietf-trustmgt-keynote-02.txt 03 3842
draft-ietf-nat-snmp-alg-05.txt 06 3850
draft-pittet-gsnlan-04.txt 04 3854
draft-ietf-idr-route-reflect-v2-03.txt 04 3858
draft-stjohns-snmpv3-dhkeychange-mib-02.txt 02 3870
draft-rfced-info-cabletron-vlan-00.txt 01 3871
draft-wenzel-nsrc-03.txt 04 3877
draft-rfced-info-cabletron-hello-00.txt 01 3878
draft-rfced-info-cabletron-vls-01.txt 02 3879
draft-bradner-1240.his-01.txt 02 3880
draft-ietf-malloc-madcap-07.txt 08 3882
draft-ietf-tcpimpl-pmtud-04.txt 05 3885
draft-hopps-ecmp-algo-analysis-04.txt 05 3886
draft-senie-directed-broadcast-03.txt 04 3894
draft-nystrom-securid-sasl-02.txt 03 3896
draft-ietf-trade-hiroshi-dom-hash-03.txt 04 3904
draft-ietf-megaco-reqs-10.txt 10 3908
draft-ietf-hubmib-ether-chipsets-02.txt 03 3913
draft-ietf-pppext-pppoversonet-update-04.txt 05 3925
draft-ietf-conneg-content-features-03.txt 04 3938
draft-mrose-writing-rfcs-02.txt 03 3944
draft-ietf-conneg-feature-type-03.txt 04 3945
draft-ietf-ipp-protocol-v11-06.txt 07 3959
draft-ietf-ipp-model-v11-07.txt 08 3960
draft-ietf-conneg-feature-hash-05.txt 06 3962
draft-ietf-dhc-subnet-option-07.txt 08 3964
draft-ietf-mobileip-mn-nai-07.txt 07 3971
draft-ietf-roamops-phonebook-xml-05.txt 06 3974
draft-gellens-otasp-acap-01.txt 02 3986
draft-ietf-ion-vpn-id-02.txt 03 4000
draft-adams-cast-256-00.txt 01 4003
draft-ietf-malloc-madcap-nest-opt-05.txt 06 4008
draft-ietf-isis-domain-wide-03.txt 04 4014
draft-ietf-ipngwg-jumbograms-01.txt 02 4029
draft-ietf-pkix-dhpop-03.txt 04 4033
draft-ietf-trade-iotp-v1.0-dsig-05.txt 06 4042
draft-ietf-cat-lipkey-03.txt 03 4069
draft-ietf-radius-radius-v2-06.txt 06 4078
draft-ietf-radius-accounting-v2-05.txt 05 4079
draft-ietf-grip-isp-expectations-06.txt 07 4084
draft-carpenter-transparency-05.txt 06 4086
draft-kunze-dchtml-02.txt 03 4093
draft-schoenw-smx-00.txt 01 4108
draft-ietf-megaco-protocol-08.txt 09 4111
draft-ietf-smime-small-subgroup-03.txt 03 4112
draft-chiu-network-wnfs-sec-nego-01.txt 02 4114
draft-heinanen-diffserv-srtcm-01.txt 02 4116
draft-heinanen-diffserv-trtcm-01.txt 02 4117
draft-ietf-nfsv4-designconsider-03.txt 04 4119
draft-ietf-ion-nhrp-vpn-03.txt 04 4125
draft-ietf-smime-cmskea-05.txt 06 4132
draft-ietf-issll-diffserv-rsvp-05.txt 06 4145
draft-yu-routing-scaling-04.txt 05 4155
draft-ietf-impp-model-03.txt 04 4169
draft-smyslov-crypto-api-00.txt 01 4165
draft-ryan-corba-schema-02.txt 03 4173
draft-hoffman-char-lang-media-04.txt 05 4176
draft-ietf-conneg-feature-syntax-er-00.txt 01 4180
draft-ietf-poisson-listaup-02.txt 03 4186
draft-ietf-poisson-mou-pso-00.txt 01 4199
draft-ietf-trade-mime-detector-03.txt 04 4201
draft-aiken-middleware-reqndef-02.txt 03 4210
draft-ietf-impp-reqts-04.txt 05 4214
draft-ietf-ipngwg-url-literal-04.txt 05 4216
draft-kaliski-pkcs5-v2-04.txt 05 4233
draft-ietf-dnsop-root-opreq-05.txt 05 4252
draft-ietf-poisson-nomcom-v2-01.txt 02 4255
draft-ietf-rap-cops-client-mib-03.txt 04 4262
draft-eastlake-ecom-fields-01.txt 01 4267
draft-tsiang-srp-02.txt 03 4274
draft-ietf-nasreq-nasmodel-02.txt 03 4278
draft-ietf-rmt-design-space-01.txt 02 4295
draft-ietf-dhc-nsso-05.txt 06 4298
draft-bonaventure-diffserv-rashaper-04.txt 05 4301
draft-ietf-ngtrans-harden-04.txt 05 4304
draft-ietf-xmldsig-requirements-03.txt 04 4317
draft-ietf-poisson-pso-mou-01.txt 02 4323
draft-kalt-irc-arch-00.txt 01 4335
draft-kalt-irc-chan-01.txt 01 4336
draft-kalt-irc-client-03.txt 03 4337
draft-kalt-irc-server-02.txt 02 4338
draft-ietf-agentx-rfc-update-03.txt 04 4350
draft-huitema-megaco-mgcp-v1-03.txt 04 4371
draft-daigle-tisdag-02.txt 03 4386
draft-ietf-intserv-compress-02.txt 03 4387
draft-ietf-pint-protocol-04.txt 04 4437
draft-ietf-nasreq-ext-radiuspract-03.txt 04 4440
draft-iab-firewall-req-02.txt 03 4446
draft-eklof-dag-experiences-04.txt 05 4447
draft-ietf-iptel-cpl-framework-02.txt 02 4453
draft-ietf-avt-tones-07.txt 07 4460
draft-ietf-nfsv4-07.txt 08 4462
draft-daigle-arch-ids-05.txt 06 4476
draft-altman-telnet-enc-des3-ofb-01.txt 02 4479
draft-altman-telnet-enc-des3-cfb-01.txt 02 4480
draft-ietf-rmonmib-rmonfull-02.txt 02 4484
draft-bradner-iana-allocation-05.txt 05 4504
draft-ietf-ngtrans-bis-00.txt 01 4513
draft-ops-endpoint-mib-08.txt 08 4521
draft-ietf-issll-dclass-01.txt 02 4525
draft-ops-hostmib-01.txt 01 4527
draft-shirey-security-glossary-02.txt 02 4529
draft-altman-telnet-enc-cast128-cfb-00.txt 01 4538
draft-altman-telnet-enc-cast128-ofb-00.txt 01 4539
draft-iab-ntwlyrws-over-03.txt 04 4552
draft-ietf-rps-iana-02.txt 03 4553
draft-kzm-hcdata-types-05.txt 05 4566
draft-srisuresh-secure-ra-02.txt 03 4577
draft-floyd-sack-00.txt 01 4579
draft-ietf-avt-rtp-text-05.txt 05 4580
draft-ietf-smime-cast-128-02.txt 03 4589
draft-ietf-bmwg-atm-term-00.txt 01 4594
draft-ietf-issll-nullservice-00.txt 01 4613
draft-connolly-text-html-02.txt 02 4623
draft-ietf-sigtran-sctp-13.txt 14 4626
draft-ietf-fax-feature-schema-v2-01.txt 02 4630
draft-iab-rfc1601bis-04.txt 04 4632
draft-ietf-pppext-bcp-04.txt 05 4641
draft-ietf-diffserv-phbid-00.txt 01 4648
draft-paxson-tcp-rto-01.txt 02 4650
draft-ietf-avt-pointer-02.txt 02 4659
draft-ietf-cnrp-goals-01.txt 02 4679
draft-ietf-mboned-glop-addressing-02.txt 03 4693
draft-ietf-mobileip-aaa-reqs-04.txt 05 4700
draft-handley-tcp-cwv-02.txt 02 4719
draft-ietf-sip-info-method-05.txt 06 4746
draft-ietf-aaa-na-reqts-07.txt 08 4750
draft-ietf-rap-rsvp-appid-01.txt 01 4778
draft-fang-diffserv-tc-tswtcm-01.txt 01 4779
draft-floyd-cong-04.txt 05 4785
draft-meyer-gre-update-03.txt 03 4888
draft-ietf-idr-bgp-route-refresh-01.txt 02 4897
draft-vaudreuil-esmtp-binary2-03.txt 04 4902
draft-ietf-frnetmib-mfrmib-04.txt 05 4913
draft-hadi-jhsua-ecnperf-01.txt 02 4928
draft-hollenbeck-rrp-01.txt 01 4939
draft-ietf-avt-fecmime-01.txt 02 4956
draft-muthukrishnan-mpls-corevpn-arch-03.txt 04 4975
draft-ietf-aaa-acct-06.txt 07 4980
draft-ietf-aaa-accounting-attributes-04.txt 05 4981
draft-angelos-keynote-dsa-rsa-encoding-01.txt 01 4997
draft-irtf-aaaarch-authorization-apps-01.txt 02 5014
draft-irtf-aaaarch-authorization-reqs-01.txt 02 5015
draft-irtf-aaaarch-authorization-framework-01.txt 02 5016
draft-irtf-aaaarch-generic-01.txt 02 5017
draft-iab-raven-01.txt 01 5020
draft-ietf-dnsext-signing-auth-02.txt 03 5021
draft-ietf-dnsext-simple-secure-update-02.txt 03 5022
draft-iab-unique-dns-root-00.txt 01 5037
draft-ietf-avt-rtp-mpeg4-es-05.txt 06 5038
draft-ietf-dnsext-tkey-04.txt 05 5040
draft-daigle-dag-mesh-02.txt 03 5045
draft-ietf-dnsext-iana-dns-01.txt 02 5059
draft-ietf-diffserv-tunnels-02.txt 03 5101
draft-ietf-isis-wg-mesh-group-01.txt 02 5102
draft-christey-imps-00.txt 01 5103
draft-ietf-dnsext-sig-zero-02.txt 03 5105
draft-ietf-dnsext-tsig-00.txt 01 5108
draft-freed-charset-regist-03.txt 04 5144
draft-iab-qos-02.txt 03 5179
draft-dommety-gre-ext-04.txt 05 5218
draft-iab-iana-mou-00.txt 01 5235
draft-ietf-ngtrans-6bone-ptla-00.txt 01 5245
draft-nystrom-pkcs9-v2-01.txt 02 5317
draft-iab-i18n-dns-01.txt 01 5336
draft-ietf-megaco-errata-03.txt 04 5358
draft-ietf-enum-e164-dns-03.txt 04 5363
draft-ietf-megaco-merged-01.txt 02 5369
draft-ietf-spirits-implementations-02.txt 03 5376
draft-cromwell-mgcp-advanced-audio-pkg-00.txt 01 5408
draft-ietf-dhc-new-opt-msg-02.txt 03 5416
draft-mealling-oid-urn-02.txt 03 5420
draft-iab-wirelessws-01.txt 02 5448
draft-retana-31bits-03.txt 04 5482
draft-nystrom-pkcs10-v1-7-00.txt 01 5593
draft-bogdanov-umsp-00.txt 01 5854
draft-ietf-idr-bgp-confed-rfc1965bis-01.txt 02 5949
draft-ietf-opes-architecture-05.txt 05 8767
draft-ietf-opes-protocol-reqs-04.txt 04 8841
