/ftp/internet-drafts/draft-ietf-ppp-multidatagrams-05.txt
/ftp/internet-drafts/draft-ietf-idpr-architecture-06.txt
/ftp/internet-drafts/draft-ietf-iwg-bgpapplication-01.txt
/ftp/internet-drafts/draft-ietf-iwg-bgp-01.txt
/ftp/internet-drafts/draft-ietf-iesg-wgguidelines-03.txt
/ftp/internet-drafts/draft-ietf-fddi-ipdatagrams-02.txt
/ftp/internet-drafts/draft-ietf-userdoc-bibliography-01.txt
/ftp/internet-drafts/draft-osf-shue-osiudp-01.txt
/ftp/internet-drafts/draft-ietf-snmp-mib2-05.txt
/ftp/internet-drafts/draft-ietf-ppp-options-04.txt
/ftp/internet-drafts/draft-ietf-pcc-gwcc-02.txt
/ftp/internet-drafts/draft-ietf-noctools-debugging-06.txt
/ftp/internet-drafts/draft-ietf-alertman-asyncalertman-03.txt
/ftp/internet-drafts/draft-ietf-osi-iso8473-01.txt
/ftp/internet-drafts/draft-ietf-oim-mib2-03.txt
/ftp/internet-drafts/draft-ietf-snmp-t1mib-08.txt
/ftp/internet-drafts/draft-ucl-kille-x500domains-04.txt
/ftp/internet-drafts/draft-ucl-kille-presentationaddress-04.txt
/ftp/internet-drafts/draft-ucl-kille-networkaddresses-06.txt
/ftp/internet-drafts/draft-ietf-telnet-linemodeoption-03.txt
/ftp/internet-drafts/draft-ietf-telnet-authentication-05.txt
/ftp/internet-drafts/draft-ietf-oim-cmot-01.txt
/ftp/internet-drafts/draft-ietf-snmp-clnpmib-01.txt
/ftp/internet-drafts/draft-ietf-snmp-OsiSnmp-01.txt
/ftp/internet-drafts/draft-ietf-osinsap-format-02.txt
/ftp/internet-drafts/draft-ietf-bmwg-terms-02.txt
/ftp/internet-drafts/draft-ietf-iwg-bgp-mib-03.txt
/ftp/internet-drafts/draft-ietf-smds-ipdatagrams-04.txt
/ftp/internet-drafts/draft-ietf-ospf-ospf2-02.txt
/ftp/internet-drafts/draft-zimmerman-finger-04.txt
/ftp/internet-drafts/draft-ietf-snmp-snmpoveripx-01.txt
/ftp/internet-drafts/draft-ietf-cip-st2-01.txt
/ftp/internet-drafts/draft-ietf-snmp-mibdefinitions-04.txt
/ftp/internet-drafts/draft-ietf-snmp-traps-04.txt
/ftp/internet-drafts/draft-ietf-pppext-bridgemib-04.txt
/ftp/internet-drafts/draft-ietf-snmp-interfacemibext-03.txt
/ftp/internet-drafts/draft-provan-iparcnet-02.txt
/ftp/internet-drafts/draft-ietf-snmp-tokenbusmib-02.txt
/ftp/internet-drafts/draft-ietf-snmp-tokenringmib-03.txt
/ftp/internet-drafts/draft-ietf-snmp-ethernetmib-06.txt
/ftp/internet-drafts/draft-ietf-pppext-bridging-02.txt
/ftp/internet-drafts/draft-ietf-snmp-ds3interface-05.txt
/ftp/internet-drafts/draft-ietf-snmp-smdssipmib-07.txt
/ftp/internet-drafts/draft-ietf-osids-cosinex500-06.txt
/ftp/internet-drafts/draft-ietf-osids-replsoln-04.txt
/ftp/internet-drafts/draft-ietf-charmib-rs232like-05.txt
/ftp/internet-drafts/draft-ietf-charmib-parallelprinter-03.txt
/ftp/internet-drafts/draft-ietf-charmib-charmib-03.txt
/ftp/internet-drafts/draft-ietf-osids-friendlynaming-06.txt
/ftp/internet-drafts/draft-mills-ntpv3-02.txt
/ftp/internet-drafts/draft-tsuchiya-subnetnos-01.txt
/ftp/internet-drafts/draft-ietf-osids-replication-04.txt
/ftp/internet-drafts/draft-ietf-bgp-bgp3-01.txt
/ftp/internet-drafts/draft-provan-ipxtunneling-02.txt
/ftp/internet-drafts/draft-ietf-appleip-applemib-01.txt
/ftp/internet-drafts/draft-ietf-bridge-definitions-03.txt
/ftp/internet-drafts/draft-ietf-osids-dirpilots-06.txt
/ftp/internet-drafts/draft-ietf-ucp-tt-02.txt
/ftp/internet-drafts/draft-ietf-ospf-ospfmib-05.txt
/ftp/internet-drafts/draft-ietf-idpr-specv1-03.txt
/ftp/internet-drafts/draft-ietf-osinsap-internetalloc-02.txt
/ftp/internet-drafts/draft-ietf-ahwgipso-ipso-02.txt
/ftp/internet-drafts/draft-ietf-pem-msgproc-03.txt
/ftp/internet-drafts/draft-ietf-rdisc-icmpmessage-02.txt
/ftp/internet-drafts/draft-ietf-spwg-secureop-03.txt
/ftp/internet-drafts/draft-ietf-iesg-routing-01.txt
/ftp/internet-drafts/draft-ietf-ospf-experience-01.txt
/ftp/internet-drafts/draft-ietf-ospf-analysis-01.txt
/ftp/internet-drafts/draft-ietf-snmpsec-admin-03.txt
/ftp/internet-drafts/draft-ietf-snmpsec-mib-03.txt
/ftp/internet-drafts/draft-ietf-snmpsec-protocols-03.txt
/ftp/internet-drafts/draft-ietf-kille-x_400mapping-06.txt
/ftp/internet-drafts/draft-egevang-addrtrans-03.txt
/ftp/internet-drafts/draft-ietf-snmp-commservices-01.txt
/ftp/internet-drafts/draft-ietf-dhc-bootp-03.txt
/ftp/internet-drafts/draft-ietf-bgp-experience-01.txt
/ftp/internet-drafts/draft-ietf-bgp-analysis-01.txt
/ftp/internet-drafts/draft-ietf-acct-background-02.txt
/ftp/internet-drafts/draft-ietf-ssph-handbook-01.txt
/ftp/internet-drafts/draft-ietf-pppext-decnet-04.txt
/ftp/internet-drafts/draft-ietf-decnetiv-mibextensions-03.txt
/ftp/internet-drafts/draft-ietf-cat-genericsec-05.txt
/ftp/internet-drafts/draft-ietf-iplpdn-ipoverframerelay-04.txt
/ftp/internet-drafts/draft-ietf-iplpdn-inarp-04.txt
/ftp/internet-drafts/draft-ietf-iplpdn-frmib-07.txt
/ftp/internet-drafts/draft-ietf-822ext-messagebodies-07.txt
/ftp/internet-drafts/draft-ietf-borenstein-configmech-05.txt
/ftp/internet-drafts/draft-ietf-pppext-lcp-04.txt
/ftp/internet-drafts/draft-ietf-pppext-ipcp-04.txt
/ftp/internet-drafts/draft-ietf-cat-kerberos-03.txt
/ftp/internet-drafts/draft-ietf-kille-88to84downgrade-02.txt
/ftp/internet-drafts/draft-ietf-822ext-mnemonics-05.txt
/ftp/internet-drafts/draft-ietf-822ext-charsets-05.txt
/ftp/internet-drafts/draft-ietf-pppext-appletalk-04.txt
/ftp/internet-drafts/draft-rsadsi-rivest-md5-03.txt
/ftp/internet-drafts/draft-ietf-rmon-mib-02.txt
/ftp/internet-drafts/draft-ietf-dhc-protocol-08.txt
/ftp/internet-drafts/draft-aggarwal-services-04.txt
/ftp/internet-drafts/draft-rsadsi-kaliski-md2-02.txt
/ftp/internet-drafts/draft-rsadsi-rivest-md4-02.txt
/ftp/internet-drafts/draft-ietf-cat-secservice-04.txt
/ftp/internet-drafts/draft-ietf-nisi-infrastructure-01.txt
/ftp/internet-drafts/draft-ietf-pem-keymgmt-02.txt
/ftp/internet-drafts/draft-ietf-fddimib-mib-01.txt
/ftp/internet-drafts/draft-ietf-hubmib-mib-05.txt
/ftp/internet-drafts/draft-almquist-tos-03.txt
/ftp/internet-drafts/draft-ietf-mospf-multicast-05.txt
/ftp/internet-drafts/draft-ietf-disi-catalog-02.txt
/ftp/internet-drafts/draft-ietf-pppext-osinlcp-03.txt
/ftp/internet-drafts/draft-ietf-pppext-authentication-07.txt
/ftp/internet-drafts/draft-iesg-commonigp-02.txt
/ftp/internet-drafts/draft-ietf-bgp-defaultroute-02.txt
/ftp/internet-drafts/draft-ietf-rreq-forwarding-06.txt
/ftp/internet-drafts/draft-malkin-rip-06.txt
/ftp/internet-drafts/draft-ietf-pem-algorithms-03.txt
/ftp/internet-drafts/draft-ietf-bgp-usage-02.txt
/ftp/internet-drafts/draft-ietf-x25mib-lapbmib-06.txt
/ftp/internet-drafts/draft-ietf-x25mib-ipox25mib-06.txt
/ftp/internet-drafts/draft-ietf-x25mib-x25packet-06.txt
/ftp/internet-drafts/draft-ietf-netfax-netimage-04.txt
/ftp/internet-drafts/draft-iab-standardsprocess-02.txt
/ftp/internet-drafts/draft-ietf-bgp-ospfinteract-07.txt
/ftp/internet-drafts/draft-ietf-cat-dass-03.txt
/ftp/internet-drafts/draft-nicholson-conditioning-01.txt
/ftp/internet-drafts/draft-ietf-iplpdn-x25_isdn-04.txt
/ftp/internet-drafts/draft-ietf-tcplw-tcpext-03.txt
/ftp/internet-drafts/draft-ietf-822ext-msghead-02.txt
/ftp/internet-drafts/draft-tsuchiya-encap-01.txt
/ftp/internet-drafts/draft-young-linkcontrol-01.txt
/ftp/internet-drafts/draft-ietf-telnet-envmnt-option-04.txt
/ftp/internet-drafts/draft-ietf-iab-introstandard-01.txt
/ftp/internet-drafts/draft-ietf-bgp-unirouting-01.txt
/ftp/internet-drafts/draft-ietf-disi-execdir-03.txt
/ftp/internet-drafts/draft-ietf-mpsnmp-appletalk-03.txt
/ftp/internet-drafts/draft-ietf-pppext-lqm-02.txt
/ftp/internet-drafts/draft-renwick-hippilan-03.txt
/ftp/internet-drafts/draft-ietf-osids-distnames-06.txt
/ftp/internet-drafts/draft-ietf-x400ops-mhs-service-07.txt
/ftp/internet-drafts/draft-ietf-x400ops-mapsmail-03.txt
/ftp/internet-drafts/draft-ietf-telnet-environment-04.txt
/ftp/internet-drafts/draft-ietf-telnet-remflow-cntrl-02.txt
/ftp/internet-drafts/draft-ietf-disi-techview-01.txt
/ftp/internet-drafts/draft-ietf-telnet-authker-v4-02.txt
/ftp/internet-drafts/draft-ietf-x400ops-mgtdomains-ops-07.txt
/ftp/internet-drafts/draft-ietf-opstat-model-01.txt
/ftp/internet-drafts/draft-ietf-ethermib-implexp-01.txt
/ftp/internet-drafts/draft-ietf-ethermib-objects-01.txt
/ftp/internet-drafts/draft-ietf-ripv2-mibext-04.txt
/ftp/internet-drafts/draft-ietf-mhsds-subtrees-07.txt
/ftp/internet-drafts/draft-ietf-mhsds-infotree-07.txt
/ftp/internet-drafts/draft-ietf-mhsds-supmapping-07.txt
/ftp/internet-drafts/draft-ietf-mpsnmp-overosi-04.txt
/ftp/internet-drafts/draft-fuller-supernet-01.txt
/ftp/internet-drafts/draft-ietf-ident-mib-04.txt
/ftp/internet-drafts/draft-eastlake-linksectos-02.txt
/ftp/internet-drafts/draft-ietf-mhsds-routdirectory-07.txt
/ftp/internet-drafts/draft-ietf-osids-lightdirect-04.txt
/ftp/internet-drafts/draft-ietf-idpr-summary-01.txt
/ftp/internet-drafts/draft-ietf-bgp-bgp4-11.txt
/ftp/internet-drafts/draft-ietf-osids-syntaxes-02.txt
/ftp/internet-drafts/draft-ietf-iafa-howftp-02.txt
/ftp/internet-drafts/draft-ietf-atm-classic-ip-07.txt
/ftp/internet-drafts/draft-ietf-ipatm-mtu-08.txt
/ftp/internet-drafts/draft-ietf-dns-resolver-mib-03.txt
/ftp/internet-drafts/draft-ietf-dns-server-mib-03.txt
/ftp/internet-drafts/draft-rekhter-ipaddress-guide-09.txt
/ftp/internet-drafts/draft-ietf-ident-idserver-04.txt
/ftp/internet-drafts/draft-ietf-isn-faq-03.txt
/ftp/internet-drafts/draft-ietf-pppext-ipxcp-05.txt
/ftp/internet-drafts/draft-ietf-atm-multipro-07.txt
/ftp/internet-drafts/draft-ietf-x400ops-charactersets-04.txt
/ftp/internet-drafts/draft-ietf-iplpdn-directed_arp-02.txt
/ftp/internet-drafts/draft-ietf-pppext-ipcpmib-04.txt
/ftp/internet-drafts/draft-ietf-pppext-lcpmib-04.txt
/ftp/internet-drafts/draft-ietf-pppext-secmib-04.txt
/ftp/internet-drafts/draft-ietf-mpsnmp-overipx-02.txt
/ftp/internet-drafts/draft-ietf-atommib-sonet-05.txt
/ftp/internet-drafts/draft-ietf-dhc-options-05.txt
/ftp/internet-drafts/draft-ietf-dhc-between-bootp-04.txt
/ftp/internet-drafts/draft-ietf-mimemhs-mapping-03.txt
/ftp/internet-drafts/draft-ietf-mimemhs-body-equival-04.txt
/ftp/internet-drafts/draft-ietf-nisi-privacy-nic-01.txt
/ftp/internet-drafts/draft-ietf-telnet-authspx-01.txt
/ftp/internet-drafts/draft-ietf-hubmib-objects-01.txt
/ftp/internet-drafts/draft-ietf-ethermib-objectsv2-03.txt
/ftp/internet-drafts/draft-ietf-snmpv2-intro-07.txt
/ftp/internet-drafts/draft-ietf-snmpv2-proto-07.txt
/ftp/internet-drafts/draft-ietf-snmpv2-tm-08.txt
/ftp/internet-drafts/draft-ietf-snmpv2-coex-07.txt
/ftp/internet-drafts/draft-ietf-snmpv2-tc-07.txt
/ftp/internet-drafts/draft-ietf-snmpv2-smi-07.txt
/ftp/internet-drafts/draft-ietf-snmpv2-m2m-07.txt
/ftp/internet-drafts/draft-ietf-snmpv2-mib-07.txt
/ftp/internet-drafts/draft-allen-ipx-media-01.txt
/ftp/internet-drafts/draft-ullmann-ipv7-04.txt
/ftp/internet-drafts/draft-ietf-ripv2-analysis-01.txt
/ftp/internet-drafts/draft-ietf-822ext-iso2022jp-04.txt
/ftp/internet-drafts/draft-ietf-bgp-mibv4-07.txt
/ftp/internet-drafts/draft-ietf-pem-forms-02.txt
/ftp/internet-drafts/draft-rose-extensions-08.txt
/ftp/internet-drafts/draft-ietf-tuba-clnp-06.txt
/ftp/internet-drafts/draft-moore-extension-size-06.txt
/ftp/internet-drafts/draft-ietf-fddi-ipoverfddi-01.txt
/ftp/internet-drafts/draft-ietf-idr-bgp4ospf-interact-09.txt
/ftp/internet-drafts/draft-iab-appl-statement-ospf-01.txt
/ftp/internet-drafts/draft-ietf-osids-dua-metrics-01.txt
/ftp/internet-drafts/draft-ietf-osids-dsa-metrics-02.txt
/ftp/internet-drafts/draft-ietf-userdoc2-fyi-novice-03.txt
/ftp/internet-drafts/draft-ietf-bgp-application-05.txt
/ftp/internet-drafts/draft-ietf-mimemhs-harpoon-04.txt
/ftp/internet-drafts/draft-ietf-userglos-glossary-01.txt
/ftp/internet-drafts/draft-iesg-roadplan-02.txt
/ftp/internet-drafts/draft-malkin-newcomers-guide-01.txt
/ftp/internet-drafts/draft-ietf-hostmib-resources-04.txt
/ftp/internet-drafts/draft-ietf-ids-x500-survey-03.txt
/ftp/internet-drafts/draft-ietf-ospf-nssa-option-02.txt
/ftp/internet-drafts/draft-ietf-osids-plan-directory-01.txt
/ftp/internet-drafts/draft-malkin-traceroute-02.txt
/ftp/internet-drafts/draft-ietf-bridge-objects-03.txt
/ftp/internet-drafts/draft-ietf-pip-processing-03.txt
/ftp/internet-drafts/draft-ietf-ifmib-evolution-08.txt
/ftp/internet-drafts/draft-ietf-ospf-mib-07.txt
/ftp/internet-drafts/draft-pusateri-tokenring-lan-03.txt
/ftp/internet-drafts/draft-ietf-noop-echo-03.txt
/ftp/internet-drafts/draft-ietf-noop-tools-04.txt
/ftp/internet-drafts/draft-ietf-noctool2-debug-tcpip-01.txt
/ftp/internet-drafts/draft-ietf-ospf-version2-12.txt
/ftp/internet-drafts/draft-iab-standards-processv2-03.txt
/ftp/internet-drafts/draft-ietf-wnils-whois-08.txt
/ftp/internet-drafts/draft-ietf-x400ops-postmaster-06.txt
/ftp/internet-drafts/draft-meyer-demandrouting-04.txt
/ftp/internet-drafts/draft-ietf-pem-mime-09.txt
/ftp/internet-drafts/draft-ietf-trunkmib-ds1e1mib-03.txt
/ftp/internet-drafts/draft-ietf-trunkmib-ds3e3mib-03.txt
/ftp/internet-drafts/draft-houttuin-rfc1327-tutor-05.txt
/ftp/internet-drafts/draft-ietf-snmpv2-conf-04.txt
/ftp/internet-drafts/draft-ietf-smtpext-8bit-mime-02.txt
/ftp/internet-drafts/draft-ietf-smtpext-transition-04.txt
/ftp/internet-drafts/draft-manning-dns-nsap-06.txt
/ftp/internet-drafts/draft-ietf-iplpdn-framerelay-05.txt
/ftp/internet-drafts/draft-ietf-madman-networkmib-08.txt
/ftp/internet-drafts/draft-ietf-pppext-cipx-05.txt
/ftp/internet-drafts/draft-ietf-pppext-lcpext-05.txt
/ftp/internet-drafts/draft-ietf-avt-rtp-09.txt
/ftp/internet-drafts/draft-ietf-avt-profile-07.txt
/ftp/internet-drafts/draft-ietf-frnetmib-fr-08.txt
/ftp/internet-drafts/draft-ietf-rmonmib-trmib-02.txt
/ftp/internet-drafts/draft-ietf-x400ops-dnsx400maps-06.txt
/ftp/internet-drafts/draft-ietf-appleip-mib2-03.txt
/ftp/internet-drafts/draft-ietf-snmpsec-partyv2-04.txt
/ftp/internet-drafts/draft-ietf-snmpsec-adminv2-04.txt
/ftp/internet-drafts/draft-ietf-snmpsec-secv2-04.txt
/ftp/internet-drafts/draft-ietf-iesg-mtuexperience-01.txt
/ftp/internet-drafts/draft-ullmann-rap-02.txt
/ftp/internet-drafts/draft-fuller-cidr-strategy-04.txt
/ftp/internet-drafts/draft-ietf-822ext-mime2-05.txt
/ftp/internet-drafts/draft-borenstein-mailcap2-01.txt
/ftp/internet-drafts/draft-ietf-pip-architecture-02.txt
/ftp/internet-drafts/draft-ietf-hubmib-mau-03.txt
/ftp/internet-drafts/draft-ietf-fddimib-objects-03.txt
/ftp/internet-drafts/draft-ietf-pppext-isdn-04.txt
/ftp/internet-drafts/draft-ietf-pppext-frame-relay-04.txt
/ftp/internet-drafts/draft-ietf-pppext-sonet-02.txt
/ftp/internet-drafts/draft-ietf-pppext-x25-03.txt
/ftp/internet-drafts/draft-ietf-avt-h261-04.txt
/ftp/internet-drafts/draft-chon-korean-encoding-02.txt
/ftp/internet-drafts/draft-ietf-bridge-sr-objects-04.txt
/ftp/internet-drafts/draft-ietf-822ext-mime-part2-02.txt
/ftp/internet-drafts/draft-ietf-iiir-transponders-03.txt
/ftp/internet-drafts/draft-ietf-822ext-text-enriched-03.txt
/ftp/internet-drafts/draft-nussbacher-hebrew-encoding-01.txt
/ftp/internet-drafts/draft-ietf-iplpdn-frmib-dte-11.txt
/ftp/internet-drafts/draft-ietf-rolc-nhrp-16.txt
/ftp/internet-drafts/draft-ietf-nir-status-report-04.txt
/ftp/internet-drafts/draft-ietf-security-randomness-03.txt
/ftp/internet-drafts/draft-ietf-iiir-vision-03.txt
/ftp/internet-drafts/draft-nsfnet-aggregation-01.txt
/ftp/internet-drafts/draft-ietf-iesg-cidr-02.txt
/ftp/internet-drafts/draft-rose-pop3-02.txt
/ftp/internet-drafts/draft-ietf-822ext-md5-03.txt
/ftp/internet-drafts/draft-ietf-cat-ftpsec-11.txt
/ftp/internet-drafts/draft-ietf-ospf-guidelines-frn-01.txt
/ftp/internet-drafts/draft-piscitello-ftp-bigports-03.txt
/ftp/internet-drafts/draft-ietf-tuba-sysids-04.txt
/ftp/internet-drafts/draft-ietf-uri-url-09.txt
/ftp/internet-drafts/draft-ietf-uswg-fyi-01.txt
/ftp/internet-drafts/draft-ietf-telnet-interoperability-01.txt
/ftp/internet-drafts/draft-rekhter-cidr-environment-02.txt
/ftp/internet-drafts/draft-rosenbaum-dns-storage-01.txt
/ftp/internet-drafts/draft-ietf-mospf-analysis-03.txt
/ftp/internet-drafts/draft-kzm-snmpv2-config-01.txt
/ftp/internet-drafts/draft-ietf-madman-mtamib-09.txt
/ftp/internet-drafts/draft-ietf-mhsds-long-bud-intro-03.txt
/ftp/internet-drafts/draft-ietf-tcplw-extensions-01.txt
/ftp/internet-drafts/draft-ietf-decnetiv-mibext-04.txt
/ftp/internet-drafts/draft-ietf-madman-dsa-mib-09.txt
/ftp/internet-drafts/draft-meyer-rip-analysis-03.txt
/ftp/internet-drafts/draft-ietf-pppext-hdlc-framing-03.txt
/ftp/internet-drafts/draft-ietf-dns-common-errors-03.txt
/ftp/internet-drafts/draft-ietf-wnils-whois-lookup-03.txt
/ftp/internet-drafts/draft-ietf-pppext-lcp-main-03.txt
/ftp/internet-drafts/draft-ietf-pppext-for-bridging-05.txt
/ftp/internet-drafts/draft-haller-auth-requirements-06.txt
/ftp/internet-drafts/draft-ietf-tn3270e-enhancements-05.txt
/ftp/internet-drafts/draft-ietf-tn3270e-luname-print-03.txt
/ftp/internet-drafts/draft-ietf-upsmib-06.txt
/ftp/internet-drafts/draft-ietf-snanau-snamib-05.txt
/ftp/internet-drafts/draft-cameron-tmux-04.txt
/ftp/internet-drafts/draft-ietf-thinosi-cookbook-04.txt
/ftp/internet-drafts/draft-ietf-atommib-atm-08.txt
/ftp/internet-drafts/draft-ietf-dns-config-errors-02.txt
/ftp/internet-drafts/draft-nussbacher-mime-direction-02.txt
/ftp/internet-drafts/draft-ietf-tn3270e-current-pract-05.txt
/ftp/internet-drafts/draft-gwinn-paging-protocol-01.txt
/ftp/internet-drafts/draft-ietf-osids-ipinfo-x500-dir-01.txt
/ftp/internet-drafts/draft-ietf-osids-chart-network-dir-01.txt
/ftp/internet-drafts/draft-ietf-pppext-multilink-13.txt
/ftp/internet-drafts/draft-hanks-gre-01.txt
/ftp/internet-drafts/draft-hanks-ip-gre-01.txt
/ftp/internet-drafts/draft-ietf-pppext-requirements-02.txt
/ftp/internet-drafts/draft-ietf-notary-smtp-drpt-07.txt
/ftp/internet-drafts/draft-ietf-ipatm-ipmc-13.txt
/ftp/internet-drafts/draft-ietf-notary-mime-delivery-08.txt
/ftp/internet-drafts/draft-ietf-pppext-netbios-fcp-09.txt
/ftp/internet-drafts/draft-ietf-ripv2-protocol-02.txt
/ftp/internet-drafts/draft-rare-nap-x500naming-03.txt
/ftp/internet-drafts/draft-ietf-pppext-reliable-01.txt
/ftp/internet-drafts/draft-ietf-ids-catalog-03.txt
/ftp/internet-drafts/draft-ietf-snadlc-sdlc-mib-07.txt
/ftp/internet-drafts/draft-ietf-isn-k12-guide-02.txt
/ftp/internet-drafts/draft-faltstrom-macmime1-02.txt
/ftp/internet-drafts/draft-faltstrom-macmime2-01.txt
/ftp/internet-drafts/draft-braden-shared-media-01.txt
/ftp/internet-drafts/draft-ietf-mailext-smtp-binary-08.txt
/ftp/internet-drafts/draft-ietf-pppext-predictor-01.txt
/ftp/internet-drafts/draft-ietf-svrloc-protocol-18.txt
/ftp/internet-drafts/draft-ietf-pppext-stacker-11.txt
/ftp/internet-drafts/draft-ietf-pppext-compression-05.txt
/ftp/internet-drafts/draft-ietf-ripv2-mibext2-03.txt
/ftp/internet-drafts/draft-braden-realtime-outline-01.txt
/ftp/internet-drafts/draft-ietf-rsvp-spec-17.txt
/ftp/internet-drafts/draft-ietf-pppext-gandalf-01.txt
/ftp/internet-drafts/draft-ietf-modemmgt-mdmmib-04.txt
/ftp/internet-drafts/draft-ietf-iiir-wais-01.txt
/ftp/internet-drafts/draft-rare-nap-x500intro-02.txt
/ftp/internet-drafts/draft-ietf-osids-cldap-03.txt
/ftp/internet-drafts/draft-iab-multiprotocol-01.txt
/ftp/internet-drafts/draft-ietf-osinsap-allocation-02.txt
/ftp/internet-drafts/draft-ietf-bgp-bgp4-implement-02.txt
/ftp/internet-drafts/draft-rare-imm-netaccess-01.txt
/ftp/internet-drafts/draft-ietf-ripv2-protocol-analysis-02.txt
/ftp/internet-drafts/draft-ietf-edi-mime-03.txt
/ftp/internet-drafts/draft-ietf-mailext-lang-tag-03.txt
/ftp/internet-drafts/draft-rose-pop3-again-04.txt
/ftp/internet-drafts/draft-ietf-rreq-iprouters-require-02.txt
/ftp/internet-drafts/draft-ietf-pppext-bsd-compress-06.txt
/ftp/internet-drafts/draft-ietf-ipatm-framework-doc-08.txt
/ftp/internet-drafts/draft-ietf-ipngwg-sec-01.txt
/ftp/internet-drafts/draft-ietf-rmonmib-rmonmib-04.txt
/ftp/internet-drafts/draft-ietf-ifmib-sipmib-02.txt
/ftp/internet-drafts/draft-ietf-imap-imap4-08.txt
/ftp/internet-drafts/draft-ietf-rdbmsmib-mib-06.txt
/ftp/internet-drafts/draft-goldsmith-mime-unicode-01.txt
/ftp/internet-drafts/draft-goldsmith-mime-utf7-04.txt
/ftp/internet-drafts/draft-ietf-hubmib-etherif-MIB-08.txt
/ftp/internet-drafts/draft-ietf-uswg-fyi4-01.txt
/ftp/internet-drafts/draft-ietf-ospf-cidr-route-mib-07.txt
/ftp/internet-drafts/draft-ietf-dnssec-secext-11.txt
/ftp/internet-drafts/draft-ietf-charmib-mib-03.txt
/ftp/internet-drafts/draft-ietf-charmib-ppl-mib-03.txt
/ftp/internet-drafts/draft-ietf-charmib-rs232-mib-04.txt
/ftp/internet-drafts/draft-ietf-ipfc-fabric-element-mib-08.txt
/ftp/internet-drafts/draft-ietf-oncrpc-rpcv2-02.txt
/ftp/internet-drafts/draft-ietf-oncrpc-xdr-02.txt
/ftp/internet-drafts/draft-ietf-cat-kerb5gss-08.txt
/ftp/internet-drafts/draft-ietf-tuba-host-clnp-multicas-02.txt
/ftp/internet-drafts/draft-anil-incremental-checksum-03.txt
/ftp/internet-drafts/draft-bernerslee-www-uri-01.txt
/ftp/internet-drafts/draft-ietf-pppext-hdlc-fs-03.txt
/ftp/internet-drafts/draft-ietf-pppext-lcp-fs-03.txt
/ftp/internet-drafts/draft-rare-msg-ornames-01.txt
/ftp/internet-drafts/draft-ietf-avt-cellb-09.txt
/ftp/internet-drafts/draft-bound-ipng-bsdhost-implement-01.txt
/ftp/internet-drafts/draft-carpenter-ipng-whitepaper-01.txt
/ftp/internet-drafts/draft-iab-sec-arch-workshop-01.txt
/ftp/internet-drafts/draft-ietf-catnip-common-arch-01.txt
/ftp/internet-drafts/draft-ietf-uri-urn-req-02.txt
/ftp/internet-drafts/draft-ietf-sipp-whitepaper-01.txt
/ftp/internet-drafts/draft-clark-ipng-multipro-interop-01.txt
/ftp/internet-drafts/draft-fleischman-ipng-corp-view-01.txt
/ftp/internet-drafts/draft-britton-ipng-req-corp-netwrk-01.txt
/ftp/internet-drafts/draft-heagerty-ipng-input-01.txt
/ftp/internet-drafts/draft-ietf-mobileip-protocol-18.txt
/ftp/internet-drafts/draft-ietf-pppext-magnalink-02.txt
/ftp/internet-drafts/draft-vecchi-ipng-tvcable-viewpt-01.txt
/ftp/internet-drafts/draft-kastenholz-ipng-criteria-03.txt
/ftp/internet-drafts/draft-bellovin-ipng-addr-per-host-01.txt
/ftp/internet-drafts/draft-bellovin-ipng-sec-concerns-01.txt
/ftp/internet-drafts/draft-brazdziunas-ipng-atm-01.txt
/ftp/internet-drafts/draft-symington-ipng-model-01.txt
/ftp/internet-drafts/draft-curran-ipng-viability-01.txt
/ftp/internet-drafts/draft-ietf-nasreq-radius-03.txt
/ftp/internet-drafts/draft-ietf-dns-lb-01.txt
/ftp/internet-drafts/draft-ietf-smtpext-extensions-06.txt
/ftp/internet-drafts/draft-ietf-smtpext-size-old-02.txt
/ftp/internet-drafts/draft-ietf-ifmib-ethmib-smiv1-01.txt
/ftp/internet-drafts/draft-ietf-ifmib-ethmib-smiv2-01.txt
/ftp/internet-drafts/draft-ietf-wnils-whois-arch-04.txt
/ftp/internet-drafts/draft-ietf-ipatm-sig-03.txt
/ftp/internet-drafts/draft-adamson-ipng-radio-req-01.txt
/ftp/internet-drafts/draft-brownlee-ipng-acct-req-01.txt
/ftp/internet-drafts/draft-katz-router-alert-05.txt
/ftp/internet-drafts/draft-taylor-ipng-cdpd-viewpt-01.txt
/ftp/internet-drafts/draft-green-ipng-navy-hpn-01.txt
/ftp/internet-drafts/draft-skelton-ipng-epri-01.txt
/ftp/internet-drafts/draft-mcgovern-ipng-catnip-wpaper-01.txt
/ftp/internet-drafts/draft-ietf-ospf-demand-03.txt
/ftp/internet-drafts/draft-umig-mime-voice-05.txt
/ftp/internet-drafts/draft-estrin-ipng-unified-routing-01.txt
/ftp/internet-drafts/draft-ietf-822ext-mime-imb-08.txt
/ftp/internet-drafts/draft-ietf-rolc-nbma-arp-01.txt
/ftp/internet-drafts/draft-ietf-oncrpc-auth-07.txt
/ftp/internet-drafts/draft-ietf-oncrpc-bind-01.txt
/ftp/internet-drafts/draft-ietf-pem-sigenc-04.txt
/ftp/internet-drafts/draft-ietf-imap-auth-03.txt
/ftp/internet-drafts/draft-ietf-printmib-printer-mib-05.txt
/ftp/internet-drafts/draft-ietf-uri-irl-fun-req-04.txt
/ftp/internet-drafts/draft-myers-pop3-auth-02.txt
/ftp/internet-drafts/draft-ietf-imap-compat-01.txt
/ftp/internet-drafts/draft-ietf-rtfm-acct-meter-mib-02.txt
/ftp/internet-drafts/draft-ietf-cat-spkmgss-07.txt
/ftp/internet-drafts/draft-kessler-primer-02.txt
/ftp/internet-drafts/draft-ietf-ifmib-tokenringmib-02.txt
/ftp/internet-drafts/draft-ietf-ripv2-protocol-applic-02.txt
/ftp/internet-drafts/draft-ietf-pppext-sdtp-01.txt
/ftp/internet-drafts/draft-ietf-nimrod-routing-arch-02.txt
/ftp/internet-drafts/draft-ietf-mailext-smtp-521-05.txt
/ftp/internet-drafts/draft-simpson-ipng-mobility-01.txt
/ftp/internet-drafts/draft-ietf-idmr-igmp-mib-15.txt
/ftp/internet-drafts/draft-ietf-idmr-multicast-routmib-15.txt
/ftp/internet-drafts/draft-ietf-idmr-pim-mib-12.txt
/ftp/internet-drafts/draft-ietf-snanau-appcmib-07.txt
/ftp/internet-drafts/draft-chiappa-ipng-nimrod-arch-01.txt
/ftp/internet-drafts/draft-ietf-pppext-vines-03.txt
/ftp/internet-drafts/draft-ietf-wnils-whois-mesh-04.txt
/ftp/internet-drafts/draft-ietf-notary-mime-report-07.txt
/ftp/internet-drafts/draft-dorner-content-header-03.txt
/ftp/internet-drafts/draft-ietf-imap-model-01.txt
/ftp/internet-drafts/draft-ietf-ipngwg-unicst-addr-allo-02.txt
/ftp/internet-drafts/draft-ietf-idr-autosys-guide-05.txt
/ftp/internet-drafts/draft-mcdonald-readable-keys-02.txt
/ftp/internet-drafts/draft-ietf-mailext-pipeline-04.txt
/ftp/internet-drafts/draft-ietf-mailext-checkp-03.txt
/ftp/internet-drafts/draft-renwick-hippiip-03.txt
/ftp/internet-drafts/draft-ietf-iiir-z3950-01.txt
/ftp/internet-drafts/draft-ietf-uri-relative-url-07.txt
/ftp/internet-drafts/draft-ietf-tftpexts-option-ext-04.txt
/ftp/internet-drafts/draft-ietf-tftpexts-blksize-opt-03.txt
/ftp/internet-drafts/draft-ietf-ifmib-ssr-mib-03.txt
/ftp/internet-drafts/draft-ietf-idmr-cbt-spec-11.txt
/ftp/internet-drafts/draft-ipng-recommendation-02.txt
/ftp/internet-drafts/draft-harney-gkmp-arch-02.txt
/ftp/internet-drafts/draft-harney-gkmp-spec-02.txt
/ftp/internet-drafts/draft-ietf-ipngwg-dns-01.txt
/ftp/internet-drafts/draft-ietf-ipngwg-bsd-api-08.txt
/ftp/internet-drafts/draft-ietf-st2-spec-05.txt
/ftp/internet-drafts/draft-ietf-isn-expectations-01.txt
/ftp/internet-drafts/draft-ietf-asid-schema-03.txt
/ftp/internet-drafts/draft-ietf-ipngwg-ipv6-spec-03.txt
/ftp/internet-drafts/draft-pouffary-tcp-02.txt
/ftp/internet-drafts/draft-ietf-opstat-client-server-04.txt
/ftp/internet-drafts/draft-ietf-aft-socks-protocol-v5-07.txt
/ftp/internet-drafts/draft-ietf-idmr-msec-03.txt
/ftp/internet-drafts/draft-ietf-trainmat-catalogue-07.txt
/ftp/internet-drafts/draft-ietf-snmpv2-intro-ds-08.txt
/ftp/internet-drafts/draft-ietf-snmpv2-conf-ds-07.txt
/ftp/internet-drafts/draft-ietf-snmpv2-tc-ds-08.txt
/ftp/internet-drafts/draft-ietf-snmpv2-smi-ds-06.txt
/ftp/internet-drafts/draft-ietf-snmpv2-proto-ds-07.txt
/ftp/internet-drafts/draft-ietf-snmpv2-tm-ds-06.txt
/ftp/internet-drafts/draft-ietf-snmpv2-coex-ds-05.txt
/ftp/internet-drafts/draft-ietf-snmpv2-ip-ds-04.txt
/ftp/internet-drafts/draft-ietf-snmpv2-tcp-ds-04.txt
/ftp/internet-drafts/draft-ietf-snmpv2-udp-ds-04.txt
/ftp/internet-drafts/draft-ietf-snmpv2-mib-ds-07.txt
/ftp/internet-drafts/draft-ietf-pppext-xnscp-01.txt
/ftp/internet-drafts/draft-ietf-asid-x500-url-04.txt
/ftp/internet-drafts/draft-ietf-asid-user-friendly-dir-01.txt
/ftp/internet-drafts/draft-ietf-asid-dist-names-01.txt
/ftp/internet-drafts/draft-ietf-ripv2-md5-05.txt
/ftp/internet-drafts/draft-ietf-html-fileupload-04.txt
/ftp/internet-drafts/draft-ietf-asid-lightdirect-01.txt
/ftp/internet-drafts/draft-ietf-asid-syntaxes-01.txt
/ftp/internet-drafts/draft-ietf-bmwg-methodology-04.txt
/ftp/internet-drafts/draft-ietf-dhc-dhcp-10.txt
/ftp/internet-drafts/draft-ietf-cat-gssv2-09.txt
/ftp/internet-drafts/draft-malkin-unarp-02.txt
/ftp/internet-drafts/draft-ietf-pppext-encryption-05.txt
/ftp/internet-drafts/draft-ietf-ngtrans-trans-mech-03.txt
/ftp/internet-drafts/draft-ietf-ngtrans-routing-aspects-04.txt
/ftp/internet-drafts/draft-davis-dns-loc-03.txt
/ftp/internet-drafts/draft-ietf-ipngwg-unicast-addr-fmt-05.txt
/ftp/internet-drafts/draft-ietf-pppext-lzs-dcp-02.txt
/ftp/internet-drafts/draft-ietf-pppext-dce-compress-01.txt
/ftp/internet-drafts/draft-ietf-ids-x500-pds-directory-01.txt
/ftp/internet-drafts/draft-ietf-dnsind-ixfr-08.txt
/ftp/internet-drafts/draft-ietf-uri-url-irp-06.txt
/ftp/internet-drafts/draft-ietf-idr-bgp4-experience-01.txt
/ftp/internet-drafts/draft-ietf-idr-bgp4-analysis-01.txt
/ftp/internet-drafts/draft-ietf-cat-idup-gss-12.txt
/ftp/internet-drafts/draft-ietf-html-spec-07.txt
/ftp/internet-drafts/draft-ietf-avt-jpeg-04.txt
/ftp/internet-drafts/draft-ietf-ospf-overflow-02.txt
/ftp/internet-drafts/draft-ietf-rreq-cidr-04.txt
/ftp/internet-drafts/draft-ietf-dnsind-notify-09.txt
/ftp/internet-drafts/draft-ietf-wts-shttp-07.txt
/ftp/internet-drafts/draft-ietf-tftpexts-options-02.txt
/ftp/internet-drafts/draft-ietf-bgp-app-01.txt
/ftp/internet-drafts/draft-atkins-pgpformat-02.txt
/ftp/internet-drafts/draft-touch-md5-performance-01.txt
/ftp/internet-drafts/draft-ietf-tftpexts-analysis-01.txt
/ftp/internet-drafts/draft-iab-rfc-not-std-01.txt
/ftp/internet-drafts/draft-ietf-notary-status-05.txt
/ftp/internet-drafts/draft-ietf-ipngwg-icmp-03.txt
/ftp/internet-drafts/draft-ietf-ipsec-esp-des-cbc-05.txt
/ftp/internet-drafts/draft-ietf-ipsec-ah-md5-04.txt
/ftp/internet-drafts/draft-ietf-pppext-dncp-01.txt
/ftp/internet-drafts/draft-ietf-mailext-mime-check-02.txt
/ftp/internet-drafts/draft-metzger-esp-3des-cbc-02.txt
/ftp/internet-drafts/draft-ietf-mimesgml-related-05.txt
/ftp/internet-drafts/draft-seidman-clientsideimagemap-03.txt
/ftp/internet-drafts/draft-ietf-addrconf-ipv6-auto-08.txt
/ftp/internet-drafts/draft-ietf-dnsind-dynDNS-12.txt
/ftp/internet-drafts/draft-ietf-nimrod-mobility-03.txt
/ftp/internet-drafts/draft-ietf-nimrod-multicast-03.txt
/ftp/internet-drafts/draft-simpson-photuris-19.txt
/ftp/internet-drafts/draft-simpson-icmp-domain-name-02.txt
/ftp/internet-drafts/draft-ietf-opstat-oper-model-02.txt
/ftp/internet-drafts/draft-ietf-mailext-mail-attributes-08.txt
/ftp/internet-drafts/draft-ietf-ion-nhrp-appl-03.txt
/ftp/internet-drafts/draft-rfced-info-katsube-01.txt
/ftp/internet-drafts/draft-iab-routing-multi-provider-01.txt
/ftp/internet-drafts/draft-ietf-cat-gssv2-cbind-10.txt
/ftp/internet-drafts/draft-ietf-http-v10-spec-06.txt
/ftp/internet-drafts/draft-ietf-ipngwg-addr-arch-04.txt
/ftp/internet-drafts/draft-iab-iesg-ipv6-address-alloc-01.txt
/ftp/internet-drafts/draft-ietf-http-digest-aa-06.txt
/ftp/internet-drafts/draft-haskin-bgp-idrp-mesh-routing-02.txt
/ftp/internet-drafts/draft-rubin-lid-sip-01.txt
/ftp/internet-drafts/draft-ietf-asid-ldap-format-04.txt
/ftp/internet-drafts/draft-ietf-aft-username-password-03.txt
/ftp/internet-drafts/draft-ietf-ipsec-isakmp-11.txt
/ftp/internet-drafts/draft-daigle-ura-03.txt
/ftp/internet-drafts/draft-ietf-aft-gssapi-03.txt
/ftp/internet-drafts/draft-ietf-ipsec-auth-03.txt
/ftp/internet-drafts/draft-ietf-ipsec-arch-03.txt
/ftp/internet-drafts/draft-ietf-ipsec-esp-02.txt
/ftp/internet-drafts/draft-ietf-intserv-svc-template-04.txt
/ftp/internet-drafts/draft-ietf-intserv-guaranteed-svc-09.txt
/ftp/internet-drafts/draft-ietf-sdr-packet-spec-02.txt
/ftp/internet-drafts/draft-murphy-ospf-signature-04.txt
/ftp/internet-drafts/draft-ietf-rip-ripng-05.txt
/ftp/internet-drafts/draft-ietf-mmusic-sdp-08.txt
/ftp/internet-drafts/draft-gulbrandsen-dns-rr-srvcs-04.txt
/ftp/internet-drafts/draft-ietf-pppext-eap-auth-04.txt
/ftp/internet-drafts/draft-ietf-wts-requirements-02.txt
/ftp/internet-drafts/draft-ietf-idr-communities-01.txt
/ftp/internet-drafts/draft-ietf-rsvp-md5-09.txt
/ftp/internet-drafts/draft-ietf-smtpext-size-03.txt
/ftp/internet-drafts/draft-ietf-mailext-acc-url-02.txt
/ftp/internet-drafts/draft-ietf-822ext-mime-imt-06.txt
/ftp/internet-drafts/draft-ietf-822ext-mime-conf-07.txt
/ftp/internet-drafts/draft-ietf-edi-faq-01.txt
/ftp/internet-drafts/draft-ietf-ion-bcast-07.txt
/ftp/internet-drafts/draft-myers-smtp-auth-13.txt
/ftp/internet-drafts/draft-ietf-822ext-mime-reg-05.txt
/ftp/internet-drafts/draft-ietf-cidrd-addr-ownership-08.txt
/ftp/internet-drafts/draft-myers-pop-pop3-08.txt
/ftp/internet-drafts/draft-ietf-run-netiquette-guide-03.txt
/ftp/internet-drafts/draft-ietf-cidrd-appeal-04.txt
/ftp/internet-drafts/draft-ietf-dnsind-classless-inaddr-05.txt
/ftp/internet-drafts/draft-ietf-cidrd-classa-02.txt
/ftp/internet-drafts/draft-ietf-pppext-des-encrypt-02.txt
/ftp/internet-drafts/draft-ietf-mimesgml-access-cid-01.txt
/ftp/internet-drafts/draft-ietf-dhc-options-1533update-07.txt
/ftp/internet-drafts/draft-ietf-rmonmib-rmonmib-v2-04.txt
/ftp/internet-drafts/draft-haller-otp-06.txt
/ftp/internet-drafts/draft-ietf-ipngwg-discovery-07.txt
/ftp/internet-drafts/draft-ietf-entmib-entmib-08.txt
/ftp/internet-drafts/draft-howes-ldap-app-01.txt
/ftp/internet-drafts/draft-kille-mixer-rfc1327bis-06.txt
/ftp/internet-drafts/draft-ietf-isdnmib-snmp-isdn-mib-09.txt
/ftp/internet-drafts/draft-ietf-idmr-cbt-arch-07.txt
/ftp/internet-drafts/draft-postel-bcp-01.txt
/ftp/internet-drafts/draft-gellens-telnet-char-option-05.txt
/ftp/internet-drafts/draft-ietf-vgmib-interfaces-mib-07.txt
/ftp/internet-drafts/draft-ietf-vgmib-repeater-dev-05.txt
/ftp/internet-drafts/draft-gwinn-paging-protocol-v3-01.txt
/ftp/internet-drafts/draft-dewinter-queue-start-03.txt
/ftp/internet-drafts/draft-ietf-cat-snego-10.txt
/ftp/internet-drafts/draft-ietf-mixer-bodymap-08.txt
/ftp/internet-drafts/draft-ietf-atommib-atm2TC-10.txt
/ftp/internet-drafts/draft-eastlake-cybercash-v08-02.txt
/ftp/internet-drafts/draft-ietf-avt-mpeg-03.txt
/ftp/internet-drafts/draft-ietf-mobileip-ip4inip4-04.txt
/ftp/internet-drafts/draft-ietf-mobileip-minenc-03.txt
/ftp/internet-drafts/draft-ietf-cidrd-private-addr-06.txt
/ftp/internet-drafts/draft-ietf-html-tables-07.txt
/ftp/internet-drafts/draft-ietf-ssh-handbook-06.txt
/ftp/internet-drafts/draft-ietf-radius-accounting-06.txt
/ftp/internet-drafts/draft-ietf-radius-radius-06.txt
/ftp/internet-drafts/draft-ietf-ipngwg-ethernet-ntwrks-03.txt
/ftp/internet-drafts/draft-ietf-asid-mime-direct-09.txt
/ftp/internet-drafts/draft-postel-variance-02.txt
/ftp/internet-drafts/draft-ietf-html-i18n-06.txt
/ftp/internet-drafts/draft-iab-renum-04.txt
/ftp/internet-drafts/draft-ietf-ipngwg-fddi-ntwrks-05.txt
/ftp/internet-drafts/draft-zhu-apng-cc-encoding-v2-03.txt
/ftp/internet-drafts/draft-ietf-ipngwg-nsap-ipv6-02.txt
/ftp/internet-drafts/draft-ietf-idmr-igmp-v2-09.txt
/ftp/internet-drafts/draft-ietf-rip-trigger-rip-03.txt
/ftp/internet-drafts/draft-ietf-ipngwg-test-addr-alloc-01.txt
/ftp/internet-drafts/draft-ietf-ion-ipatm-classic2-04.txt
/ftp/internet-drafts/draft-myers-auth-sasl-14.txt
/ftp/internet-drafts/draft-ietf-idmr-pim-sm-spec-11.txt
/ftp/internet-drafts/draft-ietf-poised95-std-proc-3-07.txt
/ftp/internet-drafts/draft-ietf-poised95-nomcom-06.txt
/ftp/internet-drafts/draft-ietf-grip-framework-irt-09.txt
/ftp/internet-drafts/draft-ietf-rolc-apr-05.txt
/ftp/internet-drafts/draft-uninett-pca-policy-02.txt
/ftp/internet-drafts/draft-elkins-pem-pgp-05.txt
/ftp/internet-drafts/draft-ietf-ids-jennings-02.txt
/ftp/internet-drafts/draft-ietf-pppext-deflate-01.txt
/ftp/internet-drafts/draft-rfced-info-varilength-table-01.txt
/ftp/internet-drafts/draft-rfced-info-ip-frag-sec-01.txt
/ftp/internet-drafts/draft-rfced-info-snpp-v3-01.txt
/ftp/internet-drafts/draft-ietf-receipt-mdn-09.txt
/ftp/internet-drafts/draft-ietf-isdnmib-dial-control-06.txt
/ftp/internet-drafts/draft-iab-iii-report-01.txt
/ftp/internet-drafts/draft-ietf-dlswmib-mib-10.txt
/ftp/internet-drafts/draft-ietf-rip-trigger-analysis-03.txt
/ftp/internet-drafts/draft-ietf-mimesgml-types-01.txt
/ftp/internet-drafts/draft-iab-principles-03.txt
/ftp/internet-drafts/draft-nelson-model-mail-ext-06.txt
/ftp/internet-drafts/draft-ietf-trunkmib-ds1-mib-10.txt
/ftp/internet-drafts/draft-ietf-trunkmib-ds3-mib-10.txt
/ftp/internet-drafts/draft-rfced-info-pummill-01.txt
/ftp/internet-drafts/draft-rfced-info-cobb-01.txt
/ftp/internet-drafts/draft-rfced-info-bellovin-01.txt
/ftp/internet-drafts/draft-pouffary-itot-05.txt
/ftp/internet-drafts/draft-ietf-ipngwg-pmtuv6-04.txt
/ftp/internet-drafts/draft-hubbard-registry-guidelines-06.txt
/ftp/internet-drafts/draft-ietf-intserv-charac-04.txt
/ftp/internet-drafts/draft-manning-classa-exp-03.txt
/ftp/internet-drafts/draft-ietf-rmonmib-rmonprot-04.txt
/ftp/internet-drafts/draft-ietf-madman-mail-monitor-mib-07.txt
/ftp/internet-drafts/draft-ietf-madman-nsm-mib-08.txt
/ftp/internet-drafts/draft-ietf-rip-ripas-01.txt
/ftp/internet-drafts/draft-ietf-ids-iwps-schema-spec-08.txt
/ftp/internet-drafts/draft-ietf-mixer-images-02.txt
/ftp/internet-drafts/draft-ietf-poised95-ietf-orgs-04.txt
/ftp/internet-drafts/draft-ietf-mixer-fax-02.txt
/ftp/internet-drafts/draft-ietf-mixer-oda-02.txt
/ftp/internet-drafts/draft-ietf-isn-4-schools-02.txt
/ftp/internet-drafts/draft-ietf-rsvp-mib-11.txt
/ftp/internet-drafts/draft-ietf-intserv-mib-11.txt
/ftp/internet-drafts/draft-simpson-icmp-ipsec-fail-03.txt
/ftp/internet-drafts/draft-ietf-ion-mib-08.txt
/ftp/internet-drafts/draft-resnick-text-enriched-04.txt
/ftp/internet-drafts/draft-ietf-pppext-chap-ds-01.txt
/ftp/internet-drafts/draft-ietf-pppext-lqm-ds-01.txt
/ftp/internet-drafts/draft-ietf-ipngwg-ipv6-tunnel-09.txt
/ftp/internet-drafts/draft-ietf-http-v11-spec-08.txt
/ftp/internet-drafts/draft-ietf-intserv-ctrl-load-svc-06.txt
/ftp/internet-drafts/draft-ietf-madman-dsa-mib-1-11.txt
/ftp/internet-drafts/draft-ietf-hubmib-mau-mib-06.txt
/ftp/internet-drafts/draft-ietf-hubmib-repeater-dev-04.txt
/ftp/internet-drafts/draft-ietf-ids-ph-06.txt
/ftp/internet-drafts/draft-kastenholz-ppp-variance-01.txt
/ftp/internet-drafts/draft-ietf-ospf-ospfv6-09.txt
/ftp/internet-drafts/draft-ietf-ospf-opaque-07.txt
/ftp/internet-drafts/draft-myers-lmtp-01.txt
/ftp/internet-drafts/draft-myers-imap-quota-02.txt
/ftp/internet-drafts/draft-myers-imap-acl-04.txt
/ftp/internet-drafts/draft-ietf-mobileip-appl-03.txt
/ftp/internet-drafts/draft-ietf-pier-solicitation-01.txt
/ftp/internet-drafts/draft-ietf-asid-string-filter-02.txt
/ftp/internet-drafts/draft-ietf-ipngwg-pppext-ipv6cp-04.txt
/ftp/internet-drafts/draft-ietf-pppext-bacp-07.txt
/ftp/internet-drafts/draft-ietf-mixer-postscript-02.txt
/ftp/internet-drafts/draft-ietf-poised95-isoc-04.txt
/ftp/internet-drafts/draft-berger-rsvp-ext-09.txt
/ftp/internet-drafts/draft-ietf-ids-x500-imps-06.txt
/ftp/internet-drafts/draft-ietf-ids-root-naming-02.txt
/ftp/internet-drafts/draft-ietf-idr-community-usage-01.txt
/ftp/internet-drafts/draft-rfced-info-almesberger-01.txt
/ftp/internet-drafts/draft-rfced-info-dujonc-01.txt
/ftp/internet-drafts/draft-rfced-info-chatel-01.txt
/ftp/internet-drafts/draft-rfced-info-barr-01.txt
/ftp/internet-drafts/draft-ietf-pppext-snacp-02.txt
/ftp/internet-drafts/draft-ietf-tcplw-sack-03.txt
/ftp/internet-drafts/draft-rfced-exp-mccloghrie-01.txt
/ftp/internet-drafts/draft-rfced-exp-waters-01.txt
/ftp/internet-drafts/draft-rfced-info-smith-01.txt
/ftp/internet-drafts/draft-rfced-info-sun-01.txt
/ftp/internet-drafts/draft-ietf-idr-route-reflect-03.txt
/ftp/internet-drafts/draft-ietf-ifmib-mib-07.txt
/ftp/internet-drafts/draft-ietf-applmib-sysapplmib-10.txt
/ftp/internet-drafts/draft-valencia-l2f-01.txt
/ftp/internet-drafts/draft-deutsch-zlib-spec-05.txt
/ftp/internet-drafts/draft-deutsch-deflate-spec-05.txt
/ftp/internet-drafts/draft-deutsch-gzip-spec-05.txt
/ftp/internet-drafts/draft-ietf-dhc-new-options-06.txt
/ftp/internet-drafts/draft-crispin-imap-base-08.txt
/ftp/internet-drafts/draft-ietf-trunkmib-ds0-mib-09.txt
/ftp/internet-drafts/draft-ietf-dnsind-serial-04.txt
/ftp/internet-drafts/draft-masinter-url-data-04.txt
/ftp/internet-drafts/draft-ietf-wts-shtml-06.txt
/ftp/internet-drafts/draft-ietf-rtfm-acct-arch-report-02.txt
/ftp/internet-drafts/draft-degermark-ipv6-hc-09.txt
/ftp/internet-drafts/draft-ietf-ipsec-oakley-03.txt
/ftp/internet-drafts/draft-ietf-dnsind-2ndry-07.txt
/ftp/internet-drafts/draft-ietf-dnsind-clarify-09.txt
/ftp/internet-drafts/draft-ietf-userglos-glossary2-02.txt
/ftp/internet-drafts/draft-stevens-tcpca-spec-02.txt
/ftp/internet-drafts/draft-rfced-info-flowman-01.txt
/ftp/internet-drafts/draft-rfced-info-flowlabel-01.txt
/ftp/internet-drafts/draft-ietf-ion-scsp-06.txt
/ftp/internet-drafts/draft-ietf-ion-marsmcs-03.txt
/ftp/internet-drafts/draft-ietf-pkix-ipki-part1-12.txt
/ftp/internet-drafts/draft-ietf-dnssec-update-05.txt
/ftp/internet-drafts/draft-ietf-dnssec-ddi-07.txt
/ftp/internet-drafts/draft-klensin-cram-04.txt
/ftp/internet-drafts/draft-boutell-png-spec-06.txt
/ftp/internet-drafts/draft-ietf-http-negotiation-07.txt
/ftp/internet-drafts/draft-ietf-http-state-mgmt-06.txt
/ftp/internet-drafts/draft-mavrakis-vemmi-url-spec-05.txt
/ftp/internet-drafts/draft-ietf-rsvp-diagnostic-msgs-09.txt
/ftp/internet-drafts/draft-ietf-ion-sig-uni4.0-06.txt
/ftp/internet-drafts/draft-ietf-atommib-acct-07.txt
/ftp/internet-drafts/draft-ietf-asid-ldapv3-attributes-09.txt
/ftp/internet-drafts/draft-ietf-asid-ldapv3-protocol-10.txt
/ftp/internet-drafts/draft-ietf-drums-abnf-06.txt
/ftp/internet-drafts/draft-freed-smtperror-02.txt
/ftp/internet-drafts/draft-ietf-snanau-appnmib-05.txt
/ftp/internet-drafts/draft-crispin-imap-compat-01.txt
/ftp/internet-drafts/draft-crispin-imap-obsolete-01.txt
/ftp/internet-drafts/draft-rfced-info-jackowski-01.txt
/ftp/internet-drafts/draft-rfced-info-spinellis-02.txt
/ftp/internet-drafts/draft-rfced-info-touch-01.txt
/ftp/internet-drafts/draft-rfced-info-quarterman-01.txt
/ftp/internet-drafts/draft-baldwin-rc5-01.txt
/ftp/internet-drafts/draft-yergeau-utf8-02.txt
/ftp/internet-drafts/draft-ietf-idr-bgp-confed-01.txt
/ftp/internet-drafts/draft-ietf-ipsec-hmac-md5-02.txt
/ftp/internet-drafts/draft-ietf-atommib-atm1ng-07.txt
/ftp/internet-drafts/draft-ietf-atommib-perfhistTC-06.txt
/ftp/internet-drafts/draft-ietf-atommib-sonetng-06.txt
/ftp/internet-drafts/draft-manning-dnssvr-criteria-05.txt
/ftp/internet-drafts/draft-manning-bgpattrib-type-01.txt
/ftp/internet-drafts/draft-simpson-photuris-schemes-06.txt
/ftp/internet-drafts/draft-ietf-mobileip-mib-01.txt
/ftp/internet-drafts/draft-ietf-pier-rr-04.txt
/ftp/internet-drafts/draft-bradner-access-control-03.txt
/ftp/internet-drafts/draft-ietf-mhtml-spec-07.txt
/ftp/internet-drafts/draft-freed-charset-reg-05.txt
/ftp/internet-drafts/draft-ietf-ion-ipv6-03.txt
/ftp/internet-drafts/draft-ietf-ipsec-ah-hmac-md5-05.txt
/ftp/internet-drafts/draft-malkin-tftpexts-blksize-opt-04.txt
/ftp/internet-drafts/draft-simpson-ah-sha-kdp-01.txt
/ftp/internet-drafts/draft-ietf-ids-ds-bcp-05.txt
/ftp/internet-drafts/draft-ietf-rtfm-acct-experiences-02.txt
/ftp/internet-drafts/draft-ietf-mhtml-related-02.txt
/ftp/internet-drafts/draft-rfced-exp-polites-01.txt
/ftp/internet-drafts/draft-rfced-exp-navas-01.txt
/ftp/internet-drafts/draft-rfced-info-hamzeh-01.txt
/ftp/internet-drafts/draft-ietf-asid-mime-vcard-09.txt
/ftp/internet-drafts/draft-armitage-ion-mars-nbma-03.txt
/ftp/internet-drafts/draft-mcanally-netmgt-frmwk-rights-01.txt
/ftp/internet-drafts/draft-ietf-ids-dnsnames-04.txt
/ftp/internet-drafts/draft-ietf-822ext-mime-hdrs-01.txt
/ftp/internet-drafts/draft-kalbfleisch-www-track-mibs-01.txt
/ftp/internet-drafts/draft-rfced-info-newman-01.txt
/ftp/internet-drafts/draft-ietf-hubmib-etherif-mib-08.txt
/ftp/internet-drafts/draft-ietf-pier-renum-ovrvw-03.txt
/ftp/internet-drafts/draft-ietf-ipsec-arch-sec-08.txt
/ftp/internet-drafts/draft-ietf-ipsec-auth-header-08.txt
/ftp/internet-drafts/draft-gellens-submit-14.txt
/ftp/internet-drafts/draft-ietf-acap-spec-08.txt
/ftp/internet-drafts/draft-weinrib-irtf-guidelines-01.txt
/ftp/internet-drafts/draft-touch-tcp-interdep-02.txt
/ftp/internet-drafts/draft-ietf-ipsec-isakmp-oakley-09.txt
/ftp/internet-drafts/draft-ema-vpim-09.txt
/ftp/internet-drafts/draft-ietf-pppext-vendor-02.txt
/ftp/internet-drafts/draft-ietf-issll-isslow-07.txt
/ftp/internet-drafts/draft-ietf-ids-snqp-03.txt
/ftp/internet-drafts/draft-ietf-pppext-pptp-11.txt
/ftp/internet-drafts/draft-ietf-pkix-ipki3cmp-10.txt
/ftp/internet-drafts/draft-ietf-issll-atm-mapping-08.txt
/ftp/internet-drafts/draft-ietf-avt-rtp-redundancy-02.txt
/ftp/internet-drafts/draft-ietf-ipngwg-ipv6router-alert-07.txt
/ftp/internet-drafts/draft-ietf-rsvp-tunnel-05.txt
/ftp/internet-drafts/draft-ietf-roamops-roamreq-11.txt
/ftp/internet-drafts/draft-ietf-urn-naptr-06.txt
/ftp/internet-drafts/draft-ietf-agentx-ext-pro-05.txt
/ftp/internet-drafts/draft-ietf-asid-ldapv3-dynamic-09.txt
/ftp/internet-drafts/draft-ietf-ion-nhrp-mib-10.txt
/ftp/internet-drafts/draft-freed-smtp-pipeline-03.txt
/ftp/internet-drafts/draft-myers-imap-literal-02.txt
/ftp/internet-drafts/draft-myers-imap-optimize-04.txt
/ftp/internet-drafts/draft-ietf-issll-is802-sbm-11.txt
/ftp/internet-drafts/draft-ietf-ion-fr-update-07.txt
/ftp/internet-drafts/draft-ietf-intserv-guaranteed-mib-05.txt
/ftp/internet-drafts/draft-armitage-ion-cluster-size-02.txt
/ftp/internet-drafts/draft-palme-int-print-05.txt
/ftp/internet-drafts/draft-armitage-ion-venus-04.txt
/ftp/internet-drafts/draft-ietf-oncrpc-rpcsec_gss-06.txt
/ftp/internet-drafts/draft-ietf-pppext-mppc-01.txt
/ftp/internet-drafts/draft-ietf-asid-ldapv3-dn-05.txt
/ftp/internet-drafts/draft-ietf-asid-ldap-domains-03.txt
/ftp/internet-drafts/draft-ietf-rip-ripng-applic-01.txt
/ftp/internet-drafts/draft-ietf-atommib-atmacct-04.txt
/ftp/internet-drafts/draft-borman-jumbograms-02.txt
/ftp/internet-drafts/draft-civanlar-bmpeg-04.txt
/ftp/internet-drafts/draft-bradner-key-words-04.txt
/ftp/internet-drafts/draft-ietf-mhtml-cid-05.txt
/ftp/internet-drafts/draft-ietf-intserv-rsvp-use-03.txt
/ftp/internet-drafts/draft-ietf-stdguide-ops-08.txt
/ftp/internet-drafts/draft-ietf-bmwg-lanswitch-08.txt
/ftp/internet-drafts/draft-rfced-info-mills-01.txt
/ftp/internet-drafts/draft-ietf-dhc-slp-08.txt
/ftp/internet-drafts/draft-rfced-info-callaghan2-01.txt
/ftp/internet-drafts/draft-rfced-info-noble-01.txt
/ftp/internet-drafts/draft-rfced-info-callaghan1-01.txt
/ftp/internet-drafts/draft-emberson-tftp-multicast-opt-02.txt
/ftp/internet-drafts/draft-klensin-tld-whois-04.txt
/ftp/internet-drafts/draft-ietf-roamops-imprev-05.txt
/ftp/internet-drafts/draft-ietf-ripv2-protocol-v2-07.txt
/ftp/internet-drafts/draft-iab-ip-ad-today-02.txt
/ftp/internet-drafts/draft-rfced-exp-partridge-01.txt
/ftp/internet-drafts/draft-rfced-info-wijnen-01.txt
/ftp/internet-drafts/draft-rfced-info-rekhter-01.txt
/ftp/internet-drafts/draft-ietf-pppext-l2tp-17.txt
/ftp/internet-drafts/draft-suzuki-st2-over-atm-04.txt
/ftp/internet-drafts/draft-ietf-issll-isslow-mcml-07.txt
/ftp/internet-drafts/draft-ietf-otp-ext-06.txt
/ftp/internet-drafts/draft-ietf-issll-is802-framework-08.txt
/ftp/internet-drafts/draft-ietf-ids-inp-04.txt
/ftp/internet-drafts/draft-ferguson-ingress-filtering-04.txt
/ftp/internet-drafts/draft-souvatzis-ipv6-arcnet-06.txt
/ftp/internet-drafts/draft-callaghan-url-nfs-02.txt
/ftp/internet-drafts/draft-newman-url-imap-11.txt
/ftp/internet-drafts/draft-rfced-info-chiang-02.txt
/ftp/internet-drafts/draft-rfced-info-edd-01.txt
/ftp/internet-drafts/draft-ietf-ftpext-ftp-over-ipv6-04.txt
/ftp/internet-drafts/draft-holtman-http-safe-04.txt
/ftp/internet-drafts/draft-freed-pvcsc-05.txt
/ftp/internet-drafts/draft-ietf-ipngwg-multicast-assgn-06.txt
/ftp/internet-drafts/draft-goldsmith-utf7-03.txt
/ftp/internet-drafts/draft-stevens-advanced-api-05.txt
/ftp/internet-drafts/draft-ietf-rmonmib-smon-08.txt
/ftp/internet-drafts/draft-ietf-http-hit-metering-05.txt
/ftp/internet-drafts/draft-ietf-urn-syntax-05.txt
/ftp/internet-drafts/draft-ietf-conneg-feature-reg-04.txt
/ftp/internet-drafts/draft-ietf-ion-transition-05.txt
/ftp/internet-drafts/draft-ietf-mboned-admin-ip-space-07.txt
/ftp/internet-drafts/draft-wessels-icp-v2-04.txt
/ftp/internet-drafts/draft-lyon-itp-nodes-09.txt
/ftp/internet-drafts/draft-ietf-rsvp-procrules-01.txt
/ftp/internet-drafts/draft-ietf-tls-kerb-cipher-suites-05.txt
/ftp/internet-drafts/draft-ietf-roamops-nai-13.txt
/ftp/internet-drafts/draft-ietf-ldapext-lang-02.txt
/ftp/internet-drafts/draft-weider-iab-char-wrkshop-02.txt
/ftp/internet-drafts/draft-thaler-multicast-interop-04.txt
/ftp/internet-drafts/draft-ietf-dhc-userclass-11.txt
/ftp/internet-drafts/draft-provan-dhcp-options-dir-serv-03.txt
/ftp/internet-drafts/draft-ietf-ipsec-ipsec-doi-11.txt
/ftp/internet-drafts/draft-ietf-ion-inarp-update-04.txt
/ftp/internet-drafts/draft-ietf-ipngwg-6over4-03.txt
/ftp/internet-drafts/draft-mcdonald-pf-key-v2-07.txt
/ftp/internet-drafts/draft-ietf-radius-tunnel-imp-06.txt
/ftp/internet-drafts/draft-ietf-snanau-hprmib-03.txt
/ftp/internet-drafts/draft-ietf-snanau-dlurmib-03.txt
/ftp/internet-drafts/draft-ietf-ssh-users-11.txt
/ftp/internet-drafts/draft-ietf-ftpext-intl-ftp-07.txt
/ftp/internet-drafts/draft-ietf-urn-http-conv-02.txt
/ftp/internet-drafts/draft-ietf-ipp-req-04.txt
/ftp/internet-drafts/draft-ietf-svrloc-service-scheme-15.txt
/ftp/internet-drafts/draft-ietf-frnetmib-frs-mib-13.txt
/ftp/internet-drafts/draft-ietf-frnetmib-atmiwf-07.txt
/ftp/internet-drafts/draft-ietf-disman-script-mib-09.txt
/ftp/internet-drafts/draft-ietf-urn-req-frame-05.txt
/ftp/internet-drafts/draft-ietf-ion-mars-mib-07.txt
/ftp/internet-drafts/draft-ietf-ids-dirnaming-05.txt
/ftp/internet-drafts/draft-ietf-rtfm-new-traffic-flow-11.txt
/ftp/internet-drafts/draft-ietf-svrloc-api-10.txt
/ftp/internet-drafts/draft-ietf-rmonmib-rmonprot-mac-03.txt
/ftp/internet-drafts/draft-ietf-vrrp-spec-07.txt
/ftp/internet-drafts/draft-ietf-applmib-mib-12.txt
/ftp/internet-drafts/draft-ietf-rps-rpsl-05.txt
/ftp/internet-drafts/draft-smith-ldap-inetorgperson-05.txt
/ftp/internet-drafts/draft-ietf-applmib-wwwmib-12.txt
/ftp/internet-drafts/draft-ietf-radius-tunnel-auth-10.txt
/ftp/internet-drafts/draft-ietf-lsma-limitations-05.txt
/ftp/internet-drafts/draft-ietf-mmusic-rtsp-10.txt
/ftp/internet-drafts/draft-pullen-ipv4-rsvp-05.txt
/ftp/internet-drafts/draft-mankin-reliable-multicast-04.txt
/ftp/internet-drafts/draft-ietf-ospf-stdreport-05.txt
/ftp/internet-drafts/draft-ietf-find-cip-tagged-08.txt
/ftp/internet-drafts/draft-ietf-ippm-framework-04.txt
/ftp/internet-drafts/draft-ietf-ippm-delay-08.txt
/ftp/internet-drafts/draft-ietf-avt-crtp-06.txt
/ftp/internet-drafts/draft-ietf-tls-protocol-07.txt
/ftp/internet-drafts/draft-good-ldap-ldif-07.txt
/ftp/internet-drafts/draft-ietf-bmwg-mcast-07.txt
/ftp/internet-drafts/draft-ietf-mmusic-sip-13.txt
/ftp/internet-drafts/draft-ietf-ftpext-sec-consider-03.txt
/ftp/internet-drafts/draft-clark-telnet-control-06.txt
/ftp/internet-drafts/draft-ietf-harts-guide-04.txt
/ftp/internet-drafts/draft-ietf-ipngwg-ipv6-over-ppp-07.txt
/ftp/internet-drafts/draft-hoffman-mailto-url-07.txt
/ftp/internet-drafts/draft-ietf-dnsind-ncache-11.txt
/ftp/internet-drafts/draft-crocker-stdaddr-03.txt
/ftp/internet-drafts/draft-ietf-radius-ext-08.txt
/ftp/internet-drafts/draft-ema-vpim-dur-04.txt
/ftp/internet-drafts/draft-ema-vpim-32kadpcm-04.txt
/ftp/internet-drafts/draft-ema-vpim-vmsg-04.txt
/ftp/internet-drafts/draft-ietf-http-versions-02.txt
/ftp/internet-drafts/draft-rfced-info-banan-esro-01.txt
/ftp/internet-drafts/draft-ietf-otp-03.txt
/ftp/internet-drafts/draft-rfced-info-maruyama-03.txt
/ftp/internet-drafts/draft-ietf-mixer-mail11-01.txt
/ftp/internet-drafts/draft-ietf-mixer-rfc1664bis-02.txt
/ftp/internet-drafts/draft-rfced-info-nagami-01.txt
/ftp/internet-drafts/draft-ietf-mobileip-tunnel-reverse-07.txt
/ftp/internet-drafts/draft-ietf-calsch-ical-13.txt
/ftp/internet-drafts/draft-ietf-ipngwg-ipv6-mib-05.txt
/ftp/internet-drafts/draft-ietf-ipngwg-ipv6-icmp-mib-03.txt
/ftp/internet-drafts/draft-ietf-idr-aggregation-framework-05.txt
/ftp/internet-drafts/draft-maruyama-mapos-sonet-03.txt
/ftp/internet-drafts/draft-ietf-fax-tiff-10.txt
/ftp/internet-drafts/draft-ietf-http-rvsa-v10-04.txt
/ftp/internet-drafts/draft-kunze-dc-04.txt
/ftp/internet-drafts/draft-ietf-pppext-ipcp-mip-04.txt
/ftp/internet-drafts/draft-moore-mime-cdisp-03.txt
/ftp/internet-drafts/draft-rfced-info-amsden-01.txt
/ftp/internet-drafts/draft-ietf-ion-intralis-multicast-03.txt
/ftp/internet-drafts/draft-ietf-mixer-directory-04.txt
/ftp/internet-drafts/draft-ietf-asid-ldapv3-simplepaged-04.txt
/ftp/internet-drafts/draft-ietf-webdav-requirements-04.txt
/ftp/internet-drafts/draft-leiba-imap-idle-03.txt
/ftp/internet-drafts/draft-rfced-exp-elliston-01.txt
/ftp/internet-drafts/draft-rfced-info-bryant-02.txt
/ftp/internet-drafts/draft-ietf-rtfm-meter-mib-12.txt
/ftp/internet-drafts/draft-ietf-find-cip-soif-03.txt
/ftp/internet-drafts/draft-rfced-info-bates-multihoming-02.txt
/ftp/internet-drafts/draft-ietf-spki-cert-req-04.txt
/ftp/internet-drafts/draft-ietf-run-spew-09.txt
/ftp/internet-drafts/draft-ietf-fax-tiffplus-09.txt
/ftp/internet-drafts/draft-ietf-http-state-man-mec-13.txt
/ftp/internet-drafts/draft-masinter-form-data-06.txt
/ftp/internet-drafts/draft-ietf-pkix-ipki2opp-09.txt
/ftp/internet-drafts/draft-showalter-imap-id-05.txt
/ftp/internet-drafts/draft-ietf-ipngwg-trans-fddi-net-06.txt
/ftp/internet-drafts/draft-ietf-ipngwg-trans-ethernet-05.txt
/ftp/internet-drafts/draft-hoffman-smtp-ssl-11.txt
/ftp/internet-drafts/draft-ietf-poisson-wg-guide-05.txt
/ftp/internet-drafts/draft-bradner-isoc-incorp-01.txt
/ftp/internet-drafts/draft-cheng-hmac-test-cases-01.txt
/ftp/internet-drafts/draft-ietf-ippm-loss-08.txt
/ftp/internet-drafts/draft-bradner-isoc-by-laws-01.txt
/ftp/internet-drafts/draft-baer-listspec-03.txt
/ftp/internet-drafts/draft-gahrns-imap-practice-03.txt
/ftp/internet-drafts/draft-ietf-issll-atm-imp-guide-06.txt
/ftp/internet-drafts/draft-ietf-qosr-framework-07.txt
/ftp/internet-drafts/draft-dusse-smime-msg-08.txt
/ftp/internet-drafts/draft-dusse-smime-cert-07.txt
/ftp/internet-drafts/draft-irtf-e2e-queue-mgt-02.txt
/ftp/internet-drafts/draft-ietf-avt-rtp-mib-14.txt
/ftp/internet-drafts/draft-guerin-qos-routing-ospf-06.txt
/ftp/internet-drafts/draft-ietf-pkix-ipki-part4-04.txt
/ftp/internet-drafts/draft-ietf-pppext-aal5-07.txt
/ftp/internet-drafts/draft-ietf-asid-ldapv3-url-05.txt
/ftp/internet-drafts/draft-ietf-asid-ldapv3-filter-04.txt
/ftp/internet-drafts/draft-ietf-roamops-auth-11.txt
/ftp/internet-drafts/draft-ietf-rps-appl-rpsl-07.txt
/ftp/internet-drafts/draft-ietf-tcpimpl-prob-06.txt
/ftp/internet-drafts/draft-ietf-issll-isslow-rtf-06.txt
/ftp/internet-drafts/draft-ietf-ipp-model-12.txt
/ftp/internet-drafts/draft-ietf-asid-ldapv3schema-x500-05.txt
/ftp/internet-drafts/draft-ietf-urn-nid-req-09.txt
/ftp/internet-drafts/draft-ietf-rsvp-intsrv-analysis-02.txt
/ftp/internet-drafts/draft-ietf-ipngwg-router-renum-11.txt
/ftp/internet-drafts/draft-ietf-urn-resolution-services-08.txt
/ftp/internet-drafts/draft-ietf-ion-scsp-nhrp-06.txt
/ftp/internet-drafts/draft-yergeau-utf8-rev-02.txt
/ftp/internet-drafts/draft-howard-nis-schema-05.txt
/ftp/internet-drafts/draft-ietf-dnssec-secext2-08.txt
/ftp/internet-drafts/draft-rfced-info-gwinn-02.txt
/ftp/internet-drafts/draft-ietf-urn-biblio-03.txt
/ftp/internet-drafts/draft-wessels-icp-v2-appl-04.txt
/ftp/internet-drafts/draft-ietf-disman-event-mib-11.txt
/ftp/internet-drafts/draft-ietf-disman-express-mib-13.txt
/ftp/internet-drafts/draft-ietf-disman-notif-log-mib-18.txt
/ftp/internet-drafts/draft-ietf-calsch-locating-04.txt
/ftp/internet-drafts/draft-rfced-info-kessler-01.txt
/ftp/internet-drafts/draft-rfced-info-adams-01.txt
/ftp/internet-drafts/draft-rfced-info-murakami-03.txt
/ftp/internet-drafts/draft-rfced-info-ken-03.txt
/ftp/internet-drafts/draft-rfced-info-mitsuru-03.txt
/ftp/internet-drafts/draft-ietf-snmpv3-next-gen-arch-08.txt
/ftp/internet-drafts/draft-ietf-ipvbi-nabts-06.txt
/ftp/internet-drafts/draft-ietf-printmib-job-monitor-09.txt
/ftp/internet-drafts/draft-ietf-avt-mpeg-new-03.txt
/ftp/internet-drafts/draft-rfced-info-williamson-01.txt
/ftp/internet-drafts/draft-engan-ip-compress-03.txt
/ftp/internet-drafts/draft-gahrns-imap-namespace-08.txt
/ftp/internet-drafts/draft-rfced-info-murakami2-01.txt
/ftp/internet-drafts/draft-ietf-calsch-imip-09.txt
/ftp/internet-drafts/draft-hoffman-pkcs-rsa-encrypt-04.txt
/ftp/internet-drafts/draft-hoffman-pkcs-crypt-msg-04.txt
/ftp/internet-drafts/draft-hoffman-pkcs-certif-req-04.txt
/ftp/internet-drafts/draft-ietf-snmpv3-v3mpc-model-08.txt
/ftp/internet-drafts/draft-ietf-issll-isslow-svcmap-09.txt
/ftp/internet-drafts/draft-ietf-urn-ietf-10.txt
/ftp/internet-drafts/draft-ietf-agentx-mib-06.txt
/ftp/internet-drafts/draft-ietf-ipngwg-unicast-aggr-06.txt
/ftp/internet-drafts/draft-ietf-ipngwg-addr-arch-v2-08.txt
/ftp/internet-drafts/draft-gahrns-imap-login-referrals-04.txt
/ftp/internet-drafts/draft-gahrns-imap-mailbox-referral-01.txt
/ftp/internet-drafts/draft-ietf-find-soif-registry-01.txt
/ftp/internet-drafts/draft-ietf-ipngwg-testv2-addralloc-02.txt
/ftp/internet-drafts/draft-ietf-tn3270e-ver2-enhance-02.txt
/ftp/internet-drafts/draft-ietf-tn3270e-tn3270-mib-11.txt
/ftp/internet-drafts/draft-ietf-dnssec-dhk-04.txt
/ftp/internet-drafts/draft-ietf-ldapext-ldapv3-tls-07.txt
/ftp/internet-drafts/draft-li-hsrp-02.txt
/ftp/internet-drafts/draft-ietf-ipngwg-ipv6-tcp-mib-03.txt
/ftp/internet-drafts/draft-ietf-ipngwg-ipv6-udp-mib-03.txt
/ftp/internet-drafts/draft-ietf-find-cip-trans-02.txt
/ftp/internet-drafts/draft-zigmond-tv-url-05.txt
/ftp/internet-drafts/draft-ietf-ftpext-feat-04.txt
/ftp/internet-drafts/draft-ietf-find-cip-mime-04.txt
/ftp/internet-drafts/draft-ietf-find-cip-arch-03.txt
/ftp/internet-drafts/draft-ietf-ipngwg-trans-tokenring-06.txt
/ftp/internet-drafts/draft-ietf-snmpv3-acm-06.txt
/ftp/internet-drafts/draft-ietf-acap-anon-02.txt
/ftp/internet-drafts/draft-rivest-rc2desc-02.txt
/ftp/internet-drafts/draft-alvestrand-charset-policy-03.txt
/ftp/internet-drafts/draft-ietf-ipsec-doc-roadmap-03.txt
/ftp/internet-drafts/draft-ietf-ipsec-auth-hmac-sha196-04.txt
/ftp/internet-drafts/draft-ietf-ipsec-auth-hmac-md5-96-04.txt
/ftp/internet-drafts/draft-ietf-ipsec-ciph-des-expiv-03.txt
/ftp/internet-drafts/draft-ietf-mhtml-rev-08.txt
/ftp/internet-drafts/draft-evans-tip-functions-04.txt
/ftp/internet-drafts/draft-ietf-fax-tiff-reg-07.txt
/ftp/internet-drafts/draft-ietf-ipcdn-cable-device-mib-09.txt
/ftp/internet-drafts/draft-ietf-ipcdn-rf-interface-mib-08.txt
/ftp/internet-drafts/draft-rfced-info-atkinson-02.txt
/ftp/internet-drafts/draft-wallner-key-arch-02.txt
/ftp/internet-drafts/draft-ietf-issll-atm-imp-req-05.txt
/ftp/internet-drafts/draft-rfced-info-nash-02.txt
/ftp/internet-drafts/draft-rfced-info-faith-03.txt
/ftp/internet-drafts/draft-ietf-dnsind-test-tlds-14.txt
/ftp/internet-drafts/draft-ietf-pppext-des-encrypt-v2-04.txt
/ftp/internet-drafts/draft-ietf-ipp-lpd-ipp-map-06.txt
/ftp/internet-drafts/draft-ietf-snmpv3-usm-05.txt
/ftp/internet-drafts/draft-ietf-tcpimpl-tools-05.txt
/ftp/internet-drafts/draft-ietf-ipp-protocol-08.txt
/ftp/internet-drafts/draft-ietf-ipngwg-tla-assignment-06.txt
/ftp/internet-drafts/draft-ietf-ippcp-protocol-07.txt
/ftp/internet-drafts/draft-ietf-ipp-rat-05.txt
/ftp/internet-drafts/draft-ietf-webdav-protocol-11.txt
/ftp/internet-drafts/draft-ietf-pppext-3des-encrypt-02.txt
/ftp/internet-drafts/draft-ietf-snmpv3-appl-06.txt
/ftp/internet-drafts/draft-ietf-poisson-nomcom-05.txt
/ftp/internet-drafts/draft-ietf-cat-ftpkeasj-02.txt
/ftp/internet-drafts/draft-ietf-ipsec-esp-v2-07.txt
/ftp/internet-drafts/draft-ietf-ion-discov-atmarp-06.txt
/ftp/internet-drafts/draft-ietf-ion-discov-mars-06.txt
/ftp/internet-drafts/draft-ietf-calsch-itip-08.txt
/ftp/internet-drafts/draft-ietf-dhc-netware-options-02.txt
/ftp/internet-drafts/draft-carlson-nhrp-04.txt
/ftp/internet-drafts/draft-ietf-issll-atm-framework-05.txt
/ftp/internet-drafts/draft-ietf-mhtml-cid-v2-01.txt
/ftp/internet-drafts/draft-ietf-ion-scsp-mars-03.txt
/ftp/internet-drafts/draft-ietf-iesg-tftp-01.txt
/ftp/internet-drafts/draft-slaski-ftpftam-03.txt
/ftp/internet-drafts/draft-ietf-ip1394-ipv4-20.txt
/ftp/internet-drafts/draft-ietf-pppext-funi-07.txt
/ftp/internet-drafts/draft-ietf-ipngwg-discovery-v2-04.txt
/ftp/internet-drafts/draft-ietf-ipngwg-addrconf-v2-03.txt
/ftp/internet-drafts/draft-ietf-ipngwg-ipv6-spec-v2-03.txt
/ftp/internet-drafts/draft-tynan-rtp-bt656-04.txt
/ftp/internet-drafts/draft-ietf-lsma-requirements-05.txt
/ftp/internet-drafts/draft-ietf-idr-as-dedicated-01.txt
/ftp/internet-drafts/draft-shepard-tcp-4-packets-3-buff-03.txt
/ftp/internet-drafts/draft-ietf-svrloc-template-conversion-09.txt
/ftp/internet-drafts/draft-ietf-ippcp-lzs-05.txt
/ftp/internet-drafts/draft-ietf-pkix-ipki-kea-03.txt
/ftp/internet-drafts/draft-ietf-tn3270e-rt-mib-08.txt
/ftp/internet-drafts/draft-widjaja-mpls-vc-merge-02.txt
/ftp/internet-drafts/draft-ietf-ptopomib-mib-06.txt
/ftp/internet-drafts/draft-ietf-ngtrans-siit-09.txt
/ftp/internet-drafts/draft-floyd-incr-init-win-04.txt
/ftp/internet-drafts/draft-ietf-2000-issue-07.txt
/ftp/internet-drafts/draft-ietf-ifmib-tunnel-mib-07.txt
/ftp/internet-drafts/draft-ietf-issll-is802-svc-mapping-05.txt
/ftp/internet-drafts/draft-ietf-avt-fec-09.txt
/ftp/internet-drafts/draft-ietf-bmwg-secperf-09.txt
/ftp/internet-drafts/draft-ietf-ion-discov-nhrp-06.txt
/ftp/internet-drafts/draft-ietf-avt-info-repair-04.txt
/ftp/internet-drafts/draft-ietf-radius-acc-clientmib-06.txt
/ftp/internet-drafts/draft-ietf-radius-acc-servmib-06.txt
/ftp/internet-drafts/draft-ietf-radius-auth-clientmib-06.txt
/ftp/internet-drafts/draft-ietf-radius-auth-servmib-06.txt
/ftp/internet-drafts/draft-rfced-info-tamaru-03.txt
/ftp/internet-drafts/draft-antti-telephony-url-13.txt
/ftp/internet-drafts/draft-newman-tls-imappop-10.txt
/ftp/internet-drafts/draft-rfced-info-hobbes-02.txt
/ftp/internet-drafts/draft-ietf-mixer-subtrees-01.txt
/ftp/internet-drafts/draft-ietf-mixer-infotree-01.txt
/ftp/internet-drafts/draft-ietf-snanau-ebnmib-03.txt
/ftp/internet-drafts/draft-kapp-test-cases-01.txt
/ftp/internet-drafts/draft-ietf-mhtml-rel-v2-01.txt
/ftp/internet-drafts/draft-leiba-imap-implement-guide-11.txt
/ftp/internet-drafts/draft-ietf-idr-bgp4-multiprotocol-03.txt
/ftp/internet-drafts/draft-ietf-dnssec-dss-04.txt
/ftp/internet-drafts/draft-mogul-pps-api-07.txt
/ftp/internet-drafts/draft-ietf-idmr-pim-sm-specv2-01.txt
/ftp/internet-drafts/draft-wu-srp-auth-04.txt
/ftp/internet-drafts/draft-ietf-dnssec-certs-05.txt
/ftp/internet-drafts/draft-ietf-manet-issues-03.txt
/ftp/internet-drafts/draft-rfced-info-guenther-01.txt
/ftp/internet-drafts/draft-wu-telnet-auth-srp-06.txt
/ftp/internet-drafts/draft-ietf-fax-fulladdr-07.txt
/ftp/internet-drafts/draft-ietf-cat-rfc2078bis-09.txt
/ftp/internet-drafts/draft-ietf-rtfm-architecture-09.txt
/ftp/internet-drafts/draft-ietf-pkix-opp-ftp-http-05.txt
/ftp/internet-drafts/draft-ietf-ipsec-ciph-cbc-05.txt
/ftp/internet-drafts/draft-ietf-tcpsat-stand-mech-07.txt
/ftp/internet-drafts/draft-iesg-iana-considerations-07.txt
/ftp/internet-drafts/draft-ietf-nntpext-imp-05.txt
/ftp/internet-drafts/draft-ietf-ion-ipv6-atm-04.txt
/ftp/internet-drafts/draft-ietf-pppext-eaptls-07.txt
/ftp/internet-drafts/draft-ietf-http-v11-spec-rev-07.txt
/ftp/internet-drafts/draft-ietf-ldapext-acl-reqts-04.txt
/ftp/internet-drafts/draft-ietf-pkix-ocsp-09.txt
/ftp/internet-drafts/draft-ietf-ipngwg-icmp-v2-03.txt
/ftp/internet-drafts/draft-ietf-urlreg-guide-06.txt
/ftp/internet-drafts/draft-iesg-odell-mibtest-03.txt
/ftp/internet-drafts/draft-ietf-ospf-atm-05.txt
/ftp/internet-drafts/draft-ietf-smime-cms-14.txt
/ftp/internet-drafts/draft-freed-pvcsc-new-01.txt
/ftp/internet-drafts/draft-ietf-smime-ess-13.txt
/ftp/internet-drafts/draft-ietf-find-cip-ldapv2-03.txt
/ftp/internet-drafts/draft-ietf-svrloc-protocol-v2-16.txt
/ftp/internet-drafts/draft-gellens-on-demand-08.txt
/ftp/internet-drafts/draft-ietf-idr-route-damp-05.txt
/ftp/internet-drafts/draft-freed-gatesec-04.txt
/ftp/internet-drafts/draft-ietf-ospf-vers2-04.txt
/ftp/internet-drafts/draft-narten-canonical-ordering-01.txt
/ftp/internet-drafts/draft-fielding-uri-syntax-05.txt
/ftp/internet-drafts/draft-ietf-idr-bgp4-ipv6-02.txt
/ftp/internet-drafts/draft-ietf-ldapext-authmeth-05.txt
/ftp/internet-drafts/draft-lindberg-anti-spam-mta-09.txt
/ftp/internet-drafts/draft-alvestrand-audio-l16-02.txt
/ftp/internet-drafts/draft-ietf-pppext-mmp-discovery-03.txt
/ftp/internet-drafts/draft-ietf-avt-rtp-h263-video-03.txt
/ftp/internet-drafts/draft-srisuresh-lsnat-04.txt
/ftp/internet-drafts/draft-ietf-openpgp-formats-09.txt
/ftp/internet-drafts/draft-kksjf-ecn-04.txt
/ftp/internet-drafts/draft-rfced-info-vaughan-01.txt
/ftp/internet-drafts/draft-ietf-ipsec-auth-hmac-ripemd-160-96-05.txt
/ftp/internet-drafts/draft-ietf-fax-service-06.txt
/ftp/internet-drafts/draft-ietf-ipngwg-bsd-api-new-07.txt
/ftp/internet-drafts/draft-ietf-ion-proxypar-arch-03.txt
/ftp/internet-drafts/draft-ietf-conneg-media-features-06.txt
/ftp/internet-drafts/draft-ietf-ngtrans-mech-07.txt
/ftp/internet-drafts/draft-ietf-smime-msg-09.txt
/ftp/internet-drafts/draft-ietf-smime-cert-09.txt
/ftp/internet-drafts/draft-ietf-ngtrans-6bone-routing-02.txt
/ftp/internet-drafts/draft-iab-secwks-report-01.txt
/ftp/internet-drafts/draft-ietf-ion-ipv6-fr-03.txt
/ftp/internet-drafts/draft-ietf-avt-jpeg-new-03.txt
/ftp/internet-drafts/draft-ietf-ippm-connectivity-05.txt
/ftp/internet-drafts/draft-ietf-rap-framework-04.txt
/ftp/internet-drafts/draft-ietf-malloc-masc-07.txt
/ftp/internet-drafts/draft-ietf-http-authentication-04.txt
/ftp/internet-drafts/draft-ietf-spki-cert-theory-06.txt
/ftp/internet-drafts/draft-ietf-tcpsat-res-issues-13.txt
/ftp/internet-drafts/draft-ietf-radius-tunnel-acct-06.txt
/ftp/internet-drafts/draft-ietf-ippcp-deflate-04.txt
/ftp/internet-drafts/draft-ietf-idr-bgp-tcp-md5-02.txt
/ftp/internet-drafts/draft-ietf-fax-goals-05.txt
/ftp/internet-drafts/draft-ietf-fax-minaddrgen-03.txt
/ftp/internet-drafts/draft-ietf-fax-minaddrfax-02.txt
/ftp/internet-drafts/draft-ietf-vrrp-mib-10.txt
/ftp/internet-drafts/draft-freed-bsmtp-03.txt
/ftp/internet-drafts/draft-nichols-diff-svc-arch-03.txt
/ftp/internet-drafts/draft-ohta-misty1desc-03.txt
/ftp/internet-drafts/draft-ietf-mboned-mzap-07.txt
/ftp/internet-drafts/draft-ietf-malloc-arch-06.txt
/ftp/internet-drafts/draft-ietf-ngtrans-natpt-08.txt
/ftp/internet-drafts/draft-rfced-info-koi8-u-04.txt
/ftp/internet-drafts/draft-ietf-avt-rtp-format-guidelines-05.txt
/ftp/internet-drafts/draft-ietf-conneg-requirements-03.txt
/ftp/internet-drafts/draft-ietf-disman-schedule-mib-07.txt
/ftp/internet-drafts/draft-fleischman-codec-subtree-03.txt
/ftp/internet-drafts/draft-ietf-schema-ldap-02.txt
/ftp/internet-drafts/draft-li-paste-02.txt
/ftp/internet-drafts/draft-thaler-multipath-06.txt
/ftp/internet-drafts/draft-ietf-printmib-job-protomap-05.txt
/ftp/internet-drafts/draft-ietf-rap-cops-09.txt
/ftp/internet-drafts/draft-ietf-dnssec-rsa-02.txt
/ftp/internet-drafts/draft-ietf-snmpv3-usm-v2-06.txt
/ftp/internet-drafts/draft-ietf-otp-sasl-03.txt
/ftp/internet-drafts/draft-ietf-tls-https-05.txt
/ftp/internet-drafts/draft-malkin-tftpexts-option-ext-01.txt
/ftp/internet-drafts/draft-malkin-tftpexts-options-02.txt
/ftp/internet-drafts/draft-tso-telnet-encryption-05.txt
/ftp/internet-drafts/draft-tso-telnet-auth-enc-06.txt
/ftp/internet-drafts/draft-tso-telnet-krb5-05.txt
/ftp/internet-drafts/draft-tso-telnet-enc-des-cfb-05.txt
/ftp/internet-drafts/draft-tso-telnet-enc-des-ofb-05.txt
/ftp/internet-drafts/draft-gellens-pop-url-03.txt
/ftp/internet-drafts/draft-rfced-info-ipsilon-gsmp2-01.txt
/ftp/internet-drafts/draft-housley-telnet-auth-dsa-06.txt
/ftp/internet-drafts/draft-gellens-pop3ext-10.txt
/ftp/internet-drafts/draft-whistler-plane14-01.txt
/ftp/internet-drafts/draft-rfced-info-dudley-03.txt
/ftp/internet-drafts/draft-ietf-dnsind-binary-labels-06.txt
/ftp/internet-drafts/draft-lie-text-css-01.txt
/ftp/internet-drafts/draft-ietf-pkix-crmf-02.txt
/ftp/internet-drafts/draft-ietf-tn3270e-tn5250e-06.txt
/ftp/internet-drafts/draft-ietf-tcpimpl-poduri-03.txt
/ftp/internet-drafts/draft-ietf-ipfc-fibre-channel-07.txt
/ftp/internet-drafts/draft-ietf-dnssec-secops-03.txt
/ftp/internet-drafts/draft-ietf-snanau-appnmib-v2-03.txt
/ftp/internet-drafts/draft-ietf-mboned-mcast-firewall-03.txt
/ftp/internet-drafts/draft-vixie-htcp-proto-06.txt
/ftp/internet-drafts/draft-ietf-rps-auth-05.txt
/ftp/internet-drafts/draft-ietf-pint-pre-implement-04.txt
/ftp/internet-drafts/draft-rfced-info-matip-01.txt
/ftp/internet-drafts/draft-ietf-dnsind-dname-04.txt
/ftp/internet-drafts/draft-ietf-ipngwg-mld-03.txt
/ftp/internet-drafts/draft-ietf-rtfm-ruleset-language-08.txt
/ftp/internet-drafts/draft-housley-telnet-auth-keasj-06.txt
/ftp/internet-drafts/draft-isoc-sun-nfs-agreement-01.txt
/ftp/internet-drafts/draft-ietf-ldapext-sorting-04.txt
/ftp/internet-drafts/draft-ietf-pppext-mschap-01.txt
/ftp/internet-drafts/draft-ietf-urlreg-procedures-09.txt
/ftp/internet-drafts/draft-rfced-info-vns-02.txt
/ftp/internet-drafts/draft-ietf-pkix-cmc-06.txt
/ftp/internet-drafts/draft-iab-nat-implications-10.txt
/ftp/internet-drafts/draft-ietf-malloc-api-08.txt
/ftp/internet-drafts/draft-ietf-ipsec-ciph-null-02.txt
/ftp/internet-drafts/draft-ietf-rap-rsvp-ext-07.txt
/ftp/internet-drafts/draft-ietf-fax-eifax-13.txt
/ftp/internet-drafts/draft-frystyk-http-extensions-04.txt
/ftp/internet-drafts/draft-ietf-adslmib-adsllinemib-10.txt
/ftp/internet-drafts/draft-ietf-pkix-ldapv2-schema-03.txt
/ftp/internet-drafts/draft-ietf-pppext-lcp-charset-08.txt
/ftp/internet-drafts/draft-ietf-bridge-bridgemib-07.txt
/ftp/internet-drafts/draft-daigle-wppresp-03.txt
/ftp/internet-drafts/draft-daigle-wppquery-03.txt
/ftp/internet-drafts/draft-ietf-ipngwg-dns-lookups-09.txt
/ftp/internet-drafts/draft-pittet-hippiarp-06.txt
/ftp/internet-drafts/draft-nilsson-audio-mpeg-04.txt
/ftp/internet-drafts/draft-mckay-qcelp-04.txt
/ftp/internet-drafts/draft-ietf-ion-nhrp-mobile-nhc-02.txt
/ftp/internet-drafts/draft-ietf-nfsv4-nfssec-02.txt
/ftp/internet-drafts/draft-rfced-info-moats-04.txt
/ftp/internet-drafts/draft-ietf-disman-remops-mib-09.txt
/ftp/internet-drafts/draft-ietf-mpls-traffic-eng-02.txt
/ftp/internet-drafts/draft-whitehead-mime-xml-06.txt
/ftp/internet-drafts/draft-ietf-ldapext-sigops-05.txt
/ftp/internet-drafts/draft-ietf-ip1394-dhcp-05.txt
/ftp/internet-drafts/draft-ietf-diffserv-header-05.txt
/ftp/internet-drafts/draft-ryan-java-schema-03.txt
/ftp/internet-drafts/draft-ietf-hubmib-mau-mib-v2-05.txt
/ftp/internet-drafts/draft-ietf-snanau-appntrapmib-04.txt
/ftp/internet-drafts/draft-ietf-diffserv-arch-03.txt
/ftp/internet-drafts/draft-ietf-smime-x942-08.txt
/ftp/internet-drafts/draft-ietf-idr-bgp4-multiprotocol-v2-06.txt
/ftp/internet-drafts/draft-ietf-snmpv3-intro-05.txt
/ftp/internet-drafts/draft-ietf-nat-terminology-04.txt
/ftp/internet-drafts/draft-ietf-iptel-gwloc-framework-07.txt
/ftp/internet-drafts/draft-ietf-ifmib-invstackmib-04.txt
/ftp/internet-drafts/draft-ietf-ifmib-ifmib2-04.txt
/ftp/internet-drafts/draft-ietf-nat-dns-alg-05.txt
/ftp/internet-drafts/draft-ietf-snanau-hpripmib-03.txt
/ftp/internet-drafts/draft-civanlar-hplp-02.txt
/ftp/internet-drafts/draft-ietf-dhc-autoconfig-05.txt
/ftp/internet-drafts/draft-ietf-snmpv3-vacm-05.txt
/ftp/internet-drafts/draft-ietf-diffserv-af-07.txt
/ftp/internet-drafts/draft-ietf-fax-reporting-extensions-06.txt
/ftp/internet-drafts/draft-ietf-madman-netsm-mib-08.txt
/ftp/internet-drafts/draft-ietf-hubmib-etherif-mib-v2-05.txt
/ftp/internet-drafts/draft-ietf-snmpv3-arch-06.txt
/ftp/internet-drafts/draft-ietf-entmib-v2-07.txt
/ftp/internet-drafts/draft-kaliski-pkcs-pkcs1v2-03.txt
/ftp/internet-drafts/draft-newman-deliver-04.txt
/ftp/internet-drafts/draft-ietf-tcpimpl-cong-control-06.txt
/ftp/internet-drafts/draft-ietf-snmpv3-appl-v2-04.txt
/ftp/internet-drafts/draft-gellens-format-07.txt
/ftp/internet-drafts/draft-carrel-info-pppoe-03.txt
/ftp/internet-drafts/draft-columbia-kermit-service-04.txt
/ftp/internet-drafts/draft-altman-telnet-kermit-server-04.txt
/ftp/internet-drafts/draft-ietf-rps-dbsec-pgp-authent-03.txt
/ftp/internet-drafts/draft-ietf-bmwg-mswitch-05.txt
/ftp/internet-drafts/draft-ietf-snmpv3-coex-09.txt
/ftp/internet-drafts/draft-ops-smiv2-smi-02.txt
/ftp/internet-drafts/draft-ops-smiv2-tc-02.txt
/ftp/internet-drafts/draft-ops-smiv2-conf-02.txt
/ftp/internet-drafts/draft-ietf-diffserv-phb-ef-03.txt
/ftp/internet-drafts/draft-ietf-cat-gssv2-javabind-06.txt
/ftp/internet-drafts/draft-ietf-ipngwg-resv-anycast-03.txt
/ftp/internet-drafts/draft-ietf-avt-rtpsample-07.txt
/ftp/internet-drafts/draft-ietf-snmpv3-mpc-06.txt
/ftp/internet-drafts/draft-ietf-dhc-options-uap-03.txt
/ftp/internet-drafts/draft-white-slapm-mib-08.txt
/ftp/internet-drafts/draft-ietf-dnsind-edns0-03.txt
/ftp/internet-drafts/draft-ietf-dnsind-rfc2052bis-06.txt
/ftp/internet-drafts/draft-needleman-mime-ill-03.txt
/ftp/internet-drafts/draft-ietf-rtfm-applicability-statement-05.txt
/ftp/internet-drafts/draft-ietf-trade-iotp-v1.0-protocol-08.txt
/ftp/internet-drafts/draft-ietf-conneg-feature-syntax-05.txt
/ftp/internet-drafts/draft-ietf-fax-feature-schema-06.txt
/ftp/internet-drafts/draft-ietf-fax-feature-T30-mapping-04.txt
/ftp/internet-drafts/draft-ietf-rps-dist-07.txt
/ftp/internet-drafts/draft-gleeson-vpn-framework-04.txt
/ftp/internet-drafts/draft-leach-digest-sasl-06.txt
/ftp/internet-drafts/draft-eastlake-selection-05.txt
/ftp/internet-drafts/draft-ietf-pppext-mschap-v2-05.txt
/ftp/internet-drafts/draft-itu-isoc-01.txt
/ftp/internet-drafts/draft-ietf-radius-ms-vsa-02.txt
/ftp/internet-drafts/draft-ietf-rap-cops-rsvp-06.txt
/ftp/internet-drafts/draft-rfced-info-blinov-02.txt
/ftp/internet-drafts/draft-ietf-uswg-fyi4-bis-02.txt
/ftp/internet-drafts/draft-ietf-ion-multiprotocol-atm-05.txt
/ftp/internet-drafts/draft-rfced-info-banan-02.txt
/ftp/internet-drafts/draft-ietf-pppext-sdl-07.txt
/ftp/internet-drafts/draft-ietf-trade-iotp-http-08.txt
/ftp/internet-drafts/draft-ietf-tcpimpl-newreno-03.txt
/ftp/internet-drafts/draft-rosen-vpn-mpls-02.txt
/ftp/internet-drafts/draft-ietf-nat-security-03.txt
/ftp/internet-drafts/draft-hoffman-utf16-06.txt
/ftp/internet-drafts/draft-ietf-madman-email-mib-07.txt
/ftp/internet-drafts/draft-freed-smtp-pipe-02.txt
/ftp/internet-drafts/draft-ietf-rmonmib-rmonprot-ref-02.txt
/ftp/internet-drafts/draft-ietf-mmusic-sap-v2-07.txt
/ftp/internet-drafts/draft-ietf-ipngwg-iana-tla-04.txt
/ftp/internet-drafts/draft-ietf-urn-naptr-rr-05.txt
/ftp/internet-drafts/draft-ietf-tls-http-upgrade-06.txt
/ftp/internet-drafts/draft-iab-rtrws-over-04.txt
/ftp/internet-drafts/draft-ietf-rps-rpsl-v2-04.txt
/ftp/internet-drafts/draft-ietf-ipp-implementers-guide-02.txt
/ftp/internet-drafts/draft-ietf-mobileip-challenge-14.txt
/ftp/internet-drafts/draft-montenegro-pilc-ltn-04.txt
/ftp/internet-drafts/draft-ietf-rap-signaled-priority-05.txt
/ftp/internet-drafts/draft-ietf-sigtran-framework-arch-04.txt
/ftp/internet-drafts/draft-ietf-rap-rsvp-identity-06.txt
/ftp/internet-drafts/draft-ietf-ippm-rt-delay-02.txt
/ftp/internet-drafts/draft-ietf-isis-dyname-04.txt
/ftp/internet-drafts/draft-iesg-http-cookies-04.txt
/ftp/internet-drafts/draft-blaze-ietf-trustmgt-keynote-03.txt
/ftp/internet-drafts/draft-ietf-nat-snmp-alg-06.txt
/ftp/internet-drafts/draft-pittet-gsnlan-05.txt
/ftp/internet-drafts/draft-ietf-idr-route-reflect-v2-04.txt
/ftp/internet-drafts/draft-stjohns-snmpv3-dhkeychange-mib-03.txt
/ftp/internet-drafts/draft-rfced-info-cabletron-vlan-01.txt
/ftp/internet-drafts/draft-wenzel-nsrc-04.txt
/ftp/internet-drafts/draft-rfced-info-cabletron-hello-01.txt
/ftp/internet-drafts/draft-rfced-info-cabletron-vls-02.txt
/ftp/internet-drafts/draft-bradner-1240.his-02.txt
/ftp/internet-drafts/draft-ietf-malloc-madcap-08.txt
/ftp/internet-drafts/draft-ietf-tcpimpl-pmtud-05.txt
/ftp/internet-drafts/draft-hopps-ecmp-algo-analysis-05.txt
/ftp/internet-drafts/draft-senie-directed-broadcast-04.txt
/ftp/internet-drafts/draft-nystrom-securid-sasl-03.txt
/ftp/internet-drafts/draft-ietf-trade-hiroshi-dom-hash-04.txt
/ftp/internet-drafts/draft-ietf-megaco-reqs-11.txt
/ftp/internet-drafts/draft-ietf-hubmib-ether-chipsets-03.txt
/ftp/internet-drafts/draft-ietf-pppext-pppoversonet-update-05.txt
/ftp/internet-drafts/draft-ietf-conneg-content-features-04.txt
/ftp/internet-drafts/draft-mrose-writing-rfcs-03.txt
/ftp/internet-drafts/draft-ietf-conneg-feature-type-04.txt
/ftp/internet-drafts/draft-ietf-ipp-protocol-v11-07.txt
/ftp/internet-drafts/draft-ietf-ipp-model-v11-08.txt
/ftp/internet-drafts/draft-ietf-conneg-feature-hash-06.txt
/ftp/internet-drafts/draft-ietf-dhc-subnet-option-08.txt
/ftp/internet-drafts/draft-ietf-mobileip-mn-nai-08.txt
/ftp/internet-drafts/draft-ietf-roamops-phonebook-xml-06.txt
/ftp/internet-drafts/draft-gellens-otasp-acap-02.txt
/ftp/internet-drafts/draft-ietf-ion-vpn-id-03.txt
/ftp/internet-drafts/draft-adams-cast-256-01.txt
/ftp/internet-drafts/draft-ietf-malloc-madcap-nest-opt-06.txt
/ftp/internet-drafts/draft-ietf-isis-domain-wide-04.txt
/ftp/internet-drafts/draft-ietf-ipngwg-jumbograms-02.txt
/ftp/internet-drafts/draft-ietf-pkix-dhpop-04.txt
/ftp/internet-drafts/draft-ietf-trade-iotp-v1.0-dsig-06.txt
/ftp/internet-drafts/draft-ietf-cat-lipkey-04.txt
/ftp/internet-drafts/draft-ietf-radius-radius-v2-07.txt
/ftp/internet-drafts/draft-ietf-radius-accounting-v2-06.txt
/ftp/internet-drafts/draft-ietf-grip-isp-expectations-07.txt
/ftp/internet-drafts/draft-carpenter-transparency-06.txt
/ftp/internet-drafts/draft-kunze-dchtml-03.txt
/ftp/internet-drafts/draft-schoenw-smx-01.txt
/ftp/internet-drafts/draft-ietf-megaco-protocol-09.txt
/ftp/internet-drafts/draft-ietf-smime-small-subgroup-04.txt
/ftp/internet-drafts/draft-chiu-network-wnfs-sec-nego-02.txt
/ftp/internet-drafts/draft-heinanen-diffserv-srtcm-02.txt
/ftp/internet-drafts/draft-heinanen-diffserv-trtcm-02.txt
/ftp/internet-drafts/draft-ietf-nfsv4-designconsider-04.txt
/ftp/internet-drafts/draft-ietf-ion-nhrp-vpn-04.txt
/ftp/internet-drafts/draft-ietf-smime-cmskea-06.txt
/ftp/internet-drafts/draft-ietf-issll-diffserv-rsvp-06.txt
/ftp/internet-drafts/draft-yu-routing-scaling-05.txt
/ftp/internet-drafts/draft-ietf-impp-model-04.txt
/ftp/internet-drafts/draft-smyslov-crypto-api-01.txt
/ftp/internet-drafts/draft-ryan-corba-schema-03.txt
/ftp/internet-drafts/draft-hoffman-char-lang-media-05.txt
/ftp/internet-drafts/draft-ietf-conneg-feature-syntax-er-01.txt
/ftp/internet-drafts/draft-ietf-poisson-listaup-03.txt
/ftp/internet-drafts/draft-ietf-poisson-mou-pso-01.txt
/ftp/internet-drafts/draft-ietf-trade-mime-detector-04.txt
/ftp/internet-drafts/draft-aiken-middleware-reqndef-03.txt
/ftp/internet-drafts/draft-ietf-impp-reqts-05.txt
/ftp/internet-drafts/draft-ietf-ipngwg-url-literal-05.txt
/ftp/internet-drafts/draft-kaliski-pkcs5-v2-05.txt
/ftp/internet-drafts/draft-ietf-dnsop-root-opreq-06.txt
/ftp/internet-drafts/draft-ietf-poisson-nomcom-v2-02.txt
/ftp/internet-drafts/draft-ietf-rap-cops-client-mib-04.txt
/ftp/internet-drafts/draft-eastlake-ecom-fields-02.txt
/ftp/internet-drafts/draft-tsiang-srp-03.txt
/ftp/internet-drafts/draft-ietf-nasreq-nasmodel-03.txt
/ftp/internet-drafts/draft-ietf-rmt-design-space-02.txt
/ftp/internet-drafts/draft-ietf-dhc-nsso-06.txt
/ftp/internet-drafts/draft-bonaventure-diffserv-rashaper-05.txt
/ftp/internet-drafts/draft-ietf-ngtrans-harden-05.txt
/ftp/internet-drafts/draft-ietf-xmldsig-requirements-04.txt
/ftp/internet-drafts/draft-ietf-poisson-pso-mou-02.txt
/ftp/internet-drafts/draft-kalt-irc-arch-01.txt
/ftp/internet-drafts/draft-kalt-irc-chan-02.txt
/ftp/internet-drafts/draft-kalt-irc-client-04.txt
/ftp/internet-drafts/draft-kalt-irc-server-03.txt
/ftp/internet-drafts/draft-ietf-agentx-rfc-update-04.txt
/ftp/internet-drafts/draft-huitema-megaco-mgcp-v1-04.txt
/ftp/internet-drafts/draft-daigle-tisdag-03.txt
/ftp/internet-drafts/draft-ietf-intserv-compress-03.txt
/ftp/internet-drafts/draft-ietf-pint-protocol-05.txt
/ftp/internet-drafts/draft-ietf-nasreq-ext-radiuspract-04.txt
/ftp/internet-drafts/draft-iab-firewall-req-03.txt
/ftp/internet-drafts/draft-eklof-dag-experiences-05.txt
/ftp/internet-drafts/draft-ietf-iptel-cpl-framework-03.txt
/ftp/internet-drafts/draft-ietf-avt-tones-08.txt
/ftp/internet-drafts/draft-ietf-nfsv4-08.txt
/ftp/internet-drafts/draft-daigle-arch-ids-06.txt
/ftp/internet-drafts/draft-altman-telnet-enc-des3-ofb-02.txt
/ftp/internet-drafts/draft-altman-telnet-enc-des3-cfb-02.txt
/ftp/internet-drafts/draft-ietf-rmonmib-rmonfull-03.txt
/ftp/internet-drafts/draft-bradner-iana-allocation-06.txt
/ftp/internet-drafts/draft-ietf-ngtrans-bis-01.txt
/ftp/internet-drafts/draft-ops-endpoint-mib-09.txt
/ftp/internet-drafts/draft-ietf-issll-dclass-02.txt
/ftp/internet-drafts/draft-ops-hostmib-02.txt
/ftp/internet-drafts/draft-shirey-security-glossary-03.txt
/ftp/internet-drafts/draft-altman-telnet-enc-cast128-cfb-01.txt
/ftp/internet-drafts/draft-altman-telnet-enc-cast128-ofb-01.txt
/ftp/internet-drafts/draft-iab-ntwlyrws-over-04.txt
/ftp/internet-drafts/draft-ietf-rps-iana-03.txt
/ftp/internet-drafts/draft-kzm-hcdata-types-06.txt
/ftp/internet-drafts/draft-srisuresh-secure-ra-03.txt
/ftp/internet-drafts/draft-floyd-sack-01.txt
/ftp/internet-drafts/draft-ietf-avt-rtp-text-06.txt
/ftp/internet-drafts/draft-ietf-smime-cast-128-03.txt
/ftp/internet-drafts/draft-ietf-bmwg-atm-term-01.txt
/ftp/internet-drafts/draft-ietf-issll-nullservice-01.txt
/ftp/internet-drafts/draft-connolly-text-html-03.txt
/ftp/internet-drafts/draft-ietf-sigtran-sctp-14.txt
/ftp/internet-drafts/draft-ietf-fax-feature-schema-v2-02.txt
/ftp/internet-drafts/draft-iab-rfc1601bis-05.txt
/ftp/internet-drafts/draft-ietf-pppext-bcp-05.txt
/ftp/internet-drafts/draft-ietf-diffserv-phbid-01.txt
/ftp/internet-drafts/draft-paxson-tcp-rto-02.txt
/ftp/internet-drafts/draft-ietf-avt-pointer-03.txt
/ftp/internet-drafts/draft-ietf-cnrp-goals-02.txt
/ftp/internet-drafts/draft-ietf-mboned-glop-addressing-03.txt
/ftp/internet-drafts/draft-ietf-mobileip-aaa-reqs-05.txt
/ftp/internet-drafts/draft-handley-tcp-cwv-03.txt
/ftp/internet-drafts/draft-ietf-sip-info-method-06.txt
/ftp/internet-drafts/draft-ietf-aaa-na-reqts-08.txt
/ftp/internet-drafts/draft-ietf-rap-rsvp-appid-02.txt
/ftp/internet-drafts/draft-fang-diffserv-tc-tswtcm-02.txt
/ftp/internet-drafts/draft-floyd-cong-05.txt
/ftp/internet-drafts/draft-meyer-gre-update-04.txt
/ftp/internet-drafts/draft-ietf-idr-bgp-route-refresh-02.txt
/ftp/internet-drafts/draft-vaudreuil-esmtp-binary2-04.txt
/ftp/internet-drafts/draft-ietf-frnetmib-mfrmib-05.txt
/ftp/internet-drafts/draft-hadi-jhsua-ecnperf-02.txt
/ftp/internet-drafts/draft-hollenbeck-rrp-02.txt
/ftp/internet-drafts/draft-ietf-avt-fecmime-02.txt
/ftp/internet-drafts/draft-muthukrishnan-mpls-corevpn-arch-04.txt
/ftp/internet-drafts/draft-ietf-aaa-acct-07.txt
/ftp/internet-drafts/draft-ietf-aaa-accounting-attributes-05.txt
/ftp/internet-drafts/draft-angelos-keynote-dsa-rsa-encoding-02.txt
/ftp/internet-drafts/draft-irtf-aaaarch-authorization-apps-02.txt
/ftp/internet-drafts/draft-irtf-aaaarch-authorization-reqs-02.txt
/ftp/internet-drafts/draft-irtf-aaaarch-authorization-framework-02.txt
/ftp/internet-drafts/draft-irtf-aaaarch-generic-02.txt
/ftp/internet-drafts/draft-iab-raven-02.txt
/ftp/internet-drafts/draft-ietf-dnsext-signing-auth-03.txt
/ftp/internet-drafts/draft-ietf-dnsext-simple-secure-update-03.txt
/ftp/internet-drafts/draft-iab-unique-dns-root-01.txt
/ftp/internet-drafts/draft-ietf-avt-rtp-mpeg4-es-06.txt
/ftp/internet-drafts/draft-ietf-dnsext-tkey-05.txt
/ftp/internet-drafts/draft-daigle-dag-mesh-03.txt
/ftp/internet-drafts/draft-ietf-dnsext-iana-dns-02.txt
/ftp/internet-drafts/draft-ietf-diffserv-tunnels-03.txt
/ftp/internet-drafts/draft-ietf-isis-wg-mesh-group-02.txt
/ftp/internet-drafts/draft-christey-imps-01.txt
/ftp/internet-drafts/draft-ietf-dnsext-sig-zero-03.txt
/ftp/internet-drafts/draft-ietf-dnsext-tsig-01.txt
/ftp/internet-drafts/draft-freed-charset-regist-04.txt
/ftp/internet-drafts/draft-iab-qos-03.txt
/ftp/internet-drafts/draft-dommety-gre-ext-05.txt
/ftp/internet-drafts/draft-iab-iana-mou-01.txt
/ftp/internet-drafts/draft-ietf-ngtrans-6bone-ptla-01.txt
/ftp/internet-drafts/draft-nystrom-pkcs9-v2-02.txt
/ftp/internet-drafts/draft-iab-i18n-dns-02.txt
/ftp/internet-drafts/draft-ietf-megaco-errata-04.txt
/ftp/internet-drafts/draft-ietf-enum-e164-dns-04.txt
/ftp/internet-drafts/draft-ietf-megaco-merged-02.txt
/ftp/internet-drafts/draft-ietf-spirits-implementations-03.txt
/ftp/internet-drafts/draft-cromwell-mgcp-advanced-audio-pkg-01.txt
/ftp/internet-drafts/draft-ietf-dhc-new-opt-msg-03.txt
/ftp/internet-drafts/draft-mealling-oid-urn-03.txt
/ftp/internet-drafts/draft-iab-wirelessws-02.txt
/ftp/internet-drafts/draft-retana-31bits-04.txt
/ftp/internet-drafts/draft-nystrom-pkcs10-v1-7-01.txt
/ftp/internet-drafts/draft-bogdanov-umsp-01.txt
/ftp/internet-drafts/draft-ietf-idr-bgp-confed-rfc1965bis-02.txt
/ftp/internet-drafts/draft-ietf-opes-architecture-06.txt
/ftp/internet-drafts/draft-ietf-opes-protocol-reqs-05.txt
