draft-adrangi-mobileip-natvpn-traversal
draft-allman-ftp-variable
draft-apple-schema-rqmts-list
draft-ballardie-cbt-overview
draft-bclaise-netflow-9
draft-bergkvist-boomerang-spec
draft-berkowitz-multirqmt
draft-bersani-eap-sharedkeymethods-documentationtemplate
draft-brownlee-acct-meter-mib
draft-camarillo-sipping-explode-method
draft-carpenter-ipng-6over4
draft-caviglia-mp2cp&cp2mp
draft-chuahli-mobileip-somip
draft-claise-netflow-version9
draft-day-srvloc-exclusion
draft-garudadri-qcp
draft-hain-templin-ipv6-limitedrange
draft-haripriya-ldapext-dynamicgroup
draft-haskin-ipv6-routing-aspects
draft-holtman-http-negotiation
draft-ietf-aaa-mobile-ip-req
draft-ietf-asid-ldapv3-lang
draft-ietf-asid-ldapv3ext
draft-ietf-avt-cellb-profile
draft-ietf-bmwg-ippm-treno-btc
draft-ietf-boreham-numsubordinates
draft-ietf-cat-krb-dns-locate
draft-ietf-cidrd-classless-inaddr
draft-ietf-dhc-relay
draft-ietf-dhc-v6exts
draft-ietf-dnsind-edns1
draft-ietf-http-feature-reg
draft-ietf-http-pep
draft-ietf-iab-case-for-ipv6
draft-ietf-idmr-igmpv3-and-routing
draft-ietf-ipngwg-default-addr-select
draft-ietf-ipngwg-dns-discovery
draft-ietf-ipngwg-ipaddressassign
draft-ietf-ipngwg-router-selection
draft-ietf-ipsec-photuris
draft-ietf-krbwg-ocsp-for-pkinit
draft-ietf-mobileip-fast-mipv6
draft-ietf-mobileip-hmipv6
draft-ietf-msdp-deploy
draft-ietf-ngtrans-6bone-routing-issues
draft-ietf-pkix-proxy-06.txtdraft-ietf-pkix-proxy
draft-ietf-ppvpn-applicability-guidelines
draft-ietf-ppvpn-bgpvpn-auto
draft-ietf-ppvpn-framework
draft-ietf-ppvpn-generic-reqts
draft-ietf-ppvpn-gre-ip-2547
draft-ietf-ppvpn-ipsec-2547
draft-ietf-ppvpn-l2-framework
draft-ietf-ppvpn-l3vpn-auth
draft-ietf-ppvpn-mpls-vpn-mib
draft-ietf-ppvpn-ospf-2547
draft-ietf-ppvpn-requirements
draft-ietf-ppvpn-rfc2547bis
draft-ietf-ppvpn-vpls-requirements
draft-ietf-ppvpn-vpn-vr
draft-ietf-rmonmib-rmonprot-v2
draft-ietf-rmt-bb-fec-supp-inband
draft-ietf-sigtran-signalling-over-sctp-applicability
draft-ietf-trade-ecml2-req-03.txtdraft-ietf-trade-ecml2-req
draft-ietf-v6ops-3gpp-ipv6use
draft-ipv6-ata-anycast-resolving
draft-katsube-router-atm-overview
draft-lior-radius-extensions-for-prepaid
draft-luotonen-http-url-byterange
draft-luotonen-ssl-tunneling
draft-mahy-sipping-join-and-fork
draft-mani-ietf-capwap-arch
draft-martin-nsis-nslp-natfw-security
draft-montavont-mobileip-mmi
draft-moriarty-ddos-mib
draft-moyer-sip-appliances-framework-02.pdf
draft-nadeau-ip-basedtool-requirements
draft-nadeau-mpls-lc-if-mib
draft-ops-taddress-mib
draft-perkins-rtp-redundancy
draft-perrig-msec-tesla-intro
draft-pessi-calsch-isip
draft-radoaca-ppvpn-gvpls
draft-rosen-sipping-dialstring
draft-saifullah-rohc-ip-addr-comp-context-replication
draft-sanchez-ops-ip-config-management-reqmnts
draft-seamoby-paging-problem-statement
draft-shelby-seamoby-cellularipv6
draft-shiomoto-ccamp-cplane-arch
draft-shockey-enum-privacy-security
draft-sigtran-signalling-over-sctp-applicability
draft-stewart-prsctp
draft-talpade-ipatm-marsmcs
draft-terrell-iptx-spec-def-cidr-ach-net-descrip-00.pdf
draft-thaler-dvmrp-mib
draft-turk-ertb
draft-vainshtein-pwe3-tdm-control-protocol-extension
draft-wang-rsvp-state-compression
draft-weijing-lap-ops-user
draft-white-sobgp-bgp-extensions
draft-yasukawa-mpls-p2mp-requirement
draft-yavatkar-sbm-ethernet
draft-zeng-rtsp-end-of-stream
